{"/Users/outkastpanda/windsurf-projects/robertos-inventory-app/babel-plugin-import-meta-fix.js": {"path":"/Users/outkastpanda/windsurf-projects/robertos-inventory-app/babel-plugin-import-meta-fix.js","statementMap":{"0":{"start":{"line":1,"column":0},"end":{"line":24,"column":2}},"1":{"start":{"line":2,"column":2},"end":{"line":23,"column":4}},"2":{"start":{"line":6,"column":8},"end":{"line":20,"column":9}},"3":{"start":{"line":8,"column":10},"end":{"line":19,"column":11}},"4":{"start":{"line":10,"column":12},"end":{"line":15,"column":14}},"5":{"start":{"line":18,"column":12},"end":{"line":18,"column":53}}},"fnMap":{"0":{"name":"(anonymous_0)","decl":{"start":{"line":1,"column":17},"end":{"line":1,"column":18}},"loc":{"start":{"line":1,"column":40},"end":{"line":24,"column":1}},"line":1},"1":{"name":"(anonymous_1)","decl":{"start":{"line":5,"column":6},"end":{"line":5,"column":7}},"loc":{"start":{"line":5,"column":25},"end":{"line":21,"column":7}},"line":5}},"branchMap":{"0":{"loc":{"start":{"line":6,"column":8},"end":{"line":20,"column":9}},"type":"if","locations":[{"start":{"line":6,"column":8},"end":{"line":20,"column":9}},{"start":{},"end":{}}],"line":6},"1":{"loc":{"start":{"line":6,"column":12},"end":{"line":6,"column":82}},"type":"binary-expr","locations":[{"start":{"line":6,"column":12},"end":{"line":6,"column":44}},{"start":{"line":6,"column":48},"end":{"line":6,"column":82}}],"line":6},"2":{"loc":{"start":{"line":8,"column":10},"end":{"line":19,"column":11}},"type":"if","locations":[{"start":{"line":8,"column":10},"end":{"line":19,"column":11}},{"start":{"line":16,"column":17},"end":{"line":19,"column":11}}],"line":8},"3":{"loc":{"start":{"line":8,"column":14},"end":{"line":8,"column":73}},"type":"binary-expr","locations":[{"start":{"line":8,"column":14},"end":{"line":8,"column":34}},{"start":{"line":8,"column":38},"end":{"line":8,"column":73}}],"line":8}},"s":{"0":0,"1":0,"2":0,"3":0,"4":0,"5":0},"f":{"0":0,"1":0},"b":{"0":[0,0],"1":[0,0],"2":[0,0],"3":[0,0]}}
,"/Users/outkastpanda/windsurf-projects/robertos-inventory-app/eslint.config.js": {"path":"/Users/outkastpanda/windsurf-projects/robertos-inventory-app/eslint.config.js","statementMap":{"0":{"start":{"line":2,"column":25},"end":{"line":2,"column":49}},"1":{"start":{"line":3,"column":19},"end":{"line":3,"column":53}},"2":{"start":{"line":5,"column":0},"end":{"line":10,"column":3}}},"fnMap":{},"branchMap":{},"s":{"0":0,"1":0,"2":0},"f":{},"b":{}}
,"/Users/outkastpanda/windsurf-projects/robertos-inventory-app/expo-env.d.ts": {"path":"/Users/outkastpanda/windsurf-projects/robertos-inventory-app/expo-env.d.ts","statementMap":{},"fnMap":{},"branchMap":{},"s":{},"f":{},"b":{}}
,"/Users/outkastpanda/windsurf-projects/robertos-inventory-app/jest.environment.js": {"path":"/Users/outkastpanda/windsurf-projects/robertos-inventory-app/jest.environment.js","statementMap":{"0":{"start":{"line":1,"column":24},"end":{"line":1,"column":64}},"1":{"start":{"line":5,"column":4},"end":{"line":5,"column":27}},"2":{"start":{"line":9,"column":4},"end":{"line":9,"column":24}},"3":{"start":{"line":12,"column":4},"end":{"line":16,"column":6}},"4":{"start":{"line":19,"column":4},"end":{"line":19,"column":53}},"5":{"start":{"line":22,"column":4},"end":{"line":22,"column":75}},"6":{"start":{"line":22,"column":43},"end":{"line":22,"column":74}},"7":{"start":{"line":25,"column":4},"end":{"line":25,"column":41}},"8":{"start":{"line":29,"column":4},"end":{"line":29,"column":27}},"9":{"start":{"line":33,"column":0},"end":{"line":33,"column":39}}},"fnMap":{"0":{"name":"(anonymous_0)","decl":{"start":{"line":4,"column":2},"end":{"line":4,"column":3}},"loc":{"start":{"line":4,"column":31},"end":{"line":6,"column":3}},"line":4},"1":{"name":"(anonymous_1)","decl":{"start":{"line":8,"column":2},"end":{"line":8,"column":3}},"loc":{"start":{"line":8,"column":16},"end":{"line":26,"column":3}},"line":8},"2":{"name":"(anonymous_2)","decl":{"start":{"line":22,"column":34},"end":{"line":22,"column":35}},"loc":{"start":{"line":22,"column":43},"end":{"line":22,"column":74}},"line":22},"3":{"name":"(anonymous_3)","decl":{"start":{"line":28,"column":2},"end":{"line":28,"column":3}},"loc":{"start":{"line":28,"column":19},"end":{"line":30,"column":3}},"line":28}},"branchMap":{},"s":{"0":0,"1":0,"2":0,"3":0,"4":0,"5":0,"6":0,"7":0,"8":0,"9":0},"f":{"0":0,"1":0,"2":0,"3":0},"b":{}}
,"/Users/outkastpanda/windsurf-projects/robertos-inventory-app/.expo/types/router.d.ts": {"path":"/Users/outkastpanda/windsurf-projects/robertos-inventory-app/.expo/types/router.d.ts","statementMap":{},"fnMap":{},"branchMap":{},"s":{},"f":{},"b":{}}
,"/Users/outkastpanda/windsurf-projects/robertos-inventory-app/app/_layout.tsx": {"path":"/Users/outkastpanda/windsurf-projects/robertos-inventory-app/app/_layout.tsx","statementMap":{"0":{"start":{"line":13,"column":33},"end":{"line":15,"column":1}},"1":{"start":{"line":18,"column":22},"end":{"line":18,"column":38}},"2":{"start":{"line":19,"column":29},"end":{"line":19,"column":43}},"3":{"start":{"line":20,"column":46},"end":{"line":20,"column":60}},"4":{"start":{"line":22,"column":2},"end":{"line":46,"column":23}},"5":{"start":{"line":23,"column":26},"end":{"line":43,"column":5}},"6":{"start":{"line":24,"column":6},"end":{"line":42,"column":7}},"7":{"start":{"line":25,"column":8},"end":{"line":25,"column":54}},"8":{"start":{"line":28,"column":8},"end":{"line":28,"column":29}},"9":{"start":{"line":29,"column":8},"end":{"line":29,"column":44}},"10":{"start":{"line":32,"column":8},"end":{"line":32,"column":34}},"11":{"start":{"line":33,"column":8},"end":{"line":33,"column":44}},"12":{"start":{"line":36,"column":8},"end":{"line":36,"column":31}},"13":{"start":{"line":37,"column":8},"end":{"line":37,"column":40}},"14":{"start":{"line":39,"column":8},"end":{"line":39,"column":59}},"15":{"start":{"line":41,"column":8},"end":{"line":41,"column":33}},"16":{"start":{"line":45,"column":4},"end":{"line":45,"column":20}},"17":{"start":{"line":49,"column":2},"end":{"line":51,"column":3}},"18":{"start":{"line":50,"column":4},"end":{"line":50,"column":29}},"19":{"start":{"line":53,"column":2},"end":{"line":70,"column":4}}},"fnMap":{"0":{"name":"RootLayout","decl":{"start":{"line":17,"column":24},"end":{"line":17,"column":34}},"loc":{"start":{"line":17,"column":37},"end":{"line":71,"column":1}},"line":17},"1":{"name":"(anonymous_1)","decl":{"start":{"line":22,"column":12},"end":{"line":22,"column":13}},"loc":{"start":{"line":22,"column":18},"end":{"line":46,"column":3}},"line":22},"2":{"name":"(anonymous_2)","decl":{"start":{"line":23,"column":26},"end":{"line":23,"column":27}},"loc":{"start":{"line":23,"column":38},"end":{"line":43,"column":5}},"line":23}},"branchMap":{"0":{"loc":{"start":{"line":49,"column":2},"end":{"line":51,"column":3}},"type":"if","locations":[{"start":{"line":49,"column":2},"end":{"line":51,"column":3}},{"start":{},"end":{}}],"line":49},"1":{"loc":{"start":{"line":55,"column":28},"end":{"line":55,"column":77}},"type":"cond-expr","locations":[{"start":{"line":55,"column":53},"end":{"line":55,"column":62}},{"start":{"line":55,"column":65},"end":{"line":55,"column":77}}],"line":55}},"s":{"0":0,"1":0,"2":0,"3":0,"4":0,"5":0,"6":0,"7":0,"8":0,"9":0,"10":0,"11":0,"12":0,"13":0,"14":0,"15":0,"16":0,"17":0,"18":0,"19":0},"f":{"0":0,"1":0,"2":0},"b":{"0":[0,0],"1":[0,0]}}
,"/Users/outkastpanda/windsurf-projects/robertos-inventory-app/app/modal.tsx": {"path":"/Users/outkastpanda/windsurf-projects/robertos-inventory-app/app/modal.tsx","statementMap":{"0":{"start":{"line":8,"column":21},"end":{"line":8,"column":63}},"1":{"start":{"line":10,"column":2},"end":{"line":16,"column":3}},"2":{"start":{"line":11,"column":4},"end":{"line":15,"column":6}},"3":{"start":{"line":18,"column":2},"end":{"line":18,"column":61}}},"fnMap":{"0":{"name":"ModalScreen","decl":{"start":{"line":7,"column":24},"end":{"line":7,"column":35}},"loc":{"start":{"line":7,"column":38},"end":{"line":19,"column":1}},"line":7}},"branchMap":{"0":{"loc":{"start":{"line":10,"column":2},"end":{"line":16,"column":3}},"type":"if","locations":[{"start":{"line":10,"column":2},"end":{"line":16,"column":3}},{"start":{},"end":{}}],"line":10}},"s":{"0":0,"1":0,"2":0,"3":0},"f":{"0":0},"b":{"0":[0,0]}}
,"/Users/outkastpanda/windsurf-projects/robertos-inventory-app/app/(tabs)/_layout.tsx": {"path":"/Users/outkastpanda/windsurf-projects/robertos-inventory-app/app/(tabs)/_layout.tsx","statementMap":{"0":{"start":{"line":12,"column":22},"end":{"line":12,"column":38}},"1":{"start":{"line":13,"column":17},"end":{"line":13,"column":28}},"2":{"start":{"line":14,"column":70},"end":{"line":14,"column":84}},"3":{"start":{"line":15,"column":48},"end":{"line":15,"column":63}},"4":{"start":{"line":18,"column":2},"end":{"line":20,"column":3}},"5":{"start":{"line":19,"column":4},"end":{"line":19,"column":16}},"6":{"start":{"line":22,"column":25},"end":{"line":22,"column":79}},"7":{"start":{"line":23,"column":25},"end":{"line":23,"column":47}},"8":{"start":{"line":24,"column":30},"end":{"line":24,"column":84}},"9":{"start":{"line":26,"column":23},"end":{"line":32,"column":3}},"10":{"start":{"line":27,"column":4},"end":{"line":27,"column":36}},"11":{"start":{"line":28,"column":4},"end":{"line":28,"column":13}},"12":{"start":{"line":30,"column":4},"end":{"line":30,"column":52}},"13":{"start":{"line":31,"column":4},"end":{"line":31,"column":30}},"14":{"start":{"line":34,"column":29},"end":{"line":37,"column":3}},"15":{"start":{"line":35,"column":4},"end":{"line":35,"column":33}},"16":{"start":{"line":36,"column":4},"end":{"line":36,"column":30}},"17":{"start":{"line":39,"column":2},"end":{"line":105,"column":4}},"18":{"start":{"line":52,"column":39},"end":{"line":52,"column":95}},"19":{"start":{"line":59,"column":39},"end":{"line":59,"column":99}},"20":{"start":{"line":67,"column":39},"end":{"line":67,"column":98}},"21":{"start":{"line":75,"column":39},"end":{"line":75,"column":96}},"22":{"start":{"line":83,"column":39},"end":{"line":83,"column":90}},"23":{"start":{"line":87,"column":14},"end":{"line":87,"column":48}},"24":{"start":{"line":88,"column":14},"end":{"line":88,"column":33}},"25":{"start":{"line":89,"column":14},"end":{"line":89,"column":39}}},"fnMap":{"0":{"name":"TabLayout","decl":{"start":{"line":11,"column":24},"end":{"line":11,"column":33}},"loc":{"start":{"line":11,"column":36},"end":{"line":106,"column":1}},"line":11},"1":{"name":"(anonymous_1)","decl":{"start":{"line":26,"column":23},"end":{"line":26,"column":24}},"loc":{"start":{"line":26,"column":29},"end":{"line":32,"column":3}},"line":26},"2":{"name":"(anonymous_2)","decl":{"start":{"line":34,"column":29},"end":{"line":34,"column":30}},"loc":{"start":{"line":34,"column":35},"end":{"line":37,"column":3}},"line":34},"3":{"name":"(anonymous_3)","decl":{"start":{"line":52,"column":24},"end":{"line":52,"column":25}},"loc":{"start":{"line":52,"column":39},"end":{"line":52,"column":95}},"line":52},"4":{"name":"(anonymous_4)","decl":{"start":{"line":59,"column":24},"end":{"line":59,"column":25}},"loc":{"start":{"line":59,"column":39},"end":{"line":59,"column":99}},"line":59},"5":{"name":"(anonymous_5)","decl":{"start":{"line":67,"column":24},"end":{"line":67,"column":25}},"loc":{"start":{"line":67,"column":39},"end":{"line":67,"column":98}},"line":67},"6":{"name":"(anonymous_6)","decl":{"start":{"line":75,"column":24},"end":{"line":75,"column":25}},"loc":{"start":{"line":75,"column":39},"end":{"line":75,"column":96}},"line":75},"7":{"name":"(anonymous_7)","decl":{"start":{"line":83,"column":24},"end":{"line":83,"column":25}},"loc":{"start":{"line":83,"column":39},"end":{"line":83,"column":90}},"line":83},"8":{"name":"(anonymous_8)","decl":{"start":{"line":86,"column":22},"end":{"line":86,"column":23}},"loc":{"start":{"line":86,"column":29},"end":{"line":90,"column":13}},"line":86}},"branchMap":{"0":{"loc":{"start":{"line":18,"column":2},"end":{"line":20,"column":3}},"type":"if","locations":[{"start":{"line":18,"column":2},"end":{"line":20,"column":3}},{"start":{},"end":{}}],"line":18},"1":{"loc":{"start":{"line":18,"column":6},"end":{"line":18,"column":33}},"type":"binary-expr","locations":[{"start":{"line":18,"column":6},"end":{"line":18,"column":20}},{"start":{"line":18,"column":24},"end":{"line":18,"column":33}}],"line":18},"2":{"loc":{"start":{"line":22,"column":25},"end":{"line":22,"column":79}},"type":"binary-expr","locations":[{"start":{"line":22,"column":25},"end":{"line":22,"column":35}},{"start":{"line":22,"column":39},"end":{"line":22,"column":79}}],"line":22},"3":{"loc":{"start":{"line":24,"column":30},"end":{"line":24,"column":84}},"type":"binary-expr","locations":[{"start":{"line":24,"column":30},"end":{"line":24,"column":40}},{"start":{"line":24,"column":44},"end":{"line":24,"column":84}}],"line":24},"4":{"loc":{"start":{"line":43,"column":40},"end":{"line":43,"column":62}},"type":"binary-expr","locations":[{"start":{"line":43,"column":40},"end":{"line":43,"column":51}},{"start":{"line":43,"column":55},"end":{"line":43,"column":62}}],"line":43},"5":{"loc":{"start":{"line":46,"column":23},"end":{"line":46,"column":72}},"type":"cond-expr","locations":[{"start":{"line":46,"column":41},"end":{"line":46,"column":50}},{"start":{"line":46,"column":53},"end":{"line":46,"column":72}}],"line":46},"6":{"loc":{"start":{"line":60,"column":18},"end":{"line":60,"column":59}},"type":"cond-expr","locations":[{"start":{"line":60,"column":35},"end":{"line":60,"column":52}},{"start":{"line":60,"column":55},"end":{"line":60,"column":59}}],"line":60},"7":{"loc":{"start":{"line":68,"column":18},"end":{"line":68,"column":64}},"type":"cond-expr","locations":[{"start":{"line":68,"column":35},"end":{"line":68,"column":57}},{"start":{"line":68,"column":60},"end":{"line":68,"column":64}}],"line":68},"8":{"loc":{"start":{"line":76,"column":18},"end":{"line":76,"column":74}},"type":"cond-expr","locations":[{"start":{"line":76,"column":40},"end":{"line":76,"column":67}},{"start":{"line":76,"column":70},"end":{"line":76,"column":74}}],"line":76}},"s":{"0":0,"1":0,"2":0,"3":0,"4":0,"5":0,"6":0,"7":0,"8":0,"9":0,"10":0,"11":0,"12":0,"13":0,"14":0,"15":0,"16":0,"17":0,"18":0,"19":0,"20":0,"21":0,"22":0,"23":0,"24":0,"25":0},"f":{"0":0,"1":0,"2":0,"3":0,"4":0,"5":0,"6":0,"7":0,"8":0},"b":{"0":[0,0],"1":[0,0],"2":[0,0],"3":[0,0],"4":[0,0],"5":[0,0],"6":[0,0],"7":[0,0],"8":[0,0]}}
,"/Users/outkastpanda/windsurf-projects/robertos-inventory-app/app/(tabs)/index.tsx": {"path":"/Users/outkastpanda/windsurf-projects/robertos-inventory-app/app/(tabs)/index.tsx","statementMap":{"0":{"start":{"line":10,"column":17},"end":{"line":10,"column":28}},"1":{"start":{"line":11,"column":56},"end":{"line":11,"column":65}},"2":{"start":{"line":14,"column":2},"end":{"line":16,"column":3}},"3":{"start":{"line":15,"column":4},"end":{"line":15,"column":29}},"4":{"start":{"line":19,"column":2},"end":{"line":27,"column":3}},"5":{"start":{"line":20,"column":4},"end":{"line":26,"column":6}},"6":{"start":{"line":30,"column":2},"end":{"line":34,"column":4}}},"fnMap":{"0":{"name":"HomeScreen","decl":{"start":{"line":9,"column":24},"end":{"line":9,"column":34}},"loc":{"start":{"line":9,"column":37},"end":{"line":35,"column":1}},"line":9},"1":{"name":"(anonymous_1)","decl":{"start":{"line":22,"column":24},"end":{"line":22,"column":25}},"loc":{"start":{"line":22,"column":30},"end":{"line":24,"column":9}},"line":22}},"branchMap":{"0":{"loc":{"start":{"line":14,"column":2},"end":{"line":16,"column":3}},"type":"if","locations":[{"start":{"line":14,"column":2},"end":{"line":16,"column":3}},{"start":{},"end":{}}],"line":14},"1":{"loc":{"start":{"line":14,"column":6},"end":{"line":14,"column":33}},"type":"binary-expr","locations":[{"start":{"line":14,"column":6},"end":{"line":14,"column":20}},{"start":{"line":14,"column":24},"end":{"line":14,"column":33}}],"line":14},"2":{"loc":{"start":{"line":19,"column":2},"end":{"line":27,"column":3}},"type":"if","locations":[{"start":{"line":19,"column":2},"end":{"line":27,"column":3}},{"start":{},"end":{}}],"line":19}},"s":{"0":0,"1":0,"2":0,"3":0,"4":0,"5":0,"6":0},"f":{"0":0,"1":0},"b":{"0":[0,0],"1":[0,0],"2":[0,0]}}
,"/Users/outkastpanda/windsurf-projects/robertos-inventory-app/app/(tabs)/logout.tsx": {"path":"/Users/outkastpanda/windsurf-projects/robertos-inventory-app/app/(tabs)/logout.tsx","statementMap":{"0":{"start":{"line":8,"column":17},"end":{"line":8,"column":28}},"1":{"start":{"line":10,"column":23},"end":{"line":12,"column":3}},"2":{"start":{"line":11,"column":4},"end":{"line":11,"column":24}},"3":{"start":{"line":14,"column":2},"end":{"line":23,"column":4}},"4":{"start":{"line":26,"column":15},"end":{"line":53,"column":2}}},"fnMap":{"0":{"name":"LogoutScreen","decl":{"start":{"line":7,"column":24},"end":{"line":7,"column":36}},"loc":{"start":{"line":7,"column":39},"end":{"line":24,"column":1}},"line":7},"1":{"name":"(anonymous_1)","decl":{"start":{"line":10,"column":23},"end":{"line":10,"column":24}},"loc":{"start":{"line":10,"column":29},"end":{"line":12,"column":3}},"line":10}},"branchMap":{},"s":{"0":0,"1":0,"2":0,"3":0,"4":0},"f":{"0":0,"1":0},"b":{}}
,"/Users/outkastpanda/windsurf-projects/robertos-inventory-app/app/(tabs)/manage-categories.tsx": {"path":"/Users/outkastpanda/windsurf-projects/robertos-inventory-app/app/(tabs)/manage-categories.tsx","statementMap":{"0":{"start":{"line":6,"column":2},"end":{"line":10,"column":4}},"1":{"start":{"line":13,"column":15},"end":{"line":18,"column":2}}},"fnMap":{"0":{"name":"ManageCategoriesScreen","decl":{"start":{"line":5,"column":24},"end":{"line":5,"column":46}},"loc":{"start":{"line":5,"column":49},"end":{"line":11,"column":1}},"line":5}},"branchMap":{},"s":{"0":0,"1":0},"f":{"0":0},"b":{}}
,"/Users/outkastpanda/windsurf-projects/robertos-inventory-app/app/(tabs)/manage-users.tsx": {"path":"/Users/outkastpanda/windsurf-projects/robertos-inventory-app/app/(tabs)/manage-users.tsx","statementMap":{"0":{"start":{"line":33,"column":32},"end":{"line":33,"column":41}},"1":{"start":{"line":34,"column":28},"end":{"line":34,"column":48}},"2":{"start":{"line":35,"column":32},"end":{"line":35,"column":46}},"3":{"start":{"line":36,"column":48},"end":{"line":36,"column":63}},"4":{"start":{"line":37,"column":50},"end":{"line":37,"column":65}},"5":{"start":{"line":38,"column":40},"end":{"line":38,"column":67}},"6":{"start":{"line":39,"column":32},"end":{"line":45,"column":4}},"7":{"start":{"line":46,"column":42},"end":{"line":52,"column":4}},"8":{"start":{"line":54,"column":2},"end":{"line":56,"column":9}},"9":{"start":{"line":55,"column":4},"end":{"line":55,"column":16}},"10":{"start":{"line":58,"column":20},"end":{"line":68,"column":3}},"11":{"start":{"line":59,"column":4},"end":{"line":59,"column":21}},"12":{"start":{"line":60,"column":4},"end":{"line":67,"column":5}},"13":{"start":{"line":61,"column":23},"end":{"line":61,"column":49}},"14":{"start":{"line":62,"column":6},"end":{"line":62,"column":25}},"15":{"start":{"line":64,"column":6},"end":{"line":64,"column":52}},"16":{"start":{"line":66,"column":6},"end":{"line":66,"column":24}},"17":{"start":{"line":70,"column":24},"end":{"line":104,"column":3}},"18":{"start":{"line":71,"column":4},"end":{"line":74,"column":5}},"19":{"start":{"line":72,"column":6},"end":{"line":72,"column":65}},"20":{"start":{"line":73,"column":6},"end":{"line":73,"column":13}},"21":{"start":{"line":76,"column":4},"end":{"line":79,"column":5}},"22":{"start":{"line":77,"column":6},"end":{"line":77,"column":53}},"23":{"start":{"line":78,"column":6},"end":{"line":78,"column":13}},"24":{"start":{"line":81,"column":4},"end":{"line":84,"column":5}},"25":{"start":{"line":82,"column":6},"end":{"line":82,"column":64}},"26":{"start":{"line":83,"column":6},"end":{"line":83,"column":13}},"27":{"start":{"line":86,"column":4},"end":{"line":89,"column":5}},"28":{"start":{"line":87,"column":6},"end":{"line":87,"column":59}},"29":{"start":{"line":88,"column":6},"end":{"line":88,"column":13}},"30":{"start":{"line":91,"column":4},"end":{"line":103,"column":5}},"31":{"start":{"line":92,"column":22},"end":{"line":92,"column":55}},"32":{"start":{"line":93,"column":6},"end":{"line":100,"column":7}},"33":{"start":{"line":94,"column":8},"end":{"line":94,"column":34}},"34":{"start":{"line":95,"column":8},"end":{"line":95,"column":94}},"35":{"start":{"line":96,"column":8},"end":{"line":96,"column":20}},"36":{"start":{"line":97,"column":8},"end":{"line":97,"column":60}},"37":{"start":{"line":99,"column":8},"end":{"line":99,"column":54}},"38":{"start":{"line":102,"column":6},"end":{"line":102,"column":52}},"39":{"start":{"line":106,"column":31},"end":{"line":136,"column":3}},"40":{"start":{"line":107,"column":4},"end":{"line":110,"column":5}},"41":{"start":{"line":108,"column":6},"end":{"line":108,"column":69}},"42":{"start":{"line":109,"column":6},"end":{"line":109,"column":13}},"43":{"start":{"line":112,"column":4},"end":{"line":135,"column":6}},"44":{"start":{"line":121,"column":12},"end":{"line":131,"column":13}},"45":{"start":{"line":122,"column":30},"end":{"line":122,"column":67}},"46":{"start":{"line":123,"column":14},"end":{"line":128,"column":15}},"47":{"start":{"line":124,"column":16},"end":{"line":124,"column":28}},"48":{"start":{"line":125,"column":16},"end":{"line":125,"column":72}},"49":{"start":{"line":127,"column":16},"end":{"line":127,"column":66}},"50":{"start":{"line":130,"column":14},"end":{"line":130,"column":64}},"51":{"start":{"line":138,"column":25},"end":{"line":148,"column":3}},"52":{"start":{"line":139,"column":4},"end":{"line":139,"column":25}},"53":{"start":{"line":140,"column":4},"end":{"line":146,"column":7}},"54":{"start":{"line":147,"column":4},"end":{"line":147,"column":30}},"55":{"start":{"line":150,"column":27},"end":{"line":201,"column":3}},"56":{"start":{"line":151,"column":4},"end":{"line":151,"column":29}},"57":{"start":{"line":151,"column":22},"end":{"line":151,"column":29}},"58":{"start":{"line":153,"column":4},"end":{"line":156,"column":5}},"59":{"start":{"line":154,"column":6},"end":{"line":154,"column":47}},"60":{"start":{"line":155,"column":6},"end":{"line":155,"column":13}},"61":{"start":{"line":159,"column":4},"end":{"line":174,"column":5}},"62":{"start":{"line":160,"column":6},"end":{"line":163,"column":7}},"63":{"start":{"line":161,"column":8},"end":{"line":161,"column":59}},"64":{"start":{"line":162,"column":8},"end":{"line":162,"column":15}},"65":{"start":{"line":165,"column":6},"end":{"line":168,"column":7}},"66":{"start":{"line":166,"column":8},"end":{"line":166,"column":65}},"67":{"start":{"line":167,"column":8},"end":{"line":167,"column":15}},"68":{"start":{"line":170,"column":6},"end":{"line":173,"column":7}},"69":{"start":{"line":171,"column":8},"end":{"line":171,"column":61}},"70":{"start":{"line":172,"column":8},"end":{"line":172,"column":15}},"71":{"start":{"line":176,"column":4},"end":{"line":200,"column":5}},"72":{"start":{"line":177,"column":42},"end":{"line":181,"column":7}},"73":{"start":{"line":184,"column":6},"end":{"line":186,"column":7}},"74":{"start":{"line":185,"column":8},"end":{"line":185,"column":42}},"75":{"start":{"line":188,"column":26},"end":{"line":188,"column":62}},"76":{"start":{"line":189,"column":6},"end":{"line":197,"column":7}},"77":{"start":{"line":190,"column":8},"end":{"line":190,"column":35}},"78":{"start":{"line":191,"column":8},"end":{"line":191,"column":29}},"79":{"start":{"line":192,"column":8},"end":{"line":192,"column":93}},"80":{"start":{"line":193,"column":8},"end":{"line":193,"column":20}},"81":{"start":{"line":194,"column":8},"end":{"line":194,"column":60}},"82":{"start":{"line":196,"column":8},"end":{"line":196,"column":54}},"83":{"start":{"line":199,"column":6},"end":{"line":199,"column":52}},"84":{"start":{"line":203,"column":28},"end":{"line":214,"column":3}},"85":{"start":{"line":204,"column":4},"end":{"line":204,"column":32}},"86":{"start":{"line":204,"column":22},"end":{"line":204,"column":32}},"87":{"start":{"line":206,"column":4},"end":{"line":213,"column":5}},"88":{"start":{"line":208,"column":8},"end":{"line":208,"column":32}},"89":{"start":{"line":210,"column":8},"end":{"line":210,"column":66}},"90":{"start":{"line":212,"column":8},"end":{"line":212,"column":18}},"91":{"start":{"line":216,"column":24},"end":{"line":221,"column":3}},"92":{"start":{"line":217,"column":4},"end":{"line":217,"column":35}},"93":{"start":{"line":217,"column":22},"end":{"line":217,"column":35}},"94":{"start":{"line":218,"column":4},"end":{"line":218,"column":50}},"95":{"start":{"line":218,"column":37},"end":{"line":218,"column":50}},"96":{"start":{"line":220,"column":4},"end":{"line":220,"column":66}},"97":{"start":{"line":223,"column":27},"end":{"line":238,"column":3}},"98":{"start":{"line":225,"column":4},"end":{"line":237,"column":5}},"99":{"start":{"line":226,"column":6},"end":{"line":236,"column":7}},"100":{"start":{"line":227,"column":24},"end":{"line":227,"column":57}},"101":{"start":{"line":228,"column":8},"end":{"line":233,"column":9}},"102":{"start":{"line":229,"column":10},"end":{"line":229,"column":22}},"103":{"start":{"line":230,"column":10},"end":{"line":230,"column":62}},"104":{"start":{"line":232,"column":10},"end":{"line":232,"column":56}},"105":{"start":{"line":235,"column":8},"end":{"line":235,"column":54}},"106":{"start":{"line":240,"column":22},"end":{"line":245,"column":3}},"107":{"start":{"line":241,"column":4},"end":{"line":241,"column":35}},"108":{"start":{"line":241,"column":22},"end":{"line":241,"column":35}},"109":{"start":{"line":242,"column":4},"end":{"line":242,"column":50}},"110":{"start":{"line":242,"column":37},"end":{"line":242,"column":50}},"111":{"start":{"line":244,"column":4},"end":{"line":244,"column":66}},"112":{"start":{"line":247,"column":23},"end":{"line":258,"column":3}},"113":{"start":{"line":248,"column":4},"end":{"line":257,"column":5}},"114":{"start":{"line":250,"column":8},"end":{"line":250,"column":25}},"115":{"start":{"line":252,"column":8},"end":{"line":252,"column":25}},"116":{"start":{"line":254,"column":8},"end":{"line":254,"column":25}},"117":{"start":{"line":256,"column":8},"end":{"line":256,"column":22}},"118":{"start":{"line":260,"column":25},"end":{"line":262,"column":3}},"119":{"start":{"line":261,"column":4},"end":{"line":261,"column":56}},"120":{"start":{"line":264,"column":2},"end":{"line":555,"column":4}},"121":{"start":{"line":274,"column":33},"end":{"line":274,"column":57}},"122":{"start":{"line":281,"column":73},"end":{"line":281,"column":83}},"123":{"start":{"line":303,"column":20},"end":{"line":360,"column":36}},"124":{"start":{"line":330,"column":45},"end":{"line":330,"column":65}},"125":{"start":{"line":340,"column":45},"end":{"line":340,"column":67}},"126":{"start":{"line":351,"column":45},"end":{"line":351,"column":71}},"127":{"start":{"line":371,"column":29},"end":{"line":371,"column":54}},"128":{"start":{"line":381,"column":42},"end":{"line":381,"column":84}},"129":{"start":{"line":389,"column":42},"end":{"line":389,"column":80}},"130":{"start":{"line":397,"column":42},"end":{"line":397,"column":79}},"131":{"start":{"line":408,"column":42},"end":{"line":408,"column":86}},"132":{"start":{"line":420,"column":22},"end":{"line":427,"column":29}},"133":{"start":{"line":423,"column":39},"end":{"line":423,"column":71}},"134":{"start":{"line":435,"column":35},"end":{"line":435,"column":60}},"135":{"start":{"line":464,"column":14},"end":{"line":464,"column":41}},"136":{"start":{"line":465,"column":14},"end":{"line":465,"column":35}},"137":{"start":{"line":466,"column":14},"end":{"line":466,"column":99}},"138":{"start":{"line":485,"column":42},"end":{"line":485,"column":90}},"139":{"start":{"line":493,"column":42},"end":{"line":493,"column":89}},"140":{"start":{"line":504,"column":42},"end":{"line":504,"column":96}},"141":{"start":{"line":516,"column":22},"end":{"line":523,"column":29}},"142":{"start":{"line":519,"column":39},"end":{"line":519,"column":81}},"143":{"start":{"line":532,"column":22},"end":{"line":532,"column":49}},"144":{"start":{"line":533,"column":22},"end":{"line":533,"column":43}},"145":{"start":{"line":534,"column":22},"end":{"line":534,"column":107}},"146":{"start":{"line":558,"column":15},"end":{"line":669,"column":2}}},"fnMap":{"0":{"name":"ManageUsersScreen","decl":{"start":{"line":32,"column":24},"end":{"line":32,"column":41}},"loc":{"start":{"line":32,"column":44},"end":{"line":556,"column":1}},"line":32},"1":{"name":"(anonymous_1)","decl":{"start":{"line":54,"column":12},"end":{"line":54,"column":13}},"loc":{"start":{"line":54,"column":18},"end":{"line":56,"column":3}},"line":54},"2":{"name":"(anonymous_2)","decl":{"start":{"line":58,"column":20},"end":{"line":58,"column":21}},"loc":{"start":{"line":58,"column":32},"end":{"line":68,"column":3}},"line":58},"3":{"name":"(anonymous_3)","decl":{"start":{"line":70,"column":24},"end":{"line":70,"column":25}},"loc":{"start":{"line":70,"column":36},"end":{"line":104,"column":3}},"line":70},"4":{"name":"(anonymous_4)","decl":{"start":{"line":106,"column":31},"end":{"line":106,"column":32}},"loc":{"start":{"line":106,"column":53},"end":{"line":136,"column":3}},"line":106},"5":{"name":"(anonymous_5)","decl":{"start":{"line":120,"column":19},"end":{"line":120,"column":20}},"loc":{"start":{"line":120,"column":31},"end":{"line":132,"column":11}},"line":120},"6":{"name":"(anonymous_6)","decl":{"start":{"line":138,"column":25},"end":{"line":138,"column":26}},"loc":{"start":{"line":138,"column":41},"end":{"line":148,"column":3}},"line":138},"7":{"name":"(anonymous_7)","decl":{"start":{"line":150,"column":27},"end":{"line":150,"column":28}},"loc":{"start":{"line":150,"column":39},"end":{"line":201,"column":3}},"line":150},"8":{"name":"(anonymous_8)","decl":{"start":{"line":203,"column":28},"end":{"line":203,"column":29}},"loc":{"start":{"line":203,"column":34},"end":{"line":214,"column":3}},"line":203},"9":{"name":"(anonymous_9)","decl":{"start":{"line":216,"column":24},"end":{"line":216,"column":25}},"loc":{"start":{"line":216,"column":40},"end":{"line":221,"column":3}},"line":216},"10":{"name":"(anonymous_10)","decl":{"start":{"line":223,"column":27},"end":{"line":223,"column":28}},"loc":{"start":{"line":223,"column":49},"end":{"line":238,"column":3}},"line":223},"11":{"name":"(anonymous_11)","decl":{"start":{"line":240,"column":22},"end":{"line":240,"column":23}},"loc":{"start":{"line":240,"column":38},"end":{"line":245,"column":3}},"line":240},"12":{"name":"(anonymous_12)","decl":{"start":{"line":247,"column":23},"end":{"line":247,"column":24}},"loc":{"start":{"line":247,"column":41},"end":{"line":258,"column":3}},"line":247},"13":{"name":"(anonymous_13)","decl":{"start":{"line":260,"column":25},"end":{"line":260,"column":26}},"loc":{"start":{"line":260,"column":43},"end":{"line":262,"column":3}},"line":260},"14":{"name":"(anonymous_14)","decl":{"start":{"line":274,"column":27},"end":{"line":274,"column":28}},"loc":{"start":{"line":274,"column":33},"end":{"line":274,"column":57}},"line":274},"15":{"name":"(anonymous_15)","decl":{"start":{"line":281,"column":68},"end":{"line":281,"column":69}},"loc":{"start":{"line":281,"column":73},"end":{"line":281,"column":83}},"line":281},"16":{"name":"(anonymous_16)","decl":{"start":{"line":302,"column":29},"end":{"line":302,"column":30}},"loc":{"start":{"line":303,"column":20},"end":{"line":360,"column":36}},"line":303},"17":{"name":"(anonymous_17)","decl":{"start":{"line":330,"column":39},"end":{"line":330,"column":40}},"loc":{"start":{"line":330,"column":45},"end":{"line":330,"column":65}},"line":330},"18":{"name":"(anonymous_18)","decl":{"start":{"line":340,"column":39},"end":{"line":340,"column":40}},"loc":{"start":{"line":340,"column":45},"end":{"line":340,"column":67}},"line":340},"19":{"name":"(anonymous_19)","decl":{"start":{"line":351,"column":39},"end":{"line":351,"column":40}},"loc":{"start":{"line":351,"column":45},"end":{"line":351,"column":71}},"line":351},"20":{"name":"(anonymous_20)","decl":{"start":{"line":371,"column":23},"end":{"line":371,"column":24}},"loc":{"start":{"line":371,"column":29},"end":{"line":371,"column":54}},"line":371},"21":{"name":"(anonymous_21)","decl":{"start":{"line":381,"column":32},"end":{"line":381,"column":33}},"loc":{"start":{"line":381,"column":42},"end":{"line":381,"column":84}},"line":381},"22":{"name":"(anonymous_22)","decl":{"start":{"line":389,"column":32},"end":{"line":389,"column":33}},"loc":{"start":{"line":389,"column":42},"end":{"line":389,"column":80}},"line":389},"23":{"name":"(anonymous_23)","decl":{"start":{"line":397,"column":32},"end":{"line":397,"column":33}},"loc":{"start":{"line":397,"column":42},"end":{"line":397,"column":79}},"line":397},"24":{"name":"(anonymous_24)","decl":{"start":{"line":408,"column":32},"end":{"line":408,"column":33}},"loc":{"start":{"line":408,"column":42},"end":{"line":408,"column":86}},"line":408},"25":{"name":"(anonymous_25)","decl":{"start":{"line":419,"column":45},"end":{"line":419,"column":46}},"loc":{"start":{"line":420,"column":22},"end":{"line":427,"column":29}},"line":420},"26":{"name":"(anonymous_26)","decl":{"start":{"line":423,"column":33},"end":{"line":423,"column":34}},"loc":{"start":{"line":423,"column":39},"end":{"line":423,"column":71}},"line":423},"27":{"name":"(anonymous_27)","decl":{"start":{"line":435,"column":29},"end":{"line":435,"column":30}},"loc":{"start":{"line":435,"column":35},"end":{"line":435,"column":60}},"line":435},"28":{"name":"(anonymous_28)","decl":{"start":{"line":463,"column":23},"end":{"line":463,"column":24}},"loc":{"start":{"line":463,"column":29},"end":{"line":467,"column":13}},"line":463},"29":{"name":"(anonymous_29)","decl":{"start":{"line":485,"column":32},"end":{"line":485,"column":33}},"loc":{"start":{"line":485,"column":42},"end":{"line":485,"column":90}},"line":485},"30":{"name":"(anonymous_30)","decl":{"start":{"line":493,"column":32},"end":{"line":493,"column":33}},"loc":{"start":{"line":493,"column":42},"end":{"line":493,"column":89}},"line":493},"31":{"name":"(anonymous_31)","decl":{"start":{"line":504,"column":32},"end":{"line":504,"column":33}},"loc":{"start":{"line":504,"column":42},"end":{"line":504,"column":96}},"line":504},"32":{"name":"(anonymous_32)","decl":{"start":{"line":515,"column":45},"end":{"line":515,"column":46}},"loc":{"start":{"line":516,"column":22},"end":{"line":523,"column":29}},"line":516},"33":{"name":"(anonymous_33)","decl":{"start":{"line":519,"column":33},"end":{"line":519,"column":34}},"loc":{"start":{"line":519,"column":39},"end":{"line":519,"column":81}},"line":519},"34":{"name":"(anonymous_34)","decl":{"start":{"line":531,"column":29},"end":{"line":531,"column":30}},"loc":{"start":{"line":531,"column":35},"end":{"line":535,"column":21}},"line":531}},"branchMap":{"0":{"loc":{"start":{"line":71,"column":4},"end":{"line":74,"column":5}},"type":"if","locations":[{"start":{"line":71,"column":4},"end":{"line":74,"column":5}},{"start":{},"end":{}}],"line":71},"1":{"loc":{"start":{"line":71,"column":8},"end":{"line":71,"column":79}},"type":"binary-expr","locations":[{"start":{"line":71,"column":8},"end":{"line":71,"column":32}},{"start":{"line":71,"column":36},"end":{"line":71,"column":56}},{"start":{"line":71,"column":60},"end":{"line":71,"column":79}}],"line":71},"2":{"loc":{"start":{"line":76,"column":4},"end":{"line":79,"column":5}},"type":"if","locations":[{"start":{"line":76,"column":4},"end":{"line":79,"column":5}},{"start":{},"end":{}}],"line":76},"3":{"loc":{"start":{"line":81,"column":4},"end":{"line":84,"column":5}},"type":"if","locations":[{"start":{"line":81,"column":4},"end":{"line":84,"column":5}},{"start":{},"end":{}}],"line":81},"4":{"loc":{"start":{"line":86,"column":4},"end":{"line":89,"column":5}},"type":"if","locations":[{"start":{"line":86,"column":4},"end":{"line":89,"column":5}},{"start":{},"end":{}}],"line":86},"5":{"loc":{"start":{"line":93,"column":6},"end":{"line":100,"column":7}},"type":"if","locations":[{"start":{"line":93,"column":6},"end":{"line":100,"column":7}},{"start":{"line":98,"column":13},"end":{"line":100,"column":7}}],"line":93},"6":{"loc":{"start":{"line":107,"column":4},"end":{"line":110,"column":5}},"type":"if","locations":[{"start":{"line":107,"column":4},"end":{"line":110,"column":5}},{"start":{},"end":{}}],"line":107},"7":{"loc":{"start":{"line":123,"column":14},"end":{"line":128,"column":15}},"type":"if","locations":[{"start":{"line":123,"column":14},"end":{"line":128,"column":15}},{"start":{"line":126,"column":21},"end":{"line":128,"column":15}}],"line":123},"8":{"loc":{"start":{"line":151,"column":4},"end":{"line":151,"column":29}},"type":"if","locations":[{"start":{"line":151,"column":4},"end":{"line":151,"column":29}},{"start":{},"end":{}}],"line":151},"9":{"loc":{"start":{"line":153,"column":4},"end":{"line":156,"column":5}},"type":"if","locations":[{"start":{"line":153,"column":4},"end":{"line":156,"column":5}},{"start":{},"end":{}}],"line":153},"10":{"loc":{"start":{"line":159,"column":4},"end":{"line":174,"column":5}},"type":"if","locations":[{"start":{"line":159,"column":4},"end":{"line":174,"column":5}},{"start":{},"end":{}}],"line":159},"11":{"loc":{"start":{"line":160,"column":6},"end":{"line":163,"column":7}},"type":"if","locations":[{"start":{"line":160,"column":6},"end":{"line":163,"column":7}},{"start":{},"end":{}}],"line":160},"12":{"loc":{"start":{"line":165,"column":6},"end":{"line":168,"column":7}},"type":"if","locations":[{"start":{"line":165,"column":6},"end":{"line":168,"column":7}},{"start":{},"end":{}}],"line":165},"13":{"loc":{"start":{"line":170,"column":6},"end":{"line":173,"column":7}},"type":"if","locations":[{"start":{"line":170,"column":6},"end":{"line":173,"column":7}},{"start":{},"end":{}}],"line":170},"14":{"loc":{"start":{"line":184,"column":6},"end":{"line":186,"column":7}},"type":"if","locations":[{"start":{"line":184,"column":6},"end":{"line":186,"column":7}},{"start":{},"end":{}}],"line":184},"15":{"loc":{"start":{"line":189,"column":6},"end":{"line":197,"column":7}},"type":"if","locations":[{"start":{"line":189,"column":6},"end":{"line":197,"column":7}},{"start":{"line":195,"column":13},"end":{"line":197,"column":7}}],"line":189},"16":{"loc":{"start":{"line":204,"column":4},"end":{"line":204,"column":32}},"type":"if","locations":[{"start":{"line":204,"column":4},"end":{"line":204,"column":32}},{"start":{},"end":{}}],"line":204},"17":{"loc":{"start":{"line":206,"column":4},"end":{"line":213,"column":5}},"type":"switch","locations":[{"start":{"line":207,"column":6},"end":{"line":208,"column":32}},{"start":{"line":209,"column":6},"end":{"line":210,"column":66}},{"start":{"line":211,"column":6},"end":{"line":212,"column":18}}],"line":206},"18":{"loc":{"start":{"line":217,"column":4},"end":{"line":217,"column":35}},"type":"if","locations":[{"start":{"line":217,"column":4},"end":{"line":217,"column":35}},{"start":{},"end":{}}],"line":217},"19":{"loc":{"start":{"line":218,"column":4},"end":{"line":218,"column":50}},"type":"if","locations":[{"start":{"line":218,"column":4},"end":{"line":218,"column":50}},{"start":{},"end":{}}],"line":218},"20":{"loc":{"start":{"line":225,"column":4},"end":{"line":237,"column":5}},"type":"if","locations":[{"start":{"line":225,"column":4},"end":{"line":237,"column":5}},{"start":{},"end":{}}],"line":225},"21":{"loc":{"start":{"line":228,"column":8},"end":{"line":233,"column":9}},"type":"if","locations":[{"start":{"line":228,"column":8},"end":{"line":233,"column":9}},{"start":{"line":231,"column":15},"end":{"line":233,"column":9}}],"line":228},"22":{"loc":{"start":{"line":241,"column":4},"end":{"line":241,"column":35}},"type":"if","locations":[{"start":{"line":241,"column":4},"end":{"line":241,"column":35}},{"start":{},"end":{}}],"line":241},"23":{"loc":{"start":{"line":242,"column":4},"end":{"line":242,"column":50}},"type":"if","locations":[{"start":{"line":242,"column":4},"end":{"line":242,"column":50}},{"start":{},"end":{}}],"line":242},"24":{"loc":{"start":{"line":248,"column":4},"end":{"line":257,"column":5}},"type":"switch","locations":[{"start":{"line":249,"column":6},"end":{"line":250,"column":25}},{"start":{"line":251,"column":6},"end":{"line":252,"column":25}},{"start":{"line":253,"column":6},"end":{"line":254,"column":25}},{"start":{"line":255,"column":6},"end":{"line":256,"column":22}}],"line":248},"25":{"loc":{"start":{"line":290,"column":15},"end":{"line":363,"column":15}},"type":"cond-expr","locations":[{"start":{"line":291,"column":16},"end":{"line":291,"column":68}},{"start":{"line":293,"column":16},"end":{"line":362,"column":28}}],"line":290},"26":{"loc":{"start":{"line":315,"column":33},"end":{"line":315,"column":88}},"type":"cond-expr","locations":[{"start":{"line":315,"column":49},"end":{"line":315,"column":66}},{"start":{"line":315,"column":69},"end":{"line":315,"column":88}}],"line":315},"27":{"loc":{"start":{"line":318,"column":27},"end":{"line":318,"column":64}},"type":"cond-expr","locations":[{"start":{"line":318,"column":43},"end":{"line":318,"column":51}},{"start":{"line":318,"column":54},"end":{"line":318,"column":64}}],"line":318},"28":{"loc":{"start":{"line":326,"column":27},"end":{"line":335,"column":27}},"type":"binary-expr","locations":[{"start":{"line":326,"column":27},"end":{"line":326,"column":44}},{"start":{"line":327,"column":28},"end":{"line":334,"column":37}}],"line":326},"29":{"loc":{"start":{"line":336,"column":27},"end":{"line":346,"column":27}},"type":"binary-expr","locations":[{"start":{"line":336,"column":27},"end":{"line":336,"column":46}},{"start":{"line":337,"column":28},"end":{"line":345,"column":37}}],"line":336},"30":{"loc":{"start":{"line":347,"column":27},"end":{"line":357,"column":27}},"type":"binary-expr","locations":[{"start":{"line":347,"column":27},"end":{"line":347,"column":40}},{"start":{"line":347,"column":44},"end":{"line":347,"column":71}},{"start":{"line":348,"column":28},"end":{"line":356,"column":37}}],"line":347},"31":{"loc":{"start":{"line":407,"column":25},"end":{"line":407,"column":49}},"type":"binary-expr","locations":[{"start":{"line":407,"column":25},"end":{"line":407,"column":43}},{"start":{"line":407,"column":47},"end":{"line":407,"column":49}}],"line":407},"32":{"loc":{"start":{"line":445,"column":22},"end":{"line":449,"column":56}},"type":"binary-expr","locations":[{"start":{"line":445,"column":22},"end":{"line":445,"column":46}},{"start":{"line":446,"column":22},"end":{"line":446,"column":42}},{"start":{"line":447,"column":22},"end":{"line":447,"column":41}},{"start":{"line":448,"column":22},"end":{"line":448,"column":49}},{"start":{"line":449,"column":22},"end":{"line":449,"column":56}}],"line":445},"33":{"loc":{"start":{"line":476,"column":25},"end":{"line":476,"column":52}},"type":"binary-expr","locations":[{"start":{"line":476,"column":25},"end":{"line":476,"column":46}},{"start":{"line":476,"column":50},"end":{"line":476,"column":52}}],"line":476}},"s":{"0":13,"1":13,"2":12,"3":12,"4":12,"5":12,"6":12,"7":12,"8":12,"9":4,"10":12,"11":4,"12":4,"13":4,"14":4,"15":0,"16":4,"17":12,"18":0,"19":0,"20":0,"21":0,"22":0,"23":0,"24":0,"25":0,"26":0,"27":0,"28":0,"29":0,"30":0,"31":0,"32":0,"33":0,"34":0,"35":0,"36":0,"37":0,"38":0,"39":12,"40":0,"41":0,"42":0,"43":0,"44":0,"45":0,"46":0,"47":0,"48":0,"49":0,"50":0,"51":12,"52":0,"53":0,"54":0,"55":12,"56":0,"57":0,"58":0,"59":0,"60":0,"61":0,"62":0,"63":0,"64":0,"65":0,"66":0,"67":0,"68":0,"69":0,"70":0,"71":0,"72":0,"73":0,"74":0,"75":0,"76":0,"77":0,"78":0,"79":0,"80":0,"81":0,"82":0,"83":0,"84":12,"85":8,"86":0,"87":8,"88":0,"89":8,"90":0,"91":12,"92":8,"93":0,"94":8,"95":8,"96":0,"97":12,"98":0,"99":0,"100":0,"101":0,"102":0,"103":0,"104":0,"105":0,"106":12,"107":16,"108":0,"109":16,"110":8,"111":8,"112":12,"113":16,"114":8,"115":0,"116":8,"117":0,"118":12,"119":40,"120":12,"121":0,"122":16,"123":16,"124":0,"125":0,"126":0,"127":0,"128":0,"129":0,"130":0,"131":0,"132":12,"133":0,"134":0,"135":0,"136":0,"137":0,"138":0,"139":0,"140":0,"141":12,"142":0,"143":0,"144":0,"145":0,"146":1},"f":{"0":13,"1":4,"2":4,"3":0,"4":0,"5":0,"6":0,"7":0,"8":8,"9":8,"10":0,"11":16,"12":16,"13":40,"14":0,"15":16,"16":16,"17":0,"18":0,"19":0,"20":0,"21":0,"22":0,"23":0,"24":0,"25":12,"26":0,"27":0,"28":0,"29":0,"30":0,"31":0,"32":12,"33":0,"34":0},"b":{"0":[0,0],"1":[0,0,0],"2":[0,0],"3":[0,0],"4":[0,0],"5":[0,0],"6":[0,0],"7":[0,0],"8":[0,0],"9":[0,0],"10":[0,0],"11":[0,0],"12":[0,0],"13":[0,0],"14":[0,0],"15":[0,0],"16":[0,8],"17":[0,8,0],"18":[0,8],"19":[8,0],"20":[0,0],"21":[0,0],"22":[0,16],"23":[8,8],"24":[8,0,8,0],"25":[4,8],"26":[0,16],"27":[0,16],"28":[16,0],"29":[8,0],"30":[8,0,0],"31":[4,4],"32":[4,0,0,0,0],"33":[4,4]},"_coverageSchema":"1a1c01bbd47fc00a2c39e90264f33305004495a9","hash":"9f40c08eddc9bdc2708ce9c8044e5c60613d4c45"}
,"/Users/outkastpanda/windsurf-projects/robertos-inventory-app/app/(tabs)/reports.tsx": {"path":"/Users/outkastpanda/windsurf-projects/robertos-inventory-app/app/(tabs)/reports.tsx","statementMap":{"0":{"start":{"line":40,"column":22},"end":{"line":52,"column":1}},"1":{"start":{"line":41,"column":2},"end":{"line":41,"column":34}},"2":{"start":{"line":41,"column":17},"end":{"line":41,"column":34}},"3":{"start":{"line":44,"column":18},"end":{"line":44,"column":33}},"4":{"start":{"line":45,"column":16},"end":{"line":45,"column":49}},"5":{"start":{"line":47,"column":2},"end":{"line":49,"column":3}},"6":{"start":{"line":48,"column":4},"end":{"line":48,"column":40}},"7":{"start":{"line":51,"column":2},"end":{"line":51,"column":17}},"8":{"start":{"line":55,"column":19},"end":{"line":55,"column":28}},"9":{"start":{"line":56,"column":42},"end":{"line":56,"column":69}},"10":{"start":{"line":57,"column":32},"end":{"line":57,"column":46}},"11":{"start":{"line":58,"column":36},"end":{"line":58,"column":51}},"12":{"start":{"line":59,"column":42},"end":{"line":63,"column":4}},"13":{"start":{"line":64,"column":38},"end":{"line":64,"column":66}},"14":{"start":{"line":65,"column":46},"end":{"line":65,"column":61}},"15":{"start":{"line":66,"column":46},"end":{"line":66,"column":90}},"16":{"start":{"line":67,"column":34},"end":{"line":67,"column":54}},"17":{"start":{"line":68,"column":52},"end":{"line":68,"column":67}},"18":{"start":{"line":69,"column":32},"end":{"line":72,"column":4}},"19":{"start":{"line":74,"column":31},"end":{"line":85,"column":3}},"20":{"start":{"line":75,"column":25},"end":{"line":75,"column":75}},"21":{"start":{"line":76,"column":23},"end":{"line":76,"column":77}},"22":{"start":{"line":77,"column":4},"end":{"line":77,"column":41}},"23":{"start":{"line":79,"column":4},"end":{"line":84,"column":7}},"24":{"start":{"line":87,"column":28},"end":{"line":89,"column":3}},"25":{"start":{"line":88,"column":4},"end":{"line":88,"column":24}},"26":{"start":{"line":91,"column":29},"end":{"line":91,"column":123}},"27":{"start":{"line":93,"column":30},"end":{"line":110,"column":3}},"28":{"start":{"line":94,"column":4},"end":{"line":109,"column":5}},"29":{"start":{"line":95,"column":25},"end":{"line":95,"column":56}},"30":{"start":{"line":97,"column":6},"end":{"line":99,"column":7}},"31":{"start":{"line":98,"column":8},"end":{"line":98,"column":34}},"32":{"start":{"line":100,"column":6},"end":{"line":100,"column":29}},"33":{"start":{"line":103,"column":6},"end":{"line":108,"column":7}},"34":{"start":{"line":104,"column":8},"end":{"line":104,"column":50}},"35":{"start":{"line":105,"column":13},"end":{"line":108,"column":7}},"36":{"start":{"line":107,"column":8},"end":{"line":107,"column":67}},"37":{"start":{"line":112,"column":27},"end":{"line":125,"column":8}},"38":{"start":{"line":113,"column":4},"end":{"line":113,"column":21}},"39":{"start":{"line":114,"column":4},"end":{"line":124,"column":5}},"40":{"start":{"line":116,"column":30},"end":{"line":116,"column":63}},"41":{"start":{"line":117,"column":6},"end":{"line":117,"column":92}},"42":{"start":{"line":118,"column":6},"end":{"line":118,"column":39}},"43":{"start":{"line":119,"column":6},"end":{"line":119,"column":32}},"44":{"start":{"line":121,"column":6},"end":{"line":121,"column":59}},"45":{"start":{"line":123,"column":6},"end":{"line":123,"column":24}},"46":{"start":{"line":127,"column":2},"end":{"line":129,"column":25}},"47":{"start":{"line":128,"column":4},"end":{"line":128,"column":23}},"48":{"start":{"line":132,"column":2},"end":{"line":137,"column":4}},"49":{"start":{"line":134,"column":6},"end":{"line":134,"column":64}},"50":{"start":{"line":135,"column":6},"end":{"line":135,"column":25}},"51":{"start":{"line":140,"column":2},"end":{"line":150,"column":5}},"52":{"start":{"line":142,"column":6},"end":{"line":142,"column":78}},"53":{"start":{"line":143,"column":6},"end":{"line":143,"column":25}},"54":{"start":{"line":146,"column":6},"end":{"line":146,"column":82}},"55":{"start":{"line":147,"column":6},"end":{"line":147,"column":25}},"56":{"start":{"line":152,"column":34},"end":{"line":196,"column":3}},"57":{"start":{"line":153,"column":19},"end":{"line":153,"column":31}},"58":{"start":{"line":156,"column":4},"end":{"line":160,"column":5}},"59":{"start":{"line":157,"column":6},"end":{"line":159,"column":8}},"60":{"start":{"line":158,"column":8},"end":{"line":158,"column":87}},"61":{"start":{"line":163,"column":16},"end":{"line":163,"column":26}},"62":{"start":{"line":165,"column":24},"end":{"line":165,"column":34}},"63":{"start":{"line":167,"column":4},"end":{"line":188,"column":5}},"64":{"start":{"line":168,"column":6},"end":{"line":168,"column":36}},"65":{"start":{"line":169,"column":6},"end":{"line":169,"column":32}},"66":{"start":{"line":170,"column":11},"end":{"line":188,"column":5}},"67":{"start":{"line":171,"column":6},"end":{"line":171,"column":101}},"68":{"start":{"line":172,"column":6},"end":{"line":172,"column":103}},"69":{"start":{"line":173,"column":6},"end":{"line":173,"column":40}},"70":{"start":{"line":175,"column":6},"end":{"line":187,"column":7}},"71":{"start":{"line":177,"column":10},"end":{"line":177,"column":81}},"72":{"start":{"line":178,"column":10},"end":{"line":178,"column":16}},"73":{"start":{"line":180,"column":10},"end":{"line":180,"column":72}},"74":{"start":{"line":181,"column":10},"end":{"line":181,"column":16}},"75":{"start":{"line":183,"column":10},"end":{"line":183,"column":69}},"76":{"start":{"line":184,"column":10},"end":{"line":184,"column":16}},"77":{"start":{"line":186,"column":10},"end":{"line":186,"column":34}},"78":{"start":{"line":190,"column":4},"end":{"line":193,"column":7}},"79":{"start":{"line":191,"column":30},"end":{"line":191,"column":51}},"80":{"start":{"line":192,"column":6},"end":{"line":192,"column":72}},"81":{"start":{"line":195,"column":4},"end":{"line":195,"column":20}},"82":{"start":{"line":198,"column":26},"end":{"line":208,"column":3}},"83":{"start":{"line":199,"column":21},"end":{"line":199,"column":46}},"84":{"start":{"line":200,"column":23},"end":{"line":200,"column":111}},"85":{"start":{"line":200,"column":44},"end":{"line":200,"column":64}},"86":{"start":{"line":200,"column":85},"end":{"line":200,"column":107}},"87":{"start":{"line":201,"column":25},"end":{"line":201,"column":123}},"88":{"start":{"line":201,"column":46},"end":{"line":201,"column":66}},"89":{"start":{"line":201,"column":87},"end":{"line":201,"column":119}},"90":{"start":{"line":203,"column":4},"end":{"line":207,"column":6}},"91":{"start":{"line":210,"column":16},"end":{"line":210,"column":33}},"92":{"start":{"line":211,"column":31},"end":{"line":211,"column":56}},"93":{"start":{"line":213,"column":35},"end":{"line":283,"column":3}},"94":{"start":{"line":214,"column":4},"end":{"line":214,"column":23}},"95":{"start":{"line":215,"column":4},"end":{"line":282,"column":5}},"96":{"start":{"line":217,"column":32},"end":{"line":217,"column":34}},"97":{"start":{"line":219,"column":6},"end":{"line":221,"column":7}},"98":{"start":{"line":220,"column":8},"end":{"line":220,"column":52}},"99":{"start":{"line":225,"column":26},"end":{"line":225,"column":36}},"100":{"start":{"line":227,"column":6},"end":{"line":254,"column":7}},"101":{"start":{"line":228,"column":8},"end":{"line":228,"column":38}},"102":{"start":{"line":229,"column":8},"end":{"line":229,"column":34}},"103":{"start":{"line":230,"column":8},"end":{"line":230,"column":53}},"104":{"start":{"line":231,"column":8},"end":{"line":231,"column":49}},"105":{"start":{"line":232,"column":13},"end":{"line":254,"column":7}},"106":{"start":{"line":233,"column":8},"end":{"line":233,"column":103}},"107":{"start":{"line":234,"column":8},"end":{"line":234,"column":105}},"108":{"start":{"line":235,"column":8},"end":{"line":235,"column":42}},"109":{"start":{"line":236,"column":8},"end":{"line":236,"column":53}},"110":{"start":{"line":237,"column":8},"end":{"line":237,"column":49}},"111":{"start":{"line":239,"column":8},"end":{"line":251,"column":9}},"112":{"start":{"line":241,"column":12},"end":{"line":241,"column":104}},"113":{"start":{"line":242,"column":12},"end":{"line":242,"column":18}},"114":{"start":{"line":244,"column":12},"end":{"line":244,"column":71}},"115":{"start":{"line":245,"column":12},"end":{"line":245,"column":18}},"116":{"start":{"line":247,"column":12},"end":{"line":247,"column":85}},"117":{"start":{"line":248,"column":12},"end":{"line":248,"column":18}},"118":{"start":{"line":250,"column":12},"end":{"line":250,"column":36}},"119":{"start":{"line":252,"column":8},"end":{"line":252,"column":53}},"120":{"start":{"line":253,"column":8},"end":{"line":253,"column":49}},"121":{"start":{"line":257,"column":26},"end":{"line":261,"column":28}},"122":{"start":{"line":263,"column":23},"end":{"line":263,"column":98}},"123":{"start":{"line":265,"column":21},"end":{"line":265,"column":96}},"124":{"start":{"line":267,"column":6},"end":{"line":271,"column":9}},"125":{"start":{"line":274,"column":6},"end":{"line":274,"column":45}},"126":{"start":{"line":275,"column":6},"end":{"line":279,"column":9}},"127":{"start":{"line":281,"column":6},"end":{"line":281,"column":26}},"128":{"start":{"line":285,"column":2},"end":{"line":644,"column":4}},"129":{"start":{"line":297,"column":33},"end":{"line":297,"column":80}},"130":{"start":{"line":304,"column":33},"end":{"line":304,"column":81}},"131":{"start":{"line":311,"column":33},"end":{"line":311,"column":82}},"132":{"start":{"line":318,"column":33},"end":{"line":318,"column":86}},"133":{"start":{"line":325,"column":33},"end":{"line":325,"column":81}},"134":{"start":{"line":340,"column":22},"end":{"line":340,"column":49}},"135":{"start":{"line":341,"column":22},"end":{"line":341,"column":67}},"136":{"start":{"line":342,"column":22},"end":{"line":346,"column":23}},"137":{"start":{"line":343,"column":24},"end":{"line":343,"column":51}},"138":{"start":{"line":345,"column":24},"end":{"line":345,"column":48}},"139":{"start":{"line":360,"column":22},"end":{"line":360,"column":47}},"140":{"start":{"line":361,"column":22},"end":{"line":361,"column":65}},"141":{"start":{"line":362,"column":22},"end":{"line":366,"column":23}},"142":{"start":{"line":363,"column":24},"end":{"line":363,"column":51}},"143":{"start":{"line":365,"column":24},"end":{"line":365,"column":48}},"144":{"start":{"line":381,"column":22},"end":{"line":381,"column":71}},"145":{"start":{"line":382,"column":22},"end":{"line":382,"column":49}},"146":{"start":{"line":383,"column":22},"end":{"line":387,"column":23}},"147":{"start":{"line":384,"column":24},"end":{"line":384,"column":51}},"148":{"start":{"line":386,"column":24},"end":{"line":386,"column":48}},"149":{"start":{"line":410,"column":33},"end":{"line":410,"column":83}},"150":{"start":{"line":417,"column":33},"end":{"line":417,"column":83}},"151":{"start":{"line":424,"column":33},"end":{"line":424,"column":86}},"152":{"start":{"line":494,"column":38},"end":{"line":494,"column":94}},"153":{"start":{"line":495,"column":42},"end":{"line":495,"column":74}},"154":{"start":{"line":496,"column":20},"end":{"line":540,"column":22}},"155":{"start":{"line":558,"column":20},"end":{"line":564,"column":21}},"156":{"start":{"line":559,"column":22},"end":{"line":563,"column":23}},"157":{"start":{"line":560,"column":24},"end":{"line":560,"column":51}},"158":{"start":{"line":562,"column":24},"end":{"line":562,"column":66}},"159":{"start":{"line":565,"column":20},"end":{"line":565,"column":48}},"160":{"start":{"line":575,"column":33},"end":{"line":575,"column":60}},"161":{"start":{"line":591,"column":16},"end":{"line":610,"column":17}},"162":{"start":{"line":592,"column":18},"end":{"line":592,"column":43}},"163":{"start":{"line":593,"column":18},"end":{"line":599,"column":19}},"164":{"start":{"line":594,"column":20},"end":{"line":598,"column":21}},"165":{"start":{"line":595,"column":22},"end":{"line":595,"column":57}},"166":{"start":{"line":597,"column":22},"end":{"line":597,"column":72}},"167":{"start":{"line":602,"column":18},"end":{"line":608,"column":19}},"168":{"start":{"line":603,"column":20},"end":{"line":607,"column":21}},"169":{"start":{"line":604,"column":22},"end":{"line":604,"column":57}},"170":{"start":{"line":606,"column":22},"end":{"line":606,"column":72}},"171":{"start":{"line":609,"column":18},"end":{"line":609,"column":43}},"172":{"start":{"line":619,"column":29},"end":{"line":619,"column":81}},"173":{"start":{"line":634,"column":31},"end":{"line":634,"column":83}},"174":{"start":{"line":647,"column":15},"end":{"line":911,"column":2}}},"fnMap":{"0":{"name":"(anonymous_0)","decl":{"start":{"line":40,"column":22},"end":{"line":40,"column":23}},"loc":{"start":{"line":40,"column":64},"end":{"line":52,"column":1}},"line":40},"1":{"name":"ReportsScreen","decl":{"start":{"line":54,"column":24},"end":{"line":54,"column":37}},"loc":{"start":{"line":54,"column":40},"end":{"line":645,"column":1}},"line":54},"2":{"name":"(anonymous_2)","decl":{"start":{"line":74,"column":31},"end":{"line":74,"column":32}},"loc":{"start":{"line":74,"column":48},"end":{"line":85,"column":3}},"line":74},"3":{"name":"(anonymous_3)","decl":{"start":{"line":87,"column":28},"end":{"line":87,"column":29}},"loc":{"start":{"line":87,"column":65},"end":{"line":89,"column":3}},"line":87},"4":{"name":"(anonymous_4)","decl":{"start":{"line":93,"column":30},"end":{"line":93,"column":31}},"loc":{"start":{"line":93,"column":69},"end":{"line":110,"column":3}},"line":93},"5":{"name":"(anonymous_5)","decl":{"start":{"line":112,"column":39},"end":{"line":112,"column":40}},"loc":{"start":{"line":112,"column":51},"end":{"line":125,"column":3}},"line":112},"6":{"name":"(anonymous_6)","decl":{"start":{"line":127,"column":12},"end":{"line":127,"column":13}},"loc":{"start":{"line":127,"column":18},"end":{"line":129,"column":3}},"line":127},"7":{"name":"(anonymous_7)","decl":{"start":{"line":133,"column":16},"end":{"line":133,"column":17}},"loc":{"start":{"line":133,"column":22},"end":{"line":136,"column":5}},"line":133},"8":{"name":"(anonymous_8)","decl":{"start":{"line":141,"column":37},"end":{"line":141,"column":38}},"loc":{"start":{"line":141,"column":43},"end":{"line":144,"column":5}},"line":141},"9":{"name":"(anonymous_9)","decl":{"start":{"line":145,"column":31},"end":{"line":145,"column":32}},"loc":{"start":{"line":145,"column":67},"end":{"line":148,"column":5}},"line":145},"10":{"name":"(anonymous_10)","decl":{"start":{"line":152,"column":34},"end":{"line":152,"column":35}},"loc":{"start":{"line":152,"column":40},"end":{"line":196,"column":3}},"line":152},"11":{"name":"(anonymous_11)","decl":{"start":{"line":157,"column":33},"end":{"line":157,"column":34}},"loc":{"start":{"line":158,"column":8},"end":{"line":158,"column":87}},"line":158},"12":{"name":"(anonymous_12)","decl":{"start":{"line":190,"column":31},"end":{"line":190,"column":32}},"loc":{"start":{"line":190,"column":36},"end":{"line":193,"column":5}},"line":190},"13":{"name":"(anonymous_13)","decl":{"start":{"line":198,"column":26},"end":{"line":198,"column":27}},"loc":{"start":{"line":198,"column":32},"end":{"line":208,"column":3}},"line":198},"14":{"name":"(anonymous_14)","decl":{"start":{"line":200,"column":39},"end":{"line":200,"column":40}},"loc":{"start":{"line":200,"column":44},"end":{"line":200,"column":64}},"line":200},"15":{"name":"(anonymous_15)","decl":{"start":{"line":200,"column":73},"end":{"line":200,"column":74}},"loc":{"start":{"line":200,"column":85},"end":{"line":200,"column":107}},"line":200},"16":{"name":"(anonymous_16)","decl":{"start":{"line":201,"column":41},"end":{"line":201,"column":42}},"loc":{"start":{"line":201,"column":46},"end":{"line":201,"column":66}},"line":201},"17":{"name":"(anonymous_17)","decl":{"start":{"line":201,"column":75},"end":{"line":201,"column":76}},"loc":{"start":{"line":201,"column":87},"end":{"line":201,"column":119}},"line":201},"18":{"name":"(anonymous_18)","decl":{"start":{"line":213,"column":35},"end":{"line":213,"column":36}},"loc":{"start":{"line":213,"column":47},"end":{"line":283,"column":3}},"line":213},"19":{"name":"(anonymous_19)","decl":{"start":{"line":297,"column":27},"end":{"line":297,"column":28}},"loc":{"start":{"line":297,"column":33},"end":{"line":297,"column":80}},"line":297},"20":{"name":"(anonymous_20)","decl":{"start":{"line":304,"column":27},"end":{"line":304,"column":28}},"loc":{"start":{"line":304,"column":33},"end":{"line":304,"column":81}},"line":304},"21":{"name":"(anonymous_21)","decl":{"start":{"line":311,"column":27},"end":{"line":311,"column":28}},"loc":{"start":{"line":311,"column":33},"end":{"line":311,"column":82}},"line":311},"22":{"name":"(anonymous_22)","decl":{"start":{"line":318,"column":27},"end":{"line":318,"column":28}},"loc":{"start":{"line":318,"column":33},"end":{"line":318,"column":86}},"line":318},"23":{"name":"(anonymous_23)","decl":{"start":{"line":325,"column":27},"end":{"line":325,"column":28}},"loc":{"start":{"line":325,"column":33},"end":{"line":325,"column":81}},"line":325},"24":{"name":"(anonymous_24)","decl":{"start":{"line":339,"column":29},"end":{"line":339,"column":30}},"loc":{"start":{"line":339,"column":35},"end":{"line":347,"column":21}},"line":339},"25":{"name":"(anonymous_25)","decl":{"start":{"line":359,"column":29},"end":{"line":359,"column":30}},"loc":{"start":{"line":359,"column":35},"end":{"line":367,"column":21}},"line":359},"26":{"name":"(anonymous_26)","decl":{"start":{"line":380,"column":29},"end":{"line":380,"column":30}},"loc":{"start":{"line":380,"column":35},"end":{"line":388,"column":21}},"line":380},"27":{"name":"(anonymous_27)","decl":{"start":{"line":410,"column":27},"end":{"line":410,"column":28}},"loc":{"start":{"line":410,"column":33},"end":{"line":410,"column":83}},"line":410},"28":{"name":"(anonymous_28)","decl":{"start":{"line":417,"column":27},"end":{"line":417,"column":28}},"loc":{"start":{"line":417,"column":33},"end":{"line":417,"column":83}},"line":417},"29":{"name":"(anonymous_29)","decl":{"start":{"line":424,"column":27},"end":{"line":424,"column":28}},"loc":{"start":{"line":424,"column":33},"end":{"line":424,"column":86}},"line":424},"30":{"name":"(anonymous_30)","decl":{"start":{"line":493,"column":57},"end":{"line":493,"column":58}},"loc":{"start":{"line":493,"column":74},"end":{"line":541,"column":19}},"line":493},"31":{"name":"(anonymous_31)","decl":{"start":{"line":557,"column":28},"end":{"line":557,"column":29}},"loc":{"start":{"line":557,"column":38},"end":{"line":566,"column":19}},"line":557},"32":{"name":"(anonymous_32)","decl":{"start":{"line":575,"column":27},"end":{"line":575,"column":28}},"loc":{"start":{"line":575,"column":33},"end":{"line":575,"column":60}},"line":575},"33":{"name":"(anonymous_33)","decl":{"start":{"line":589,"column":24},"end":{"line":589,"column":25}},"loc":{"start":{"line":589,"column":49},"end":{"line":611,"column":15}},"line":589},"34":{"name":"(anonymous_34)","decl":{"start":{"line":619,"column":23},"end":{"line":619,"column":24}},"loc":{"start":{"line":619,"column":29},"end":{"line":619,"column":81}},"line":619},"35":{"name":"(anonymous_35)","decl":{"start":{"line":634,"column":25},"end":{"line":634,"column":26}},"loc":{"start":{"line":634,"column":31},"end":{"line":634,"column":83}},"line":634}},"branchMap":{"0":{"loc":{"start":{"line":41,"column":2},"end":{"line":41,"column":34}},"type":"if","locations":[{"start":{"line":41,"column":2},"end":{"line":41,"column":34}},{"start":{},"end":{}}],"line":41},"1":{"loc":{"start":{"line":47,"column":2},"end":{"line":49,"column":3}},"type":"if","locations":[{"start":{"line":47,"column":2},"end":{"line":49,"column":3}},{"start":{},"end":{}}],"line":47},"2":{"loc":{"start":{"line":48,"column":11},"end":{"line":48,"column":39}},"type":"binary-expr","locations":[{"start":{"line":48,"column":11},"end":{"line":48,"column":26}},{"start":{"line":48,"column":30},"end":{"line":48,"column":39}}],"line":48},"3":{"loc":{"start":{"line":91,"column":29},"end":{"line":91,"column":123}},"type":"binary-expr","locations":[{"start":{"line":91,"column":29},"end":{"line":91,"column":46}},{"start":{"line":91,"column":50},"end":{"line":91,"column":65}},{"start":{"line":91,"column":69},"end":{"line":91,"column":123}}],"line":91},"4":{"loc":{"start":{"line":94,"column":4},"end":{"line":109,"column":5}},"type":"if","locations":[{"start":{"line":94,"column":4},"end":{"line":109,"column":5}},{"start":{"line":101,"column":11},"end":{"line":109,"column":5}}],"line":94},"5":{"loc":{"start":{"line":97,"column":6},"end":{"line":99,"column":7}},"type":"if","locations":[{"start":{"line":97,"column":6},"end":{"line":99,"column":7}},{"start":{},"end":{}}],"line":97},"6":{"loc":{"start":{"line":97,"column":10},"end":{"line":97,"column":70}},"type":"binary-expr","locations":[{"start":{"line":97,"column":10},"end":{"line":97,"column":25}},{"start":{"line":97,"column":29},"end":{"line":97,"column":70}}],"line":97},"7":{"loc":{"start":{"line":103,"column":6},"end":{"line":108,"column":7}},"type":"if","locations":[{"start":{"line":103,"column":6},"end":{"line":108,"column":7}},{"start":{"line":105,"column":13},"end":{"line":108,"column":7}}],"line":103},"8":{"loc":{"start":{"line":103,"column":10},"end":{"line":103,"column":73}},"type":"binary-expr","locations":[{"start":{"line":103,"column":10},"end":{"line":103,"column":27}},{"start":{"line":103,"column":31},"end":{"line":103,"column":73}}],"line":103},"9":{"loc":{"start":{"line":105,"column":13},"end":{"line":108,"column":7}},"type":"if","locations":[{"start":{"line":105,"column":13},"end":{"line":108,"column":7}},{"start":{},"end":{}}],"line":105},"10":{"loc":{"start":{"line":156,"column":4},"end":{"line":160,"column":5}},"type":"if","locations":[{"start":{"line":156,"column":4},"end":{"line":160,"column":5}},{"start":{},"end":{}}],"line":156},"11":{"loc":{"start":{"line":158,"column":8},"end":{"line":158,"column":87}},"type":"cond-expr","locations":[{"start":{"line":158,"column":44},"end":{"line":158,"column":64}},{"start":{"line":158,"column":67},"end":{"line":158,"column":87}}],"line":158},"12":{"loc":{"start":{"line":167,"column":4},"end":{"line":188,"column":5}},"type":"if","locations":[{"start":{"line":167,"column":4},"end":{"line":188,"column":5}},{"start":{"line":170,"column":11},"end":{"line":188,"column":5}}],"line":167},"13":{"loc":{"start":{"line":167,"column":8},"end":{"line":167,"column":79}},"type":"binary-expr","locations":[{"start":{"line":167,"column":8},"end":{"line":167,"column":39}},{"start":{"line":167,"column":43},"end":{"line":167,"column":60}},{"start":{"line":167,"column":64},"end":{"line":167,"column":79}}],"line":167},"14":{"loc":{"start":{"line":170,"column":11},"end":{"line":188,"column":5}},"type":"if","locations":[{"start":{"line":170,"column":11},"end":{"line":188,"column":5}},{"start":{"line":174,"column":11},"end":{"line":188,"column":5}}],"line":170},"15":{"loc":{"start":{"line":170,"column":15},"end":{"line":170,"column":76}},"type":"binary-expr","locations":[{"start":{"line":170,"column":15},"end":{"line":170,"column":51}},{"start":{"line":170,"column":55},"end":{"line":170,"column":76}}],"line":170},"16":{"loc":{"start":{"line":175,"column":6},"end":{"line":187,"column":7}},"type":"switch","locations":[{"start":{"line":176,"column":8},"end":{"line":178,"column":16}},{"start":{"line":179,"column":8},"end":{"line":181,"column":16}},{"start":{"line":182,"column":8},"end":{"line":184,"column":16}},{"start":{"line":185,"column":8},"end":{"line":186,"column":34}}],"line":175},"17":{"loc":{"start":{"line":192,"column":13},"end":{"line":192,"column":71}},"type":"binary-expr","locations":[{"start":{"line":192,"column":13},"end":{"line":192,"column":41}},{"start":{"line":192,"column":45},"end":{"line":192,"column":71}}],"line":192},"18":{"loc":{"start":{"line":219,"column":6},"end":{"line":221,"column":7}},"type":"if","locations":[{"start":{"line":219,"column":6},"end":{"line":221,"column":7}},{"start":{},"end":{}}],"line":219},"19":{"loc":{"start":{"line":227,"column":6},"end":{"line":254,"column":7}},"type":"if","locations":[{"start":{"line":227,"column":6},"end":{"line":254,"column":7}},{"start":{"line":232,"column":13},"end":{"line":254,"column":7}}],"line":227},"20":{"loc":{"start":{"line":227,"column":10},"end":{"line":227,"column":81}},"type":"binary-expr","locations":[{"start":{"line":227,"column":10},"end":{"line":227,"column":41}},{"start":{"line":227,"column":45},"end":{"line":227,"column":62}},{"start":{"line":227,"column":66},"end":{"line":227,"column":81}}],"line":227},"21":{"loc":{"start":{"line":232,"column":13},"end":{"line":254,"column":7}},"type":"if","locations":[{"start":{"line":232,"column":13},"end":{"line":254,"column":7}},{"start":{"line":238,"column":13},"end":{"line":254,"column":7}}],"line":232},"22":{"loc":{"start":{"line":232,"column":17},"end":{"line":232,"column":78}},"type":"binary-expr","locations":[{"start":{"line":232,"column":17},"end":{"line":232,"column":53}},{"start":{"line":232,"column":57},"end":{"line":232,"column":78}}],"line":232},"23":{"loc":{"start":{"line":239,"column":8},"end":{"line":251,"column":9}},"type":"switch","locations":[{"start":{"line":240,"column":10},"end":{"line":242,"column":18}},{"start":{"line":243,"column":10},"end":{"line":245,"column":18}},{"start":{"line":246,"column":10},"end":{"line":248,"column":18}},{"start":{"line":249,"column":10},"end":{"line":250,"column":36}}],"line":239},"24":{"loc":{"start":{"line":257,"column":26},"end":{"line":261,"column":28}},"type":"cond-expr","locations":[{"start":{"line":258,"column":10},"end":{"line":258,"column":96}},{"start":{"line":259,"column":10},"end":{"line":261,"column":28}}],"line":257},"25":{"loc":{"start":{"line":257,"column":26},"end":{"line":257,"column":97}},"type":"binary-expr","locations":[{"start":{"line":257,"column":26},"end":{"line":257,"column":57}},{"start":{"line":257,"column":61},"end":{"line":257,"column":78}},{"start":{"line":257,"column":82},"end":{"line":257,"column":97}}],"line":257},"26":{"loc":{"start":{"line":259,"column":10},"end":{"line":261,"column":28}},"type":"cond-expr","locations":[{"start":{"line":260,"column":10},"end":{"line":260,"column":100}},{"start":{"line":261,"column":10},"end":{"line":261,"column":28}}],"line":259},"27":{"loc":{"start":{"line":259,"column":10},"end":{"line":259,"column":71}},"type":"binary-expr","locations":[{"start":{"line":259,"column":10},"end":{"line":259,"column":46}},{"start":{"line":259,"column":50},"end":{"line":259,"column":71}}],"line":259},"28":{"loc":{"start":{"line":332,"column":15},"end":{"line":374,"column":15}},"type":"binary-expr","locations":[{"start":{"line":332,"column":15},"end":{"line":332,"column":46}},{"start":{"line":333,"column":16},"end":{"line":373,"column":23}}],"line":332},"29":{"loc":{"start":{"line":337,"column":22},"end":{"line":337,"column":102}},"type":"cond-expr","locations":[{"start":{"line":337,"column":71},"end":{"line":337,"column":95}},{"start":{"line":337,"column":98},"end":{"line":337,"column":102}}],"line":337},"30":{"loc":{"start":{"line":337,"column":22},"end":{"line":337,"column":68}},"type":"binary-expr","locations":[{"start":{"line":337,"column":22},"end":{"line":337,"column":40}},{"start":{"line":337,"column":44},"end":{"line":337,"column":68}}],"line":337},"31":{"loc":{"start":{"line":341,"column":34},"end":{"line":341,"column":65}},"type":"binary-expr","locations":[{"start":{"line":341,"column":34},"end":{"line":341,"column":51}},{"start":{"line":341,"column":55},"end":{"line":341,"column":65}}],"line":341},"32":{"loc":{"start":{"line":342,"column":22},"end":{"line":346,"column":23}},"type":"if","locations":[{"start":{"line":342,"column":22},"end":{"line":346,"column":23}},{"start":{"line":344,"column":29},"end":{"line":346,"column":23}}],"line":342},"33":{"loc":{"start":{"line":350,"column":30},"end":{"line":350,"column":104}},"type":"cond-expr","locations":[{"start":{"line":350,"column":50},"end":{"line":350,"column":88}},{"start":{"line":350,"column":91},"end":{"line":350,"column":104}}],"line":350},"34":{"loc":{"start":{"line":357,"column":22},"end":{"line":357,"column":74}},"type":"cond-expr","locations":[{"start":{"line":357,"column":43},"end":{"line":357,"column":67}},{"start":{"line":357,"column":70},"end":{"line":357,"column":74}}],"line":357},"35":{"loc":{"start":{"line":361,"column":34},"end":{"line":361,"column":63}},"type":"binary-expr","locations":[{"start":{"line":361,"column":34},"end":{"line":361,"column":49}},{"start":{"line":361,"column":53},"end":{"line":361,"column":63}}],"line":361},"36":{"loc":{"start":{"line":362,"column":22},"end":{"line":366,"column":23}},"type":"if","locations":[{"start":{"line":362,"column":22},"end":{"line":366,"column":23}},{"start":{"line":364,"column":29},"end":{"line":366,"column":23}}],"line":362},"37":{"loc":{"start":{"line":370,"column":28},"end":{"line":370,"column":98}},"type":"cond-expr","locations":[{"start":{"line":370,"column":46},"end":{"line":370,"column":82}},{"start":{"line":370,"column":85},"end":{"line":370,"column":98}}],"line":370},"38":{"loc":{"start":{"line":376,"column":15},"end":{"line":398,"column":15}},"type":"binary-expr","locations":[{"start":{"line":376,"column":15},"end":{"line":376,"column":51}},{"start":{"line":377,"column":16},"end":{"line":397,"column":23}}],"line":376},"39":{"loc":{"start":{"line":381,"column":34},"end":{"line":381,"column":69}},"type":"binary-expr","locations":[{"start":{"line":381,"column":34},"end":{"line":381,"column":55}},{"start":{"line":381,"column":59},"end":{"line":381,"column":69}}],"line":381},"40":{"loc":{"start":{"line":383,"column":22},"end":{"line":387,"column":23}},"type":"if","locations":[{"start":{"line":383,"column":22},"end":{"line":387,"column":23}},{"start":{"line":385,"column":29},"end":{"line":387,"column":23}}],"line":383},"41":{"loc":{"start":{"line":391,"column":23},"end":{"line":393,"column":40}},"type":"cond-expr","locations":[{"start":{"line":392,"column":26},"end":{"line":392,"column":111}},{"start":{"line":393,"column":26},"end":{"line":393,"column":40}}],"line":391},"42":{"loc":{"start":{"line":400,"column":15},"end":{"line":404,"column":15}},"type":"binary-expr","locations":[{"start":{"line":400,"column":15},"end":{"line":400,"column":33}},{"start":{"line":401,"column":16},"end":{"line":403,"column":23}}],"line":400},"43":{"loc":{"start":{"line":436,"column":17},"end":{"line":440,"column":141}},"type":"cond-expr","locations":[{"start":{"line":437,"column":20},"end":{"line":437,"column":128}},{"start":{"line":438,"column":20},"end":{"line":440,"column":141}}],"line":436},"44":{"loc":{"start":{"line":436,"column":17},"end":{"line":436,"column":88}},"type":"binary-expr","locations":[{"start":{"line":436,"column":17},"end":{"line":436,"column":48}},{"start":{"line":436,"column":52},"end":{"line":436,"column":69}},{"start":{"line":436,"column":73},"end":{"line":436,"column":88}}],"line":436},"45":{"loc":{"start":{"line":438,"column":20},"end":{"line":440,"column":141}},"type":"cond-expr","locations":[{"start":{"line":439,"column":20},"end":{"line":439,"column":127}},{"start":{"line":440,"column":20},"end":{"line":440,"column":141}}],"line":438},"46":{"loc":{"start":{"line":438,"column":20},"end":{"line":438,"column":81}},"type":"binary-expr","locations":[{"start":{"line":438,"column":20},"end":{"line":438,"column":56}},{"start":{"line":438,"column":60},"end":{"line":438,"column":81}}],"line":438},"47":{"loc":{"start":{"line":468,"column":28},"end":{"line":468,"column":74}},"type":"binary-expr","locations":[{"start":{"line":468,"column":28},"end":{"line":468,"column":37}},{"start":{"line":468,"column":41},"end":{"line":468,"column":74}}],"line":468},"48":{"loc":{"start":{"line":472,"column":19},"end":{"line":472,"column":63}},"type":"cond-expr","locations":[{"start":{"line":472,"column":31},"end":{"line":472,"column":45}},{"start":{"line":472,"column":48},"end":{"line":472,"column":63}}],"line":472},"49":{"loc":{"start":{"line":482,"column":15},"end":{"line":543,"column":15}},"type":"cond-expr","locations":[{"start":{"line":483,"column":16},"end":{"line":483,"column":100}},{"start":{"line":485,"column":16},"end":{"line":542,"column":28}}],"line":482},"50":{"loc":{"start":{"line":498,"column":24},"end":{"line":498,"column":65}},"type":"cond-expr","locations":[{"start":{"line":498,"column":36},"end":{"line":498,"column":53}},{"start":{"line":498,"column":56},"end":{"line":498,"column":65}}],"line":498},"51":{"loc":{"start":{"line":499,"column":24},"end":{"line":499,"column":73}},"type":"cond-expr","locations":[{"start":{"line":499,"column":40},"end":{"line":499,"column":61}},{"start":{"line":499,"column":64},"end":{"line":499,"column":73}}],"line":499},"52":{"loc":{"start":{"line":504,"column":29},"end":{"line":506,"column":29}},"type":"binary-expr","locations":[{"start":{"line":504,"column":29},"end":{"line":504,"column":38}},{"start":{"line":505,"column":30},"end":{"line":505,"column":74}}],"line":504},"53":{"loc":{"start":{"line":513,"column":30},"end":{"line":515,"column":102}},"type":"cond-expr","locations":[{"start":{"line":513,"column":42},"end":{"line":513,"column":64}},{"start":{"line":514,"column":31},"end":{"line":515,"column":101}}],"line":513},"54":{"loc":{"start":{"line":514,"column":31},"end":{"line":515,"column":101}},"type":"cond-expr","locations":[{"start":{"line":514,"column":64},"end":{"line":514,"column":79}},{"start":{"line":515,"column":31},"end":{"line":515,"column":101}}],"line":514},"55":{"loc":{"start":{"line":515,"column":31},"end":{"line":515,"column":101}},"type":"cond-expr","locations":[{"start":{"line":515,"column":66},"end":{"line":515,"column":84}},{"start":{"line":515,"column":87},"end":{"line":515,"column":101}}],"line":515},"56":{"loc":{"start":{"line":517,"column":31},"end":{"line":518,"column":113}},"type":"cond-expr","locations":[{"start":{"line":517,"column":66},"end":{"line":517,"column":80}},{"start":{"line":518,"column":31},"end":{"line":518,"column":113}}],"line":517},"57":{"loc":{"start":{"line":518,"column":32},"end":{"line":518,"column":73}},"type":"cond-expr","locations":[{"start":{"line":518,"column":65},"end":{"line":518,"column":68}},{"start":{"line":518,"column":71},"end":{"line":518,"column":73}}],"line":518},"58":{"loc":{"start":{"line":532,"column":30},"end":{"line":533,"column":87}},"type":"cond-expr","locations":[{"start":{"line":532,"column":42},"end":{"line":532,"column":60}},{"start":{"line":533,"column":30},"end":{"line":533,"column":87}}],"line":532},"59":{"loc":{"start":{"line":533,"column":30},"end":{"line":533,"column":87}},"type":"cond-expr","locations":[{"start":{"line":533,"column":46},"end":{"line":533,"column":68}},{"start":{"line":533,"column":71},"end":{"line":533,"column":87}}],"line":533},"60":{"loc":{"start":{"line":548,"column":9},"end":{"line":614,"column":9}},"type":"cond-expr","locations":[{"start":{"line":549,"column":10},"end":{"line":581,"column":11}},{"start":{"line":583,"column":10},"end":{"line":613,"column":11}}],"line":548},"61":{"loc":{"start":{"line":549,"column":10},"end":{"line":581,"column":11}},"type":"binary-expr","locations":[{"start":{"line":549,"column":10},"end":{"line":549,"column":27}},{"start":{"line":550,"column":12},"end":{"line":580,"column":19}}],"line":549},"62":{"loc":{"start":{"line":553,"column":19},"end":{"line":553,"column":126}},"t
[...]
},"line":15},"2":{"name":"(anonymous_2)","decl":{"start":{"line":29,"column":39},"end":{"line":29,"column":40}},"loc":{"start":{"line":32,"column":13},"end":{"line":70,"column":1}},"line":32},"3":{"name":"(anonymous_3)","decl":{"start":{"line":45,"column":32},"end":{"line":45,"column":33}},"loc":{"start":{"line":45,"column":47},"end":{"line":60,"column":3}},"line":45},"4":{"name":"(anonymous_4)","decl":{"start":{"line":66,"column":9},"end":{"line":66,"column":10}},"loc":{"start":{"line":66,"column":16},"end":{"line":66,"column":29}},"line":66},"5":{"name":"(anonymous_5)","decl":{"start":{"line":72,"column":33},"end":{"line":72,"column":34}},"loc":{"start":{"line":76,"column":13},"end":{"line":94,"column":1}},"line":76},"6":{"name":"(anonymous_6)","decl":{"start":{"line":92,"column":9},"end":{"line":92,"column":10}},"loc":{"start":{"line":92,"column":16},"end":{"line":92,"column":29}},"line":92},"7":{"name":"(anonymous_7)","decl":{"start":{"line":98,"column":27},"end":{"line":98,"column":28}},"loc":{"start":{"line":98,"column":123},"end":{"line":127,"column":1}},"line":98},"8":{"name":"(anonymous_8)","decl":{"start":{"line":113,"column":17},"end":{"line":113,"column":18}},"loc":{"start":{"line":113,"column":23},"end":{"line":116,"column":7}},"line":113},"9":{"name":"(anonymous_9)","decl":{"start":{"line":130,"column":24},"end":{"line":130,"column":25}},"loc":{"start":{"line":130,"column":120},"end":{"line":195,"column":1}},"line":130},"10":{"name":"(anonymous_10)","decl":{"start":{"line":175,"column":17},"end":{"line":175,"column":18}},"loc":{"start":{"line":175,"column":29},"end":{"line":181,"column":7}},"line":175}},"branchMap":{"0":{"loc":{"start":{"line":7,"column":2},"end":{"line":9,"column":3}},"type":"if","locations":[{"start":{"line":7,"column":2},"end":{"line":9,"column":3}},{"start":{},"end":{}}],"line":7},"1":{"loc":{"start":{"line":11,"column":9},"end":{"line":11,"column":52}},"type":"binary-expr","locations":[{"start":{"line":11,"column":9},"end":{"line":11,"column":46}},{"start":{"line":11,"column":50},"end":{"line":11,"column":52}}],"line":11},"2":{"loc":{"start":{"line":16,"column":2},"end":{"line":16,"column":55}},"type":"if","locations":[{"start":{"line":16,"column":2},"end":{"line":16,"column":55}},{"start":{},"end":{}}],"line":16},"3":{"loc":{"start":{"line":16,"column":6},"end":{"line":16,"column":43}},"type":"binary-expr","locations":[{"start":{"line":16,"column":6},"end":{"line":16,"column":20}},{"start":{"line":16,"column":24},"end":{"line":16,"column":43}}],"line":16},"4":{"loc":{"start":{"line":18,"column":2},"end":{"line":20,"column":3}},"type":"if","locations":[{"start":{"line":18,"column":2},"end":{"line":20,"column":3}},{"start":{},"end":{}}],"line":18},"5":{"loc":{"start":{"line":18,"column":6},"end":{"line":18,"column":90}},"type":"binary-expr","locations":[{"start":{"line":18,"column":6},"end":{"line":18,"column":31}},{"start":{"line":18,"column":35},"end":{"line":18,"column":60}},{"start":{"line":18,"column":64},"end":{"line":18,"column":90}}],"line":18},"6":{"loc":{"start":{"line":31,"column":2},"end":{"line":31,"column":32}},"type":"default-arg","locations":[{"start":{"line":31,"column":30},"end":{"line":31,"column":32}}],"line":31},"7":{"loc":{"start":{"line":33,"column":10},"end":{"line":33,"column":31}},"type":"default-arg","locations":[{"start":{"line":33,"column":27},"end":{"line":33,"column":31}}],"line":33},"8":{"loc":{"start":{"line":33,"column":33},"end":{"line":33,"column":53}},"type":"default-arg","locations":[{"start":{"line":33,"column":46},"end":{"line":33,"column":53}}],"line":33},"9":{"loc":{"start":{"line":47,"column":31},"end":{"line":49,"column":31}},"type":"cond-expr","locations":[{"start":{"line":48,"column":8},"end":{"line":48,"column":45}},{"start":{"line":49,"column":8},"end":{"line":49,"column":31}}],"line":47},"10":{"loc":{"start":{"line":63,"column":8},"end":{"line":63,"column":39}},"type":"cond-expr","locations":[{"start":{"line":63,"column":25},"end":{"line":63,"column":34}},{"start":{"line":63,"column":37},"end":{"line":63,"column":39}}],"line":63},"11":{"loc":{"start":{"line":82,"column":49},"end":{"line":82,"column":90}},"type":"binary-expr","locations":[{"start":{"line":82,"column":49},"end":{"line":82,"column":83}},{"start":{"line":82,"column":87},"end":{"line":82,"column":90}}],"line":82},"12":{"loc":{"start":{"line":83,"column":48},"end":{"line":83,"column":82}},"type":"binary-expr","locations":[{"start":{"line":83,"column":48},"end":{"line":83,"column":75}},{"start":{"line":83,"column":79},"end":{"line":83,"column":82}}],"line":83},"13":{"loc":{"start":{"line":84,"column":50},"end":{"line":84,"column":86}},"type":"binary-expr","locations":[{"start":{"line":84,"column":50},"end":{"line":84,"column":79}},{"start":{"line":84,"column":83},"end":{"line":84,"column":86}}],"line":84},"14":{"loc":{"start":{"line":85,"column":51},"end":{"line":85,"column":89}},"type":"binary-expr","locations":[{"start":{"line":85,"column":51},"end":{"line":85,"column":80}},{"start":{"line":85,"column":84},"end":{"line":85,"column":89}}],"line":85},"15":{"loc":{"start":{"line":86,"column":60},"end":{"line":86,"column":116}},"type":"binary-expr","locations":[{"start":{"line":86,"column":60},"end":{"line":86,"column":109}},{"start":{"line":86,"column":113},"end":{"line":86,"column":116}}],"line":86},"16":{"loc":{"start":{"line":87,"column":52},"end":{"line":87,"column":91}},"type":"binary-expr","locations":[{"start":{"line":87,"column":52},"end":{"line":87,"column":82}},{"start":{"line":87,"column":86},"end":{"line":87,"column":91}}],"line":87},"17":{"loc":{"start":{"line":88,"column":54},"end":{"line":88,"column":111}},"type":"binary-expr","locations":[{"start":{"line":88,"column":54},"end":{"line":88,"column":104}},{"start":{"line":88,"column":108},"end":{"line":88,"column":111}}],"line":88},"18":{"loc":{"start":{"line":99,"column":2},"end":{"line":123,"column":3}},"type":"if","locations":[{"start":{"line":99,"column":2},"end":{"line":123,"column":3}},{"start":{},"end":{}}],"line":99},"19":{"loc":{"start":{"line":131,"column":2},"end":{"line":133,"column":3}},"type":"if","locations":[{"start":{"line":131,"column":2},"end":{"line":133,"column":3}},{"start":{},"end":{}}],"line":131},"20":{"loc":{"start":{"line":141,"column":4},"end":{"line":147,"column":5}},"type":"if","locations":[{"start":{"line":141,"column":4},"end":{"line":147,"column":5}},{"start":{},"end":{}}],"line":141},"21":{"loc":{"start":{"line":166,"column":4},"end":{"line":187,"column":5}},"type":"if","locations":[{"start":{"line":166,"column":4},"end":{"line":187,"column":5}},{"start":{"line":184,"column":11},"end":{"line":187,"column":5}}],"line":166},"22":{"loc":{"start":{"line":192,"column":40},"end":{"line":192,"column":94}},"type":"cond-expr","locations":[{"start":{"line":192,"column":65},"end":{"line":192,"column":78}},{"start":{"line":192,"column":81},"end":{"line":192,"column":94}}],"line":192}},"s":{"0":0,"1":0,"2":0,"3":0,"4":0,"5":0,"6":0,"7":0,"8":0,"9":0,"10":0,"11":0,"12":0,"13":0,"14":0,"15":0,"16":0,"17":0,"18":0,"19":0,"20":0,"21":0,"22":0,"23":0,"24":0,"25":0,"26":0,"27":0,"28":0,"29":0,"30":0,"31":0,"32":0,"33":0,"34":0,"35":0,"36":0,"37":0,"38":0,"39":0,"40":0,"41":0,"42":0,"43":0,"44":0,"45":0,"46":0,"47":0,"48":0,"49":0,"50":0,"51":0,"52":0,"53":0,"54":0,"55":0,"56":0,"57":0,"58":0,"59":0,"60":0,"61":0,"62":0,"63":0,"64":0,"65":0,"66":0,"67":0,"68":0,"69":0},"f":{"0":0,"1":0,"2":0,"3":0,"4":0,"5":0,"6":0,"7":0,"8":0,"9":0,"10":0},"b":{"0":[0,0],"1":[0,0],"2":[0,0],"3":[0,0],"4":[0,0],"5":[0,0,0],"6":[0],"7":[0],"8":[0],"9":[0,0],"10":[0,0],"11":[0,0],"12":[0,0],"13":[0,0],"14":[0,0],"15":[0,0],"16":[0,0],"17":[0,0],"18":[0,0],"19":[0,0],"20":[0,0],"21":[0,0],"22":[0,0]}}
,"/Users/outkastpanda/windsurf-projects/robertos-inventory-app/src/utils/eventEmitter.ts": {"path":"/Users/outkastpanda/windsurf-projects/robertos-inventory-app/src/utils/eventEmitter.ts","statementMap":{"0":{"start":{"line":5,"column":49},"end":{"line":5,"column":58}},"1":{"start":{"line":8,"column":4},"end":{"line":10,"column":5}},"2":{"start":{"line":9,"column":6},"end":{"line":9,"column":33}},"3":{"start":{"line":12,"column":22},"end":{"line":12,"column":45}},"4":{"start":{"line":13,"column":4},"end":{"line":13,"column":29}},"5":{"start":{"line":16,"column":4},"end":{"line":21,"column":6}},"6":{"start":{"line":17,"column":20},"end":{"line":17,"column":47}},"7":{"start":{"line":18,"column":6},"end":{"line":20,"column":7}},"8":{"start":{"line":19,"column":8},"end":{"line":19,"column":35}},"9":{"start":{"line":25,"column":22},"end":{"line":25,"column":44}},"10":{"start":{"line":26,"column":4},"end":{"line":28,"column":5}},"11":{"start":{"line":27,"column":6},"end":{"line":27,"column":55}},"12":{"start":{"line":27,"column":36},"end":{"line":27,"column":53}},"13":{"start":{"line":32,"column":4},"end":{"line":32,"column":40}},"14":{"start":{"line":32,"column":33},"end":{"line":32,"column":40}},"15":{"start":{"line":34,"column":4},"end":{"line":38,"column":5}},"16":{"start":{"line":36,"column":6},"end":{"line":36,"column":32}},"17":{"start":{"line":37,"column":6},"end":{"line":37,"column":13}},"18":{"start":{"line":40,"column":22},"end":{"line":40,"column":45}},"19":{"start":{"line":41,"column":18},"end":{"line":41,"column":45}},"20":{"start":{"line":42,"column":4},"end":{"line":44,"column":5}},"21":{"start":{"line":43,"column":6},"end":{"line":43,"column":33}},"22":{"start":{"line":46,"column":4},"end":{"line":48,"column":5}},"23":{"start":{"line":47,"column":6},"end":{"line":47,"column":32}},"24":{"start":{"line":52,"column":28},"end":{"line":52,"column":46}}},"fnMap":{"0":{"name":"(anonymous_0)","decl":{"start":{"line":7,"column":2},"end":{"line":7,"column":3}},"loc":{"start":{"line":7,"column":57},"end":{"line":22,"column":3}},"line":7},"1":{"name":"(anonymous_1)","decl":{"start":{"line":16,"column":11},"end":{"line":16,"column":12}},"loc":{"start":{"line":16,"column":17},"end":{"line":21,"column":5}},"line":16},"2":{"name":"(anonymous_2)","decl":{"start":{"line":24,"column":2},"end":{"line":24,"column":3}},"loc":{"start":{"line":24,"column":44},"end":{"line":29,"column":3}},"line":24},"3":{"name":"(anonymous_3)","decl":{"start":{"line":27,"column":24},"end":{"line":27,"column":25}},"loc":{"start":{"line":27,"column":36},"end":{"line":27,"column":53}},"line":27},"4":{"name":"(anonymous_4)","decl":{"start":{"line":31,"column":2},"end":{"line":31,"column":3}},"loc":{"start":{"line":31,"column":53},"end":{"line":49,"column":3}},"line":31}},"branchMap":{"0":{"loc":{"start":{"line":8,"column":4},"end":{"line":10,"column":5}},"type":"if","locations":[{"start":{"line":8,"column":4},"end":{"line":10,"column":5}},{"start":{},"end":{}}],"line":8},"1":{"loc":{"start":{"line":18,"column":6},"end":{"line":20,"column":7}},"type":"if","locations":[{"start":{"line":18,"column":6},"end":{"line":20,"column":7}},{"start":{},"end":{}}],"line":18},"2":{"loc":{"start":{"line":26,"column":4},"end":{"line":28,"column":5}},"type":"if","locations":[{"start":{"line":26,"column":4},"end":{"line":28,"column":5}},{"start":{},"end":{}}],"line":26},"3":{"loc":{"start":{"line":32,"column":4},"end":{"line":32,"column":40}},"type":"if","locations":[{"start":{"line":32,"column":4},"end":{"line":32,"column":40}},{"start":{},"end":{}}],"line":32},"4":{"loc":{"start":{"line":34,"column":4},"end":{"line":38,"column":5}},"type":"if","locations":[{"start":{"line":34,"column":4},"end":{"line":38,"column":5}},{"start":{},"end":{}}],"line":34},"5":{"loc":{"start":{"line":42,"column":4},"end":{"line":44,"column":5}},"type":"if","locations":[{"start":{"line":42,"column":4},"end":{"line":44,"column":5}},{"start":{},"end":{}}],"line":42},"6":{"loc":{"start":{"line":46,"column":4},"end":{"line":48,"column":5}},"type":"if","locations":[{"start":{"line":46,"column":4},"end":{"line":48,"column":5}},{"start":{},"end":{}}],"line":46}},"s":{"0":1,"1":0,"2":0,"3":0,"4":0,"5":0,"6":0,"7":0,"8":0,"9":0,"10":0,"11":0,"12":0,"13":0,"14":0,"15":0,"16":0,"17":0,"18":0,"19":0,"20":0,"21":0,"22":0,"23":0,"24":1},"f":{"0":0,"1":0,"2":0,"3":0,"4":0},"b":{"0":[0,0],"1":[0,0],"2":[0,0],"3":[0,0],"4":[0,0],"5":[0,0],"6":[0,0]},"_coverageSchema":"1a1c01bbd47fc00a2c39e90264f33305004495a9","hash":"752f1f74127ea6bd7004fdbdead095c14dd11de0"}
,"/Users/outkastpanda/windsurf-projects/robertos-inventory-app/src/utils/index.ts": {"path":"/Users/outkastpanda/windsurf-projects/robertos-inventory-app/src/utils/index.ts","statementMap":{},"fnMap":{},"branchMap":{},"s":{},"f":{},"b":{},"_coverageSchema":"1a1c01bbd47fc00a2c39e90264f33305004495a9","hash":"27aaaab6a9279f90af25f0e8560b15fe8ff8da3b"}
,"/Users/outkastpanda/windsurf-projects/robertos-inventory-app/src/utils/permissions.tsx": {"path":"/Users/outkastpanda/windsurf-projects/robertos-inventory-app/src/utils/permissions.tsx","statementMap":{"0":{"start":{"line":6,"column":27},"end":{"line":29,"column":10}},"1":{"start":{"line":34,"column":64},"end":{"line":58,"column":1}},"2":{"start":{"line":61,"column":29},"end":{"line":63,"column":1}},"3":{"start":{"line":62,"column":2},"end":{"line":62,"column":53}},"4":{"start":{"line":65,"column":32},"end":{"line":70,"column":1}},"5":{"start":{"line":69,"column":2},"end":{"line":69,"column":73}},"6":{"start":{"line":69,"column":40},"end":{"line":69,"column":71}},"7":{"start":{"line":72,"column":33},"end":{"line":77,"column":1}},"8":{"start":{"line":76,"column":2},"end":{"line":76,"column":74}},"9":{"start":{"line":76,"column":41},"end":{"line":76,"column":72}},"10":{"start":{"line":80,"column":35},"end":{"line":96,"column":1}},"11":{"start":{"line":84,"column":27},"end":{"line":92,"column":3}},"12":{"start":{"line":85,"column":25},"end":{"line":85,"column":34}},"13":{"start":{"line":87,"column":4},"end":{"line":89,"column":5}},"14":{"start":{"line":88,"column":6},"end":{"line":88,"column":18}},"15":{"start":{"line":91,"column":4},"end":{"line":91,"column":36}},"16":{"start":{"line":94,"column":2},"end":{"line":94,"column":99}},"17":{"start":{"line":95,"column":2},"end":{"line":95,"column":26}},"18":{"start":{"line":99,"column":30},"end":{"line":125,"column":1}},"19":{"start":{"line":100,"column":29},"end":{"line":100,"column":38}},"20":{"start":{"line":102,"column":26},"end":{"line":105,"column":3}},"21":{"start":{"line":103,"column":4},"end":{"line":103,"column":41}},"22":{"start":{"line":103,"column":28},"end":{"line":103,"column":41}},"23":{"start":{"line":104,"column":4},"end":{"line":104,"column":47}},"24":{"start":{"line":107,"column":29},"end":{"line":110,"column":3}},"25":{"start":{"line":108,"column":4},"end":{"line":108,"column":41}},"26":{"start":{"line":108,"column":28},"end":{"line":108,"column":41}},"27":{"start":{"line":109,"column":4},"end":{"line":109,"column":51}},"28":{"start":{"line":112,"column":30},"end":{"line":115,"column":3}},"29":{"start":{"line":113,"column":4},"end":{"line":113,"column":41}},"30":{"start":{"line":113,"column":28},"end":{"line":113,"column":41}},"31":{"start":{"line":114,"column":4},"end":{"line":114,"column":52}},"32":{"start":{"line":117,"column":2},"end":{"line":124,"column":4}}},"fnMap":{"0":{"name":"(anonymous_0)","decl":{"start":{"line":61,"column":29},"end":{"line":61,"column":30}},"loc":{"start":{"line":61,"column":82},"end":{"line":63,"column":1}},"line":61},"1":{"name":"(anonymous_1)","decl":{"start":{"line":65,"column":32},"end":{"line":65,"column":33}},"loc":{"start":{"line":68,"column":14},"end":{"line":70,"column":1}},"line":68},"2":{"name":"(anonymous_2)","decl":{"start":{"line":69,"column":26},"end":{"line":69,"column":27}},"loc":{"start":{"line":69,"column":40},"end":{"line":69,"column":71}},"line":69},"3":{"name":"(anonymous_3)","decl":{"start":{"line":72,"column":33},"end":{"line":72,"column":34}},"loc":{"start":{"line":75,"column":14},"end":{"line":77,"column":1}},"line":75},"4":{"name":"(anonymous_4)","decl":{"start":{"line":76,"column":27},"end":{"line":76,"column":28}},"loc":{"start":{"line":76,"column":41},"end":{"line":76,"column":72}},"line":76},"5":{"name":"(anonymous_5)","decl":{"start":{"line":80,"column":35},"end":{"line":80,"column":36}},"loc":{"start":{"line":83,"column":18},"end":{"line":96,"column":1}},"line":83},"6":{"name":"(anonymous_6)","decl":{"start":{"line":84,"column":27},"end":{"line":84,"column":28}},"loc":{"start":{"line":84,"column":41},"end":{"line":92,"column":3}},"line":84},"7":{"name":"(anonymous_7)","decl":{"start":{"line":99,"column":30},"end":{"line":99,"column":31}},"loc":{"start":{"line":99,"column":36},"end":{"line":125,"column":1}},"line":99},"8":{"name":"(anonymous_8)","decl":{"start":{"line":102,"column":26},"end":{"line":102,"column":27}},"loc":{"start":{"line":102,"column":63},"end":{"line":105,"column":3}},"line":102},"9":{"name":"(anonymous_9)","decl":{"start":{"line":107,"column":29},"end":{"line":107,"column":30}},"loc":{"start":{"line":107,"column":69},"end":{"line":110,"column":3}},"line":107},"10":{"name":"(anonymous_10)","decl":{"start":{"line":112,"column":30},"end":{"line":112,"column":31}},"loc":{"start":{"line":112,"column":70},"end":{"line":115,"column":3}},"line":112}},"branchMap":{"0":{"loc":{"start":{"line":87,"column":4},"end":{"line":89,"column":5}},"type":"if","locations":[{"start":{"line":87,"column":4},"end":{"line":89,"column":5}},{"start":{},"end":{}}],"line":87},"1":{"loc":{"start":{"line":87,"column":8},"end":{"line":87,"column":65}},"type":"binary-expr","locations":[{"start":{"line":87,"column":8},"end":{"line":87,"column":17}},{"start":{"line":87,"column":21},"end":{"line":87,"column":65}}],"line":87},"2":{"loc":{"start":{"line":94,"column":56},"end":{"line":94,"column":95}},"type":"binary-expr","locations":[{"start":{"line":94,"column":56},"end":{"line":94,"column":77}},{"start":{"line":94,"column":81},"end":{"line":94,"column":95}}],"line":94},"3":{"loc":{"start":{"line":103,"column":4},"end":{"line":103,"column":41}},"type":"if","locations":[{"start":{"line":103,"column":4},"end":{"line":103,"column":41}},{"start":{},"end":{}}],"line":103},"4":{"loc":{"start":{"line":103,"column":8},"end":{"line":103,"column":26}},"type":"binary-expr","locations":[{"start":{"line":103,"column":8},"end":{"line":103,"column":13}},{"start":{"line":103,"column":17},"end":{"line":103,"column":26}}],"line":103},"5":{"loc":{"start":{"line":108,"column":4},"end":{"line":108,"column":41}},"type":"if","locations":[{"start":{"line":108,"column":4},"end":{"line":108,"column":41}},{"start":{},"end":{}}],"line":108},"6":{"loc":{"start":{"line":108,"column":8},"end":{"line":108,"column":26}},"type":"binary-expr","locations":[{"start":{"line":108,"column":8},"end":{"line":108,"column":13}},{"start":{"line":108,"column":17},"end":{"line":108,"column":26}}],"line":108},"7":{"loc":{"start":{"line":113,"column":4},"end":{"line":113,"column":41}},"type":"if","locations":[{"start":{"line":113,"column":4},"end":{"line":113,"column":41}},{"start":{},"end":{}}],"line":113},"8":{"loc":{"start":{"line":113,"column":8},"end":{"line":113,"column":26}},"type":"binary-expr","locations":[{"start":{"line":113,"column":8},"end":{"line":113,"column":13}},{"start":{"line":113,"column":17},"end":{"line":113,"column":26}}],"line":113}},"s":{"0":1,"1":1,"2":1,"3":0,"4":1,"5":0,"6":0,"7":1,"8":0,"9":0,"10":1,"11":0,"12":0,"13":0,"14":0,"15":0,"16":0,"17":0,"18":1,"19":4,"20":4,"21":0,"22":0,"23":0,"24":4,"25":4,"26":4,"27":0,"28":4,"29":0,"30":0,"31":0,"32":4},"f":{"0":0,"1":0,"2":0,"3":0,"4":0,"5":0,"6":0,"7":4,"8":0,"9":4,"10":0},"b":{"0":[0,0],"1":[0,0],"2":[0,0],"3":[0,0],"4":[0,0],"5":[4,0],"6":[4,4],"7":[0,0],"8":[0,0]},"_coverageSchema":"1a1c01bbd47fc00a2c39e90264f33305004495a9","hash":"784dcf42f091d6982a0708fd53984bb935dffe8a"}
,"/Users/outkastpanda/windsurf-projects/robertos-inventory-app/web/index.js": {"path":"/Users/outkastpanda/windsurf-projects/robertos-inventory-app/web/index.js","statementMap":{"0":{"start":{"line":7,"column":0},"end":{"line":7,"column":27}}},"fnMap":{},"branchMap":{},"s":{"0":0},"f":{},"b":{}}
}
