TN:
SF:babel-plugin-import-meta-fix.js
FN:1,(anonymous_0)
FN:5,(anonymous_1)
FNF:2
FNH:0
FNDA:0,(anonymous_0)
FNDA:0,(anonymous_1)
DA:1,0
DA:2,0
DA:6,0
DA:8,0
DA:10,0
DA:18,0
LF:6
LH:0
BRDA:6,0,0,0
BRDA:6,0,1,0
BRDA:6,1,0,0
BRDA:6,1,1,0
BRDA:8,2,0,0
BRDA:8,2,1,0
BRDA:8,3,0,0
BRDA:8,3,1,0
BRF:8
BRH:0
end_of_record
TN:
SF:eslint.config.js
FNF:0
FNH:0
DA:2,0
DA:3,0
DA:5,0
LF:3
LH:0
BRF:0
BRH:0
end_of_record
TN:
SF:expo-env.d.ts
FNF:0
FNH:0
LF:0
LH:0
BRF:0
BRH:0
end_of_record
TN:
SF:jest.environment.js
FN:4,(anonymous_0)
FN:8,(anonymous_1)
FN:22,(anonymous_2)
FN:28,(anonymous_3)
FNF:4
FNH:0
FNDA:0,(anonymous_0)
FNDA:0,(anonymous_1)
FNDA:0,(anonymous_2)
FNDA:0,(anonymous_3)
DA:1,0
DA:5,0
DA:9,0
DA:12,0
DA:19,0
DA:22,0
DA:25,0
DA:29,0
DA:33,0
LF:9
LH:0
BRF:0
BRH:0
end_of_record
TN:
SF:.expo/types/router.d.ts
FNF:0
FNH:0
LF:0
LH:0
BRF:0
BRH:0
end_of_record
TN:
SF:app/_layout.tsx
FN:17,RootLayout
FN:22,(anonymous_1)
FN:23,(anonymous_2)
FNF:3
FNH:0
FNDA:0,RootLayout
FNDA:0,(anonymous_1)
FNDA:0,(anonymous_2)
DA:13,0
DA:18,0
DA:19,0
DA:20,0
DA:22,0
DA:23,0
DA:24,0
DA:25,0
DA:28,0
DA:29,0
DA:32,0
DA:33,0
DA:36,0
DA:37,0
DA:39,0
DA:41,0
DA:45,0
DA:49,0
DA:50,0
DA:53,0
LF:20
LH:0
BRDA:49,0,0,0
BRDA:49,0,1,0
BRDA:55,1,0,0
BRDA:55,1,1,0
BRF:4
BRH:0
end_of_record
TN:
SF:app/modal.tsx
FN:7,ModalScreen
FNF:1
FNH:0
FNDA:0,ModalScreen
DA:8,0
DA:10,0
DA:11,0
DA:18,0
LF:4
LH:0
BRDA:10,0,0,0
BRDA:10,0,1,0
BRF:2
BRH:0
end_of_record
TN:
SF:app/(tabs)/_layout.tsx
FN:11,TabLayout
FN:26,(anonymous_1)
FN:34,(anonymous_2)
FN:52,(anonymous_3)
FN:59,(anonymous_4)
FN:67,(anonymous_5)
FN:75,(anonymous_6)
FN:83,(anonymous_7)
FN:86,(anonymous_8)
FNF:9
FNH:0
FNDA:0,TabLayout
FNDA:0,(anonymous_1)
FNDA:0,(anonymous_2)
FNDA:0,(anonymous_3)
FNDA:0,(anonymous_4)
FNDA:0,(anonymous_5)
FNDA:0,(anonymous_6)
FNDA:0,(anonymous_7)
FNDA:0,(anonymous_8)
DA:12,0
DA:13,0
DA:14,0
DA:15,0
DA:18,0
DA:19,0
DA:22,0
DA:23,0
DA:24,0
DA:26,0
DA:27,0
DA:28,0
DA:30,0
DA:31,0
DA:34,0
DA:35,0
DA:36,0
DA:39,0
DA:52,0
DA:59,0
DA:67,0
DA:75,0
DA:83,0
DA:87,0
DA:88,0
DA:89,0
LF:26
LH:0
BRDA:18,0,0,0
BRDA:18,0,1,0
BRDA:18,1,0,0
BRDA:18,1,1,0
BRDA:22,2,0,0
BRDA:22,2,1,0
BRDA:24,3,0,0
BRDA:24,3,1,0
BRDA:43,4,0,0
BRDA:43,4,1,0
BRDA:46,5,0,0
BRDA:46,5,1,0
BRDA:60,6,0,0
BRDA:60,6,1,0
BRDA:68,7,0,0
BRDA:68,7,1,0
BRDA:76,8,0,0
BRDA:76,8,1,0
BRF:18
BRH:0
end_of_record
TN:
SF:app/(tabs)/index.tsx
FN:9,HomeScreen
FN:22,(anonymous_1)
FNF:2
FNH:0
FNDA:0,HomeScreen
FNDA:0,(anonymous_1)
DA:10,0
DA:11,0
DA:14,0
DA:15,0
DA:19,0
DA:20,0
DA:30,0
LF:7
LH:0
BRDA:14,0,0,0
BRDA:14,0,1,0
BRDA:14,1,0,0
BRDA:14,1,1,0
BRDA:19,2,0,0
BRDA:19,2,1,0
BRF:6
BRH:0
end_of_record
TN:
SF:app/(tabs)/logout.tsx
FN:7,LogoutScreen
FN:10,(anonymous_1)
FNF:2
FNH:0
FNDA:0,LogoutScreen
FNDA:0,(anonymous_1)
DA:8,0
DA:10,0
DA:11,0
DA:14,0
DA:26,0
LF:5
LH:0
BRF:0
BRH:0
end_of_record
TN:
SF:app/(tabs)/manage-categories.tsx
FN:5,ManageCategoriesScreen
FNF:1
FNH:0
FNDA:0,ManageCategoriesScreen
DA:6,0
DA:13,0
LF:2
LH:0
BRF:0
BRH:0
end_of_record
TN:
SF:app/(tabs)/manage-users.tsx
FN:32,ManageUsersScreen
FN:54,(anonymous_1)
FN:58,(anonymous_2)
FN:70,(anonymous_3)
FN:106,(anonymous_4)
FN:120,(anonymous_5)
FN:138,(anonymous_6)
FN:150,(anonymous_7)
FN:203,(anonymous_8)
FN:216,(anonymous_9)
FN:223,(anonymous_10)
FN:240,(anonymous_11)
FN:247,(anonymous_12)
FN:260,(anonymous_13)
FN:274,(anonymous_14)
FN:281,(anonymous_15)
FN:302,(anonymous_16)
FN:330,(anonymous_17)
FN:340,(anonymous_18)
FN:351,(anonymous_19)
FN:371,(anonymous_20)
FN:381,(anonymous_21)
FN:389,(anonymous_22)
FN:397,(anonymous_23)
FN:408,(anonymous_24)
FN:419,(anonymous_25)
FN:423,(anonymous_26)
FN:435,(anonymous_27)
FN:463,(anonymous_28)
FN:485,(anonymous_29)
FN:493,(anonymous_30)
FN:504,(anonymous_31)
FN:515,(anonymous_32)
FN:519,(anonymous_33)
FN:531,(anonymous_34)
FNF:35
FNH:12
FNDA:13,ManageUsersScreen
FNDA:4,(anonymous_1)
FNDA:4,(anonymous_2)
FNDA:0,(anonymous_3)
FNDA:0,(anonymous_4)
FNDA:0,(anonymous_5)
FNDA:0,(anonymous_6)
FNDA:0,(anonymous_7)
FNDA:8,(anonymous_8)
FNDA:8,(anonymous_9)
FNDA:0,(anonymous_10)
FNDA:16,(anonymous_11)
FNDA:16,(anonymous_12)
FNDA:40,(anonymous_13)
FNDA:0,(anonymous_14)
FNDA:16,(anonymous_15)
FNDA:16,(anonymous_16)
FNDA:0,(anonymous_17)
FNDA:0,(anonymous_18)
FNDA:0,(anonymous_19)
FNDA:0,(anonymous_20)
FNDA:0,(anonymous_21)
FNDA:0,(anonymous_22)
FNDA:0,(anonymous_23)
FNDA:0,(anonymous_24)
FNDA:12,(anonymous_25)
FNDA:0,(anonymous_26)
FNDA:0,(anonymous_27)
FNDA:0,(anonymous_28)
FNDA:0,(anonymous_29)
FNDA:0,(anonymous_30)
FNDA:0,(anonymous_31)
FNDA:12,(anonymous_32)
FNDA:0,(anonymous_33)
FNDA:0,(anonymous_34)
DA:33,13
DA:34,13
DA:35,12
DA:36,12
DA:37,12
DA:38,12
DA:39,12
DA:46,12
DA:54,12
DA:55,4
DA:58,12
DA:59,4
DA:60,4
DA:61,4
DA:62,4
DA:64,0
DA:66,4
DA:70,12
DA:71,0
DA:72,0
DA:73,0
DA:76,0
DA:77,0
DA:78,0
DA:81,0
DA:82,0
DA:83,0
DA:86,0
DA:87,0
DA:88,0
DA:91,0
DA:92,0
DA:93,0
DA:94,0
DA:95,0
DA:96,0
DA:97,0
DA:99,0
DA:102,0
DA:106,12
DA:107,0
DA:108,0
DA:109,0
DA:112,0
DA:121,0
DA:122,0
DA:123,0
DA:124,0
DA:125,0
DA:127,0
DA:130,0
DA:138,12
DA:139,0
DA:140,0
DA:147,0
DA:150,12
DA:151,0
DA:153,0
DA:154,0
DA:155,0
DA:159,0
DA:160,0
DA:161,0
DA:162,0
DA:165,0
DA:166,0
DA:167,0
DA:170,0
DA:171,0
DA:172,0
DA:176,0
DA:177,0
DA:184,0
DA:185,0
DA:188,0
DA:189,0
DA:190,0
DA:191,0
DA:192,0
DA:193,0
DA:194,0
DA:196,0
DA:199,0
DA:203,12
DA:204,8
DA:206,8
DA:208,0
DA:210,8
DA:212,0
DA:216,12
DA:217,8
DA:218,8
DA:220,0
DA:223,12
DA:225,0
DA:226,0
DA:227,0
DA:228,0
DA:229,0
DA:230,0
DA:232,0
DA:235,0
DA:240,12
DA:241,16
DA:242,16
DA:244,8
DA:247,12
DA:248,16
DA:250,8
DA:252,0
DA:254,8
DA:256,0
DA:260,12
DA:261,40
DA:264,12
DA:274,0
DA:281,16
DA:303,16
DA:330,0
DA:340,0
DA:351,0
DA:371,0
DA:381,0
DA:389,0
DA:397,0
DA:408,0
DA:420,12
DA:423,0
DA:435,0
DA:464,0
DA:465,0
DA:466,0
DA:485,0
DA:493,0
DA:504,0
DA:516,12
DA:519,0
DA:532,0
DA:533,0
DA:534,0
DA:558,1
LF:141
LH:44
BRDA:71,0,0,0
BRDA:71,0,1,0
BRDA:71,1,0,0
BRDA:71,1,1,0
BRDA:71,1,2,0
BRDA:76,2,0,0
BRDA:76,2,1,0
BRDA:81,3,0,0
BRDA:81,3,1,0
BRDA:86,4,0,0
BRDA:86,4,1,0
BRDA:93,5,0,0
BRDA:93,5,1,0
BRDA:107,6,0,0
BRDA:107,6,1,0
BRDA:123,7,0,0
BRDA:123,7,1,0
BRDA:151,8,0,0
BRDA:151,8,1,0
BRDA:153,9,0,0
BRDA:153,9,1,0
BRDA:159,10,0,0
BRDA:159,10,1,0
BRDA:160,11,0,0
BRDA:160,11,1,0
BRDA:165,12,0,0
BRDA:165,12,1,0
BRDA:170,13,0,0
BRDA:170,13,1,0
BRDA:184,14,0,0
BRDA:184,14,1,0
BRDA:189,15,0,0
BRDA:189,15,1,0
BRDA:204,16,0,0
BRDA:204,16,1,8
BRDA:206,17,0,0
BRDA:206,17,1,8
BRDA:206,17,2,0
BRDA:217,18,0,0
BRDA:217,18,1,8
BRDA:218,19,0,8
BRDA:218,19,1,0
BRDA:225,20,0,0
BRDA:225,20,1,0
BRDA:228,21,0,0
BRDA:228,21,1,0
BRDA:241,22,0,0
BRDA:241,22,1,16
BRDA:242,23,0,8
BRDA:242,23,1,8
BRDA:248,24,0,8
BRDA:248,24,1,0
BRDA:248,24,2,8
BRDA:248,24,3,0
BRDA:290,25,0,4
BRDA:290,25,1,8
BRDA:315,26,0,0
BRDA:315,26,1,16
BRDA:318,27,0,0
BRDA:318,27,1,16
BRDA:326,28,0,16
BRDA:326,28,1,0
BRDA:336,29,0,8
BRDA:336,29,1,0
BRDA:347,30,0,8
BRDA:347,30,1,0
BRDA:347,30,2,0
BRDA:407,31,0,4
BRDA:407,31,1,4
BRDA:445,32,0,4
BRDA:445,32,1,0
BRDA:445,32,2,0
BRDA:445,32,3,0
BRDA:445,32,4,0
BRDA:476,33,0,4
BRDA:476,33,1,4
BRF:76
BRH:21
end_of_record
TN:
SF:app/(tabs)/reports.tsx
FN:40,(anonymous_0)
FN:54,ReportsScreen
FN:74,(anonymous_2)
FN:87,(anonymous_3)
FN:93,(anonymous_4)
FN:112,(anonymous_5)
FN:127,(anonymous_6)
FN:133,(anonymous_7)
FN:141,(anonymous_8)
FN:145,(anonymous_9)
FN:152,(anonymous_10)
FN:157,(anonymous_11)
FN:190,(anonymous_12)
FN:198,(anonymous_13)
FN:200,(anonymous_14)
FN:200,(anonymous_15)
FN:201,(anonymous_16)
FN:201,(anonymous_17)
FN:213,(anonymous_18)
FN:297,(anonymous_19)
FN:304,(anonymous_20)
FN:311,(anonymous_21)
FN:318,(anonymous_22)
FN:325,(anonymous_23)
FN:339,(anonymous_24)
FN:359,(anonymous_25)
FN:380,(anonymous_26)
FN:410,(anonymous_27)
FN:417,(anonymous_28)
FN:424,(anonymous_29)
FN:493,(anonymous_30)
FN:557,(anonymous_31)
FN:575,(anonymous_32)
FN:589,(anonymous_33)
FN:619,(anonymous_34)
FN:634,(anonymous_35)
FNF:36
FNH:0
FNDA:0,(anonymous_0)
FNDA:0,ReportsScreen
FNDA:0,(anonymous_2)
FNDA:0,(anonymous_3)
FNDA:0,(anonymous_4)
FNDA:0,(anonymous_5)
FNDA:0,(anonymous_6)
FNDA:0,(anonymous_7)
FNDA:0,(anonymous_8)
FNDA:0,(anonymous_9)
FNDA:0,(anonymous_10)
FNDA:0,(anonymous_11)
FNDA:0,(anonymous_12)
FNDA:0,(anonymous_13)
FNDA:0,(anonymous_14)
FNDA:0,(anonymous_15)
FNDA:0,(anonymous_16)
FNDA:0,(anonymous_17)
FNDA:0,(anonymous_18)
FNDA:0,(anonymous_19)
FNDA:0,(anonymous_20)
FNDA:0,(anonymous_21)
FNDA:0,(anonymous_22)
FNDA:0,(anonymous_23)
FNDA:0,(anonymous_24)
FNDA:0,(anonymous_25)
FNDA:0,(anonymous_26)
FNDA:0,(anonymous_27)
FNDA:0,(anonymous_28)
FNDA:0,(anonymous_29)
FNDA:0,(anonymous_30)
FNDA:0,(anonymous_31)
FNDA:0,(anonymous_32)
FNDA:0,(anonymous_33)
FNDA:0,(anonymous_34)
FNDA:0,(anonymous_35)
DA:40,0
DA:41,0
DA:44,0
DA:45,0
DA:47,0
DA:48,0
DA:51,0
DA:55,0
DA:56,0
DA:57,0
DA:58,0
DA:59,0
DA:64,0
DA:65,0
DA:66,0
DA:67,0
DA:68,0
DA:69,0
DA:74,0
DA:75,0
DA:76,0
DA:77,0
DA:79,0
DA:87,0
DA:88,0
DA:91,0
DA:93,0
DA:94,0
DA:95,0
DA:97,0
DA:98,0
DA:100,0
DA:103,0
DA:104,0
DA:105,0
DA:107,0
DA:112,0
DA:113,0
DA:114,0
DA:116,0
DA:117,0
DA:118,0
DA:119,0
DA:121,0
DA:123,0
DA:127,0
DA:128,0
DA:132,0
DA:134,0
DA:135,0
DA:140,0
DA:142,0
DA:143,0
DA:146,0
DA:147,0
DA:152,0
DA:153,0
DA:156,0
DA:157,0
DA:158,0
DA:163,0
DA:165,0
DA:167,0
DA:168,0
DA:169,0
DA:170,0
DA:171,0
DA:172,0
DA:173,0
DA:175,0
DA:177,0
DA:178,0
DA:180,0
DA:181,0
DA:183,0
DA:184,0
DA:186,0
DA:190,0
DA:191,0
DA:192,0
DA:195,0
DA:198,0
DA:199,0
DA:200,0
DA:201,0
DA:203,0
DA:210,0
DA:211,0
DA:213,0
DA:214,0
DA:215,0
DA:217,0
DA:219,0
DA:220,0
DA:225,0
DA:227,0
DA:228,0
DA:229,0
DA:230,0
DA:231,0
DA:232,0
DA:233,0
DA:234,0
DA:235,0
DA:236,0
DA:237,0
DA:239,0
DA:241,0
DA:242,0
DA:244,0
DA:245,0
DA:247,0
DA:248,0
DA:250,0
DA:252,0
DA:253,0
DA:257,0
DA:263,0
DA:265,0
DA:267,0
DA:274,0
DA:275,0
DA:281,0
DA:285,0
DA:297,0
DA:304,0
DA:311,0
DA:318,0
DA:325,0
DA:340,0
DA:341,0
DA:342,0
DA:343,0
DA:345,0
DA:360,0
DA:361,0
DA:362,0
DA:363,0
DA:365,0
DA:381,0
DA:382,0
DA:383,0
DA:384,0
DA:386,0
DA:410,0
DA:417,0
DA:424,0
DA:494,0
DA:495,0
DA:496,0
DA:558,0
DA:559,0
DA:560,0
DA:562,0
DA:565,0
DA:575,0
DA:591,0
DA:592,0
DA:593,0
DA:594,0
DA:595,0
DA:597,0
DA:602,0
DA:603,0
DA:604,0
DA:606,0
DA:609,0
DA:619,0
DA:634,0
DA:647,0
LF:170
LH:0
BRDA:41,0,0,0
BRDA:41,0,1,0
BRDA:47,1,0,0
BRDA:47,1,1,0
BRDA:48,2,0,0
BRDA:48,2,1,0
BRDA:91,3,0,0
BRDA:91,3,1,0
BRDA:91,3,2,0
BRDA:94,4,0,0
BRDA:94,4,1,0
BRDA:97,5,0,0
BRDA:97,5,1,0
BRDA:97,6,0,0
BRDA:97,6,1,0
BRDA:103,7,0,0
BRDA:103,7,1,0
BRDA:103,8,0,0
BRDA:103,8,1,0
BRDA:105,9,0,0
BRDA:105,9,1,0
BRDA:156,10,0,0
BRDA:156,10,1,0
BRDA:158,11,0,0
BRDA:158,11,1,0
BRDA:167,12,0,0
BRDA:167,12,1,0
BRDA:167,13,0,0
BRDA:167,13,1,0
BRDA:167,13,2,0
BRDA:170,14,0,0
BRDA:170,14,1,0
BRDA:170,15,0,0
BRDA:170,15,1,0
BRDA:175,16,0,0
BRDA:175,16,1,0
BRDA:175,16,2,0
BRDA:175,16,3,0
BRDA:192,17,0,0
BRDA:192,17,1,0
BRDA:219,18,0,0
BRDA:219,18,1,0
BRDA:227,19,0,0
BRDA:227,19,1,0
BRDA:227,20,0,0
BRDA:227,20,1,0
BRDA:227,20,2,0
BRDA:232,21,0,0
BRDA:232,21,1,0
BRDA:232,22,0,0
BRDA:232,22,1,0
BRDA:239,23,0,0
BRDA:239,23,1,0
BRDA:239,23,2,0
BRDA:239,23,3,0
BRDA:257,24,0,0
BRDA:257,24,1,0
BRDA:257,25,0,0
BRDA:257,25,1,0
BRDA:257,25,2,0
BRDA:259,26,0,0
BRDA:259,26,1,0
BRDA:259,27,0,0
BRDA:259,27,1,0
BRDA:332,28,0,0
BRDA:332,28,1,0
BRDA:337,29,0,0
BRDA:337,29,1,0
BRDA:337,30,0,0
BRDA:337,30,1,0
BRDA:341,31,0,0
BRDA:341,31,1,0
BRDA:342,32,0,0
BRDA:342,32,1,0
BRDA:350,33,0,0
BRDA:350,33,1,0
BRDA:357,34,0,0
BRDA:357,34,1,0
BRDA:361,35,0,0
BRDA:361,35,1,0
BRDA:362,36,0,0
BRDA:362,36,1,0
BRDA:370,37,0,0
BRDA:370,37,1,0
BRDA:376,38,0,0
BRDA:376,38,1,0
BRDA:381,39,0,0
BRDA:381,39,1,0
BRDA:383,40,0,0
BRDA:383,40,1,0
BRDA:391,41,0,0
BRDA:391,41,1,0
BRDA:400,42,0,0
BRDA:400,42,1,0
BRDA:436,43,0,0
BRDA:436,43,1,0
BRDA:436,44,0,0
BRDA:436,44,1,0
BRDA:436,44,2,0
BRDA:438,45,0,0
BRDA:438,45,1,0
BRDA:438,46,0,0
BRDA:438,46,1,0
BRDA:468,47,0,0
BRDA:468,47,1,0
BRDA:472,48,0,0
BRDA:472,48,1,0
BRDA:482,49,0,0
BRDA:482,49,1,0
BRDA:498,50,0,0
BRDA:498,50,1,0
BRDA:499,51,0,0
BRDA:499,51,1,0
BRDA:504,52,0,0
BRDA:504,52,1,0
BRDA:513,53,0,0
BRDA:513,53,1,0
BRDA:514,54,0,0
BRDA:514,54,1,0
BRDA:515,55,0,0
BRDA:515,55,1,0
BRDA:517,56,0,0
BRDA:517,56,1,0
BRDA:518,57,0,0
BRDA:518,57,1,0
BRDA:532,58,0,0
BRDA:532,58,1,0
BRDA:533,59,0,0
BRDA:533,59,1,0
BRDA:548,60,0,0
BRDA:548,60,1,0
BRDA:549,61,0,0
BRDA:549,61,1,0
BRDA:553,62,0,0
BRDA:553,62,1,0
BRDA:553,63,0,0
BRDA:553,63,1,0
BRDA:558,64,0,0
BRDA:558,64,1,0
BRDA:559,65,0,0
BRDA:559,65,1,0
BRDA:569,66,0,0
BRDA:569,66,1,0
BRDA:569,67,0,0
BRDA:569,67,1,0
BRDA:571,68,0,0
BRDA:571,68,1,0
BRDA:583,69,0,0
BRDA:583,69,1,0
BRDA:586,70,0,0
BRDA:586,70,1,0
BRDA:587,71,0,0
BRDA:587,71,1,0
BRDA:591,72,0,0
BRDA:591,72,1,0
BRDA:593,73,0,0
BRDA:593,73,1,0
BRDA:594,74,0,0
BRDA:594,74,1,0
BRDA:602,75,0,0
BRDA:602,75,1,0
BRDA:602,76,0,0
BRDA:602,76,1,0
BRDA:603,77,0,0
BRDA:603,77,1,0
BRDA:625,78,0,0
BRDA:625,78,1,0
BRDA:627,79,0,0
BRDA:627,79,1,0
BRF:169
BRH:0
end_of_record
TN:
SF:components/LoadingScreen.tsx
FN:6,LoadingScreen
FNF:1
FNH:0
FNDA:0,LoadingScreen
DA:7,0
DA:8,0
DA:10,0
DA:20,0
LF:4
LH:0
BRDA:8,0,0,0
BRDA:8,0,1,0
BRF:2
BRH:0
end_of_record
TN:
SF:components/external-link.tsx
FN:7,ExternalLink
FN:13,(anonymous_1)
FNF:2
FNH:0
FNDA:0,ExternalLink
FNDA:0,(anonymous_1)
DA:8,0
DA:14,0
DA:16,0
DA:18,0
LF:4
LH:0
BRDA:14,0,0,0
BRDA:14,0,1,0
BRF:2
BRH:0
end_of_record
TN:
SF:components/haptic-tab.tsx
FN:5,HapticTab
FN:9,(anonymous_1)
FNF:2
FNH:0
FNDA:0,HapticTab
FNDA:0,(anonymous_1)
DA:6,0
DA:10,0
DA:12,0
DA:14,0
LF:4
LH:0
BRDA:10,0,0,0
BRDA:10,0,1,0
BRF:2
BRH:0
end_of_record
TN:
SF:components/hello-wave.tsx
FN:3,HelloWave
FNF:1
FNH:0
FNDA:0,HelloWave
DA:4,0
LF:1
LH:0
BRF:0
BRH:0
end_of_record
TN:
SF:components/themed-text.tsx
FN:11,ThemedText
FNF:1
FNH:0
FNDA:0,ThemedText
DA:18,0
DA:20,0
DA:36,0
LF:3
LH:0
BRDA:15,0,0,0
BRDA:24,1,0,0
BRDA:24,1,1,0
BRDA:25,2,0,0
BRDA:25,2,1,0
BRDA:26,3,0,0
BRDA:26,3,1,0
BRDA:27,4,0,0
BRDA:27,4,1,0
BRDA:28,5,0,0
BRDA:28,5,1,0
BRF:11
BRH:0
end_of_record
TN:
SF:components/themed-view.tsx
FN:10,ThemedView
FNF:1
FNH:0
FNDA:0,ThemedView
DA:11,0
DA:13,0
LF:2
LH:0
BRF:0
BRH:0
end_of_record
TN:
SF:components/ui/collapsible.tsx
FN:10,Collapsible
FN:18,(anonymous_1)
FN:18,(anonymous_2)
FNF:3
FNH:0
FNDA:0,Collapsible
FNDA:0,(anonymous_1)
FNDA:0,(anonymous_2)
DA:11,0
DA:12,0
DA:14,0
DA:18,0
DA:35,0
LF:5
LH:0
BRDA:12,0,0,0
BRDA:12,0,1,0
BRDA:24,1,0,0
BRDA:24,1,1,0
BRDA:25,2,0,0
BRDA:25,2,1,0
BRDA:30,3,0,0
BRDA:30,3,1,0
BRF:8
BRH:0
end_of_record
TN:
SF:components/ui/icon-symbol.ios.tsx
FN:4,IconSymbol
FNF:1
FNH:0
FNDA:0,IconSymbol
DA:17,0
LF:1
LH:0
BRDA:6,0,0,0
BRDA:9,1,0,0
BRF:2
BRH:0
end_of_record
TN:
SF:components/ui/icon-symbol.tsx
FN:34,IconSymbol
FNF:1
FNH:0
FNDA:0,IconSymbol
DA:13,0
DA:46,0
LF:2
LH:0
BRDA:36,0,0,0
BRF:1
BRH:0
end_of_record
TN:
SF:constants/theme.ts
FNF:0
FNH:0
DA:8,0
DA:9,0
DA:11,0
DA:30,0
LF:4
LH:0
BRF:0
BRH:0
end_of_record
TN:
SF:hooks/use-color-scheme.ts
FNF:0
FNH:0
LF:0
LH:0
BRF:0
BRH:0
end_of_record
TN:
SF:hooks/use-color-scheme.web.ts
FN:7,useColorScheme
FN:10,(anonymous_1)
FNF:2
FNH:0
FNDA:0,useColorScheme
FNDA:0,(anonymous_1)
DA:8,0
DA:10,0
DA:11,0
DA:14,0
DA:16,0
DA:17,0
DA:20,0
LF:7
LH:0
BRDA:16,0,0,0
BRDA:16,0,1,0
BRF:2
BRH:0
end_of_record
TN:
SF:hooks/use-theme-color.ts
FN:9,useThemeColor
FNF:1
FNH:0
FNDA:0,useThemeColor
DA:13,0
DA:14,0
DA:16,0
DA:17,0
DA:19,0
LF:5
LH:0
BRDA:13,0,0,0
BRDA:13,0,1,0
BRDA:16,1,0,0
BRDA:16,1,1,0
BRF:4
BRH:0
end_of_record
TN:
SF:scripts/reset-project.js
FN:48,(anonymous_0)
FN:103,(anonymous_1)
FN:106,(anonymous_2)
FNF:3
FNH:0
FNDA:0,(anonymous_0)
FNDA:0,(anonymous_1)
FNDA:0,(anonymous_2)
DA:9,0
DA:10,0
DA:11,0
DA:13,0
DA:14,0
DA:15,0
DA:16,0
DA:17,0
DA:19,0
DA:36,0
DA:43,0
DA:48,0
DA:49,0
DA:50,0
DA:52,0
DA:53,0
DA:57,0
DA:58,0
DA:59,0
DA:60,0
DA:61,0
DA:62,0
DA:63,0
DA:65,0
DA:66,0
DA:69,0
DA:74,0
DA:75,0
DA:76,0
DA:79,0
DA:80,0
DA:81,0
DA:84,0
DA:85,0
DA:86,0
DA:88,0
DA:89,0
DA:97,0
DA:101,0
DA:104,0
DA:105,0
DA:106,0
DA:108,0
DA:109,0
LF:44
LH:0
BRDA:50,0,0,0
BRDA:50,0,1,0
BRDA:59,1,0,0
BRDA:59,1,1,0
BRDA:60,2,0,0
BRDA:60,2,1,0
BRDA:91,3,0,0
BRDA:91,3,1,0
BRDA:104,4,0,0
BRDA:104,4,1,0
BRDA:105,5,0,0
BRDA:105,5,1,0
BRDA:105,6,0,0
BRDA:105,6,1,0
BRF:14
BRH:0
end_of_record
TN:
SF:src/components/auth/DebugAuthWrapper.tsx
FN:7,(anonymous_0)
FN:10,(anonymous_1)
FN:14,(anonymous_2)
FNF:3
FNH:0
FNDA:0,(anonymous_0)
FNDA:0,(anonymous_1)
FNDA:0,(anonymous_2)
DA:7,0
DA:8,0
DA:10,0
DA:12,0
DA:13,0
DA:14,0
DA:15,0
DA:20,0
DA:21,0
DA:30,0
LF:10
LH:0
BRDA:12,0,0,0
BRDA:12,0,1,0
BRDA:20,1,0,0
BRDA:20,1,1,0
BRF:4
BRH:0
end_of_record
TN:
SF:src/components/auth/DebugLoginHelper.tsx
FN:6,(anonymous_0)
FN:7,(anonymous_1)
FN:12,(anonymous_2)
FNF:3
FNH:0
FNDA:0,(anonymous_0)
FNDA:0,(anonymous_1)
FNDA:0,(anonymous_2)
DA:6,0
DA:7,0
DA:8,0
DA:9,0
DA:12,0
DA:13,0
DA:14,0
DA:15,0
DA:16,0
DA:18,0
DA:23,0
DA:24,0
DA:27,0
DA:54,0
LF:14
LH:0
BRDA:13,0,0,0
BRDA:13,0,1,0
BRDA:23,1,0,0
BRDA:23,1,1,0
BRF:4
BRH:0
end_of_record
TN:
SF:src/components/auth/DebugResetButton.tsx
FN:5,(anonymous_0)
FN:6,(anonymous_1)
FNF:2
FNH:0
FNDA:0,(anonymous_0)
FNDA:0,(anonymous_1)
DA:5,0
DA:6,0
DA:7,0
DA:8,0
DA:9,0
DA:10,0
DA:13,0
DA:17,0
DA:24,0
LF:9
LH:0
BRF:0
BRH:0
end_of_record
TN:
SF:src/components/auth/LoginForm.tsx
FN:18,(anonymous_0)
FN:27,(anonymous_1)
FN:43,(anonymous_2)
FN:48,(anonymous_3)
FN:83,(anonymous_4)
FNF:5
FNH:0
FNDA:0,(anonymous_0)
FNDA:0,(anonymous_1)
FNDA:0,(anonymous_2)
FNDA:0,(anonymous_3)
FNDA:0,(anonymous_4)
DA:18,0
DA:22,0
DA:23,0
DA:24,0
DA:25,0
DA:27,0
DA:28,0
DA:30,0
DA:31,0
DA:34,0
DA:35,0
DA:36,0
DA:38,0
DA:39,0
DA:43,0
DA:44,0
DA:45,0
DA:48,0
DA:49,0
DA:50,0
DA:53,0
DA:83,0
DA:111,0
LF:23
LH:0
BRDA:20,0,0,0
BRDA:30,1,0,0
BRDA:30,1,1,0
BRDA:30,2,0,0
BRDA:30,2,1,0
BRDA:38,3,0,0
BRDA:38,3,1,0
BRDA:38,4,0,0
BRDA:38,4,1,0
BRDA:55,5,0,0
BRDA:55,5,1,0
BRDA:82,6,0,0
BRDA:82,6,1,0
BRDA:93,7,0,0
BRDA:93,7,1,0
BRDA:101,8,0,0
BRDA:101,8,1,0
BRDA:101,8,2,0
BRDA:105,9,0,0
BRDA:105,9,1,0
BRF:20
BRH:0
end_of_record
TN:
SF:src/components/auth/PermissionGuard.tsx
FN:12,(anonymous_0)
FN:20,(anonymous_1)
FNF:2
FNH:2
FNDA:4,(anonymous_0)
FNDA:4,(anonymous_1)
DA:12,1
DA:18,4
DA:20,4
DA:21,4
DA:22,4
DA:26,0
DA:29,4
DA:30,4
DA:33,0
DA:36,1
LF:10
LH:8
BRDA:16,0,0,4
BRDA:21,1,0,4
BRDA:21,1,1,0
BRDA:22,2,0,0
BRDA:22,2,1,4
BRDA:29,3,0,4
BRDA:29,3,1,0
BRDA:30,4,0,4
BRDA:30,4,1,4
BRF:9
BRH:6
end_of_record
TN:
SF:src/components/auth/SimpleDebugAuth.tsx
FN:5,(anonymous_0)
FN:8,(anonymous_1)
FN:14,(anonymous_2)
FN:16,(anonymous_3)
FNF:4
FNH:0
FNDA:0,(anonymous_0)
FNDA:0,(anonymous_1)
FNDA:0,(anonymous_2)
FNDA:0,(anonymous_3)
DA:5,0
DA:6,0
DA:8,0
DA:10,0
DA:11,0
DA:14,0
DA:15,0
DA:17,0
DA:22,0
DA:23,0
DA:32,0
LF:11
LH:0
BRDA:10,0,0,0
BRDA:10,0,1,0
BRDA:10,1,0,0
BRDA:10,1,1,0
BRDA:22,2,0,0
BRDA:22,2,1,0
BRF:6
BRH:0
end_of_record
TN:
SF:src/components/inventory/AddItemModal.tsx
FN:25,(anonymous_0)
FN:37,(anonymous_1)
FN:65,(anonymous_2)
FN:73,(anonymous_3)
FN:78,(anonymous_4)
FNF:5
FNH:0
FNDA:0,(anonymous_0)
FNDA:0,(anonymous_1)
FNDA:0,(anonymous_2)
FNDA:0,(anonymous_3)
FNDA:0,(anonymous_4)
DA:25,0
DA:30,0
DA:31,0
DA:32,0
DA:33,0
DA:34,0
DA:35,0
DA:37,0
DA:38,0
DA:39,0
DA:42,0
DA:43,0
DA:45,0
DA:46,0
DA:49,0
DA:50,0
DA:58,0
DA:59,0
DA:60,0
DA:62,0
DA:65,0
DA:66,0
DA:67,0
DA:68,0
DA:69,0
DA:70,0
DA:73,0
DA:74,0
DA:75,0
DA:78,0
DA:79,0
DA:88,0
DA:178,0
LF:33
LH:0
BRDA:38,0,0,0
BRDA:38,0,1,0
BRDA:38,1,0,0
BRDA:38,1,1,0
BRDA:38,1,2,0
BRDA:45,2,0,0
BRDA:45,2,1,0
BRDA:45,3,0,0
BRDA:45,3,1,0
BRDA:45,3,2,0
BRDA:45,3,3,0
BRDA:54,4,0,0
BRDA:54,4,1,0
BRDA:58,5,0,0
BRDA:58,5,1,0
BRDA:79,6,0,0
BRDA:79,6,1,0
BRDA:79,6,2,0
BRDA:79,6,3,0
BRDA:79,6,4,0
BRDA:79,6,5,0
BRDA:79,6,6,0
BRDA:96,7,0,0
BRDA:96,7,1,0
BRDA:109,8,0,0
BRDA:109,8,1,0
BRDA:125,9,0,0
BRDA:125,9,1,0
BRDA:125,9,2,0
BRDA:135,10,0,0
BRDA:135,10,1,0
BRDA:135,10,2,0
BRDA:162,11,0,0
BRDA:162,11,1,0
BRF:34
BRH:0
end_of_record
TN:
SF:src/components/inventory/CategoryDropdown.tsx
FN:18,(anonymous_0)
FN:27,(anonymous_1)
FN:32,(anonymous_2)
FN:33,(anonymous_3)
FN:40,(anonymous_4)
FN:51,(anonymous_5)
FN:62,(anonymous_6)
FN:66,(anonymous_7)
FN:87,(anonymous_8)
FN:92,(anonymous_9)
FN:95,(anonymous_10)
FNF:11
FNH:0
FNDA:0,(anonymous_0)
FNDA:0,(anonymous_1)
FNDA:0,(anonymous_2)
FNDA:0,(anonymous_3)
FNDA:0,(anonymous_4)
FNDA:0,(anonymous_5)
FNDA:0,(anonymous_6)
FNDA:0,(anonymous_7)
FNDA:0,(anonymous_8)
FNDA:0,(anonymous_9)
FNDA:0,(anonymous_10)
DA:10,0
DA:18,0
DA:23,0
DA:24,0
DA:25,0
DA:27,0
DA:28,0
DA:32,0
DA:33,0
DA:34,0
DA:37,0
DA:40,0
DA:41,0
DA:42,0
DA:43,0
DA:45,0
DA:47,0
DA:51,0
DA:52,0
DA:53,0
DA:56,0
DA:58,0
DA:62,0
DA:66,0
DA:87,0
DA:93,0
DA:95,0
DA:109,0
LF:28
LH:0
BRDA:21,0,0,0
BRDA:56,1,0,0
BRDA:56,1,1,0
BRDA:67,2,0,0
BRDA:67,2,1,0
BRDA:70,3,0,0
BRDA:70,3,1,0
BRDA:76,4,0,0
BRDA:76,4,1,0
BRDA:80,5,0,0
BRDA:80,5,1,0
BRDA:89,6,0,0
BRDA:89,6,1,0
BRDA:97,7,0,0
BRDA:97,7,1,0
BRDA:99,8,0,0
BRDA:99,8,1,0
BRF:17
BRH:0
end_of_record
TN:
SF:src/components/inventory/CategoryManager.tsx
FN:21,(anonymous_0)
FN:35,(anonymous_1)
FN:39,(anonymous_2)
FN:51,(anonymous_3)
FN:76,(anonymous_4)
FN:103,(anonymous_5)
FN:109,(anonymous_6)
FN:127,(anonymous_7)
FN:134,(anonymous_8)
FN:161,(anonymous_9)
FN:179,(anonymous_10)
FN:195,(anonymous_11)
FN:200,(anonymous_12)
FNF:13
FNH:0
FNDA:0,(anonymous_0)
FNDA:0,(anonymous_1)
FNDA:0,(anonymous_2)
FNDA:0,(anonymous_3)
FNDA:0,(anonymous_4)
FNDA:0,(anonymous_5)
FNDA:0,(anonymous_6)
FNDA:0,(anonymous_7)
FNDA:0,(anonymous_8)
FNDA:0,(anonymous_9)
FNDA:0,(anonymous_10)
FNDA:0,(anonymous_11)
FNDA:0,(anonymous_12)
DA:21,0
DA:22,0
DA:23,0
DA:24,0
DA:25,0
DA:26,0
DA:27,0
DA:28,0
DA:31,0
DA:32,0
DA:33,0
DA:35,0
DA:36,0
DA:39,0
DA:40,0
DA:41,0
DA:42,0
DA:44,0
DA:45,0
DA:47,0
DA:51,0
DA:52,0
DA:53,0
DA:54,0
DA:57,0
DA:58,0
DA:59,0
DA:64,0
DA:65,0
DA:66,0
DA:67,0
DA:68,0
DA:70,0
DA:72,0
DA:76,0
DA:77,0
DA:78,0
DA:79,0
DA:82,0
DA:83,0
DA:84,0
DA:90,0
DA:91,0
DA:92,0
DA:93,0
DA:94,0
DA:95,0
DA:97,0
DA:99,0
DA:103,0
DA:104,0
DA:105,0
DA:106,0
DA:109,0
DA:110,0
DA:112,0
DA:113,0
DA:114,0
DA:115,0
DA:116,0
DA:117,0
DA:118,0
DA:120,0
DA:121,0
DA:123,0
DA:127,0
DA:128,0
DA:129,0
DA:130,0
DA:131,0
DA:134,0
DA:135,0
DA:136,0
DA:137,0
DA:138,0
DA:139,0
DA:140,0
DA:143,0
DA:145,0
DA:146,0
DA:155,0
DA:161,0
DA:180,0
DA:195,0
DA:200,0
DA:359,0
LF:86
LH:0
BRDA:52,0,0,0
BRDA:52,0,1,0
BRDA:61,1,0,0
BRDA:61,1,1,0
BRDA:70,2,0,0
BRDA:70,2,1,0
BRDA:77,3,0,0
BRDA:77,3,1,0
BRDA:77,4,0,0
BRDA:77,4,1,0
BRDA:87,5,0,0
BRDA:87,5,1,0
BRDA:97,6,0,0
BRDA:97,6,1,0
BRDA:110,7,0,0
BRDA:110,7,1,0
BRDA:121,8,0,0
BRDA:121,8,1,0
BRDA:130,9,0,0
BRDA:130,9,1,0
BRDA:143,10,0,0
BRDA:143,10,1,0
BRDA:145,11,0,0
BRDA:145,11,1,0
BRDA:169,12,0,0
BRDA:169,12,1,0
BRDA:185,13,0,0
BRDA:185,13,1,0
BRDA:227,14,0,0
BRDA:227,14,1,0
BRDA:253,15,0,0
BRDA:253,15,1,0
BRDA:281,16,0,0
BRDA:281,16,1,0
BRDA:307,17,0,0
BRDA:307,17,1,0
BRF:36
BRH:0
end_of_record
TN:
SF:src/components/inventory/ItemDetailScreen.tsx
FN:31,(anonymous_0)
FN:50,(anonymous_1)
FN:67,(anonymous_2)
FN:74,(anonymous_3)
FN:78,(anonymous_4)
FN:84,(anonymous_5)
FN:104,(anonymous_6)
FN:251,(anonymous_7)
FN:262,(anonymous_8)
FN:278,(anonymous_9)
FN:301,(anonymous_10)
FN:312,(anonymous_11)
FN:319,(anonymous_12)
FN:326,(anonymous_13)
FN:344,(anonymous_14)
FNF:15
FNH:0
FNDA:0,(anonymous_0)
FNDA:0,(anonymous_1)
FNDA:0,(anonymous_2)
FNDA:0,(anonymous_3)
FNDA:0,(anonymous_4)
FNDA:0,(anonymous_5)
FNDA:0,(anonymous_6)
FNDA:0,(anonymous_7)
FNDA:0,(anonymous_8)
FNDA:0,(anonymous_9)
FNDA:0,(anonymous_10)
FNDA:0,(anonymous_11)
FNDA:0,(anonymous_12)
FNDA:0,(anonymous_13)
FNDA:0,(anonymous_14)
DA:31,0
DA:35,0
DA:36,0
DA:37,0
DA:39,0
DA:41,0
DA:42,0
DA:43,0
DA:44,0
DA:45,0
DA:46,0
DA:47,0
DA:48,0
DA:50,0
DA:51,0
DA:52,0
DA:53,0
DA:54,0
DA:55,0
DA:57,0
DA:58,0
DA:61,0
DA:63,0
DA:67,0
DA:68,0
DA:69,0
DA:70,0
DA:74,0
DA:75,0
DA:78,0
DA:79,0
DA:80,0
DA:81,0
DA:84,0
DA:85,0
DA:87,0
DA:88,0
DA:89,0
DA:90,0
DA:92,0
DA:94,0
DA:97,0
DA:99,0
DA:100,0
DA:104,0
DA:105,0
DA:106,0
DA:107,0
DA:108,0
DA:110,0
DA:171,0
DA:172,0
DA:180,0
DA:181,0
DA:188,0
DA:190,0
DA:251,0
DA:262,0
DA:278,0
DA:301,0
DA:312,0
DA:319,0
DA:326,0
DA:344,0
DA:367,0
LF:65
LH:0
BRDA:36,0,0,0
BRDA:36,0,1,0
BRDA:37,1,0,0
BRDA:37,1,1,0
BRDA:54,2,0,0
BRDA:54,2,1,0
BRDA:69,3,0,0
BRDA:69,3,1,0
BRDA:85,4,0,0
BRDA:85,4,1,0
BRDA:90,5,0,0
BRDA:90,5,1,0
BRDA:113,6,0,0
BRDA:113,6,1,0
BRDA:114,7,0,0
BRDA:114,7,1,0
BRDA:119,8,0,0
BRDA:119,8,1,0
BRDA:119,9,0,0
BRDA:119,9,1,0
BRDA:119,10,0,0
BRDA:119,10,1,0
BRDA:119,11,0,0
BRDA:119,11,1,0
BRDA:123,12,0,0
BRDA:123,12,1,0
BRDA:124,13,0,0
BRDA:124,13,1,0
BRDA:125,14,0,0
BRDA:125,14,1,0
BRDA:126,15,0,0
BRDA:126,15,1,0
BRDA:129,16,0,0
BRDA:129,16,1,0
BRDA:129,17,0,0
BRDA:129,17,1,0
BRDA:139,18,0,0
BRDA:139,18,1,0
BRDA:140,19,0,0
BRDA:140,19,1,0
BRDA:142,20,0,0
BRDA:142,20,1,0
BRDA:143,21,0,0
BRDA:143,21,1,0
BRDA:144,22,0,0
BRDA:144,22,1,0
BRDA:151,23,0,0
BRDA:151,23,1,0
BRDA:151,23,2,0
BRDA:155,24,0,0
BRDA:155,24,1,0
BRDA:155,24,2,0
BRDA:157,25,0,0
BRDA:157,25,1,0
BRDA:161,26,0,0
BRDA:161,26,1,0
BRDA:171,27,0,0
BRDA:171,27,1,0
BRDA:180,28,0,0
BRDA:180,28,1,0
BRDA:202,29,0,0
BRDA:202,29,1,0
BRDA:221,30,0,0
BRDA:221,30,1,0
BRDA:291,31,0,0
BRDA:291,31,1,0
BRF:66
BRH:0
end_of_record
TN:
SF:src/components/inventory/StockListScreen.tsx
FN:26,(anonymous_0)
FN:54,(anonymous_1)
FN:59,(anonymous_2)
FN:64,(anonymous_3)
FN:70,(anonymous_4)
FN:76,(anonymous_5)
FN:85,(anonymous_6)
FN:91,(anonymous_7)
FN:117,(anonymous_8)
FN:124,(anonymous_9)
FN:156,(anonymous_10)
FN:163,(anonymous_11)
FN:173,(anonymous_12)
FN:184,(anonymous_13)
FN:198,(anonymous_14)
FN:207,(anonymous_15)
FN:208,(anonymous_16)
FN:221,(anonymous_17)
FNF:18
FNH:0
FNDA:0,(anonymous_0)
FNDA:0,(anonymous_1)
FNDA:0,(anonymous_2)
FNDA:0,(anonymous_3)
FNDA:0,(anonymous_4)
FNDA:0,(anonymous_5)
FNDA:0,(anonymous_6)
FNDA:0,(anonymous_7)
FNDA:0,(anonymous_8)
FNDA:0,(anonymous_9)
FNDA:0,(anonymous_10)
FNDA:0,(anonymous_11)
FNDA:0,(anonymous_12)
FNDA:0,(anonymous_13)
FNDA:0,(anonymous_14)
FNDA:0,(anonymous_15)
FNDA:0,(anonymous_16)
FNDA:0,(anonymous_17)
DA:26,0
DA:27,0
DA:45,0
DA:46,0
DA:48,0
DA:49,0
DA:50,0
DA:51,0
DA:54,0
DA:55,0
DA:56,0
DA:59,0
DA:60,0
DA:61,0
DA:64,0
DA:65,0
DA:66,0
DA:67,0
DA:70,0
DA:71,0
DA:72,0
DA:73,0
DA:76,0
DA:77,0
DA:85,0
DA:86,0
DA:91,0
DA:117,0
DA:124,0
DA:134,0
DA:135,0
DA:142,0
DA:156,0
DA:164,0
DA:165,0
DA:173,0
DA:184,0
DA:198,0
DA:207,0
DA:209,0
DA:210,0
DA:211,0
DA:212,0
DA:214,0
DA:221,0
DA:229,0
LF:46
LH:0
BRDA:89,0,0,0
BRDA:89,0,1,0
BRDA:97,1,0,0
BRDA:97,1,1,0
BRDA:103,2,0,0
BRDA:103,2,1,0
BRDA:134,3,0,0
BRDA:134,3,1,0
BRDA:155,4,0,0
BRDA:155,4,1,0
BRDA:156,5,0,0
BRDA:156,5,1,0
BRDA:164,6,0,0
BRDA:164,6,1,0
BRDA:164,7,0,0
BRDA:164,7,1,0
BRDA:169,8,0,0
BRDA:169,8,1,0
BRDA:169,9,0,0
BRDA:169,9,1,0
BRDA:173,10,0,0
BRDA:173,10,1,0
BRDA:176,11,0,0
BRDA:176,11,1,0
BRDA:210,12,0,0
BRDA:210,12,1,0
BRF:26
BRH:0
end_of_record
TN:
SF:src/components/inventory/StockModal.tsx
FN:27,(anonymous_0)
FN:39,(anonymous_1)
FN:67,(anonymous_2)
FN:112,(anonymous_3)
FNF:4
FNH:0
FNDA:0,(anonymous_0)
FNDA:0,(anonymous_1)
FNDA:0,(anonymous_2)
FNDA:0,(anonymous_3)
DA:27,0
DA:33,0
DA:34,0
DA:35,0
DA:36,0
DA:37,0
DA:39,0
DA:40,0
DA:42,0
DA:43,0
DA:44,0
DA:47,0
DA:48,0
DA:49,0
DA:52,0
DA:59,0
DA:60,0
DA:61,0
DA:62,0
DA:63,0
DA:67,0
DA:68,0
DA:69,0
DA:70,0
DA:71,0
DA:74,0
DA:76,0
DA:77,0
DA:78,0
DA:79,0
DA:80,0
DA:82,0
DA:113,0
DA:114,0
DA:115,0
DA:168,0
LF:36
LH:0
BRDA:40,0,0,0
BRDA:40,0,1,0
BRDA:40,1,0,0
BRDA:40,1,1,0
BRDA:40,1,2,0
BRDA:43,2,0,0
BRDA:43,2,1,0
BRDA:43,3,0,0
BRDA:43,3,1,0
BRDA:47,4,0,0
BRDA:47,4,1,0
BRDA:47,5,0,0
BRDA:47,5,1,0
BRDA:54,6,0,0
BRDA:54,6,1,0
BRDA:56,7,0,0
BRDA:56,7,1,0
BRDA:60,8,0,0
BRDA:60,8,1,0
BRDA:74,9,0,0
BRDA:74,9,1,0
BRDA:77,10,0,0
BRDA:77,10,1,0
BRDA:78,11,0,0
BRDA:78,11,1,0
BRDA:79,12,0,0
BRDA:79,12,1,0
BRDA:79,12,2,0
BRDA:80,13,0,0
BRDA:80,13,1,0
BRDA:80,13,2,0
BRDA:80,13,3,0
BRDA:90,14,0,0
BRDA:90,14,1,0
BRDA:96,15,0,0
BRDA:96,15,1,0
BRDA:103,16,0,0
BRDA:103,16,1,0
BRDA:110,17,0,0
BRDA:110,17,1,0
BRDA:114,18,0,0
BRDA:114,18,1,0
BRDA:124,19,0,0
BRDA:124,19,1,0
BRDA:152,20,0,0
BRDA:152,20,1,0
BRDA:157,21,0,0
BRDA:157,21,1,0
BRF:48
BRH:0
end_of_record
TN:
SF:src/components/ui/ConfirmationModal.tsx
FN:14,ConfirmationModal
FNF:1
FNH:0
FNDA:0,ConfirmationModal
DA:23,0
DA:50,0
LF:2
LH:0
BRDA:20,0,0,0
BRDA:21,1,0,0
BRF:2
BRH:0
end_of_record
TN:
SF:src/database/db.ts
FN:7,(anonymous_0)
FN:10,(anonymous_1)
FN:21,(anonymous_2)
FN:22,(anonymous_3)
FN:24,(anonymous_4)
FN:31,(anonymous_5)
FN:38,(anonymous_6)
FN:44,(anonymous_7)
FN:61,(anonymous_8)
FN:75,(anonymous_9)
FN:77,(anonymous_10)
FN:80,(anonymous_11)
FN:86,(anonymous_12)
FN:89,(anonymous_13)
FN:90,(anonymous_14)
FN:91,(anonymous_15)
FN:92,(anonymous_16)
FN:93,(anonymous_17)
FN:96,(anonymous_18)
FN:98,(anonymous_19)
FN:113,(anonymous_20)
FN:120,(anonymous_21)
FN:133,(anonymous_22)
FN:145,(anonymous_23)
FN:260,(anonymous_24)
FN:267,(anonymous_25)
FN:273,(anonymous_26)
FN:297,(anonymous_27)
FN:309,(anonymous_28)
FN:320,(anonymous_29)
FN:330,(anonymous_30)
FN:341,(anonymous_31)
FN:352,(anonymous_32)
FN:361,(anonymous_33)
FN:370,(anonymous_34)
FN:375,(anonymous_35)
FN:389,(anonymous_36)
FN:406,(anonymous_37)
FN:419,(anonymous_38)
FN:423,(anonymous_39)
FN:432,(anonymous_40)
FN:437,(anonymous_41)
FN:446,(anonymous_42)
FN:464,(anonymous_43)
FN:497,(anonymous_44)
FN:512,(anonymous_45)
FNF:46
FNH:0
FNDA:0,(anonymous_0)
FNDA:0,(anonymous_1)
FNDA:0,(anonymous_2)
FNDA:0,(anonymous_3)
FNDA:0,(anonymous_4)
FNDA:0,(anonymous_5)
FNDA:0,(anonymous_6)
FNDA:0,(anonymous_7)
FNDA:0,(anonymous_8)
FNDA:0,(anonymous_9)
FNDA:0,(anonymous_10)
FNDA:0,(anonymous_11)
FNDA:0,(anonymous_12)
FNDA:0,(anonymous_13)
FNDA:0,(anonymous_14)
FNDA:0,(anonymous_15)
FNDA:0,(anonymous_16)
FNDA:0,(anonymous_17)
FNDA:0,(anonymous_18)
FNDA:0,(anonymous_19)
FNDA:0,(anonymous_20)
FNDA:0,(anonymous_21)
FNDA:0,(anonymous_22)
FNDA:0,(anonymous_23)
FNDA:0,(anonymous_24)
FNDA:0,(anonymous_25)
FNDA:0,(anonymous_26)
FNDA:0,(anonymous_27)
FNDA:0,(anonymous_28)
FNDA:0,(anonymous_29)
FNDA:0,(anonymous_30)
FNDA:0,(anonymous_31)
FNDA:0,(anonymous_32)
FNDA:0,(anonymous_33)
FNDA:0,(anonymous_34)
FNDA:0,(anonymous_35)
FNDA:0,(anonymous_36)
FNDA:0,(anonymous_37)
FNDA:0,(anonymous_38)
FNDA:0,(anonymous_39)
FNDA:0,(anonymous_40)
FNDA:0,(anonymous_41)
FNDA:0,(anonymous_42)
FNDA:0,(anonymous_43)
FNDA:0,(anonymous_44)
FNDA:0,(anonymous_45)
DA:5,0
DA:7,0
DA:9,0
DA:10,0
DA:11,0
DA:12,0
DA:16,0
DA:17,0
DA:18,0
DA:19,0
DA:21,0
DA:22,0
DA:24,0
DA:25,0
DA:26,0
DA:27,0
DA:28,0
DA:31,0
DA:32,0
DA:33,0
DA:36,0
DA:38,0
DA:41,0
DA:42,0
DA:44,0
DA:45,0
DA:46,0
DA:47,0
DA:49,0
DA:50,0
DA:51,0
DA:52,0
DA:56,0
DA:57,0
DA:58,0
DA:61,0
DA:62,0
DA:63,0
DA:66,0
DA:67,0
DA:71,0
DA:72,0
DA:75,0
DA:77,0
DA:78,0
DA:79,0
DA:80,0
DA:84,0
DA:85,0
DA:86,0
DA:89,0
DA:90,0
DA:91,0
DA:92,0
DA:93,0
DA:95,0
DA:96,0
DA:97,0
DA:98,0
DA:101,0
DA:102,0
DA:105,0
DA:106,0
DA:109,0
DA:112,0
DA:118,0
DA:119,0
DA:126,0
DA:127,0
DA:133,0
DA:139,0
DA:140,0
DA:142,0
DA:146,0
DA:149,0
DA:151,0
DA:154,0
DA:157,0
DA:173,0
DA:174,0
DA:176,0
DA:178,0
DA:179,0
DA:181,0
DA:183,0
DA:184,0
DA:196,0
DA:197,0
DA:199,0
DA:200,0
DA:212,0
DA:214,0
DA:215,0
DA:228,0
DA:229,0
DA:230,0
DA:231,0
DA:232,0
DA:233,0
DA:235,0
DA:236,0
DA:245,0
DA:246,0
DA:248,0
DA:249,0
DA:250,0
DA:251,0
DA:253,0
DA:254,0
DA:256,0
DA:257,0
DA:260,0
DA:261,0
DA:262,0
DA:265,0
DA:267,0
DA:270,0
DA:271,0
DA:273,0
DA:274,0
DA:275,0
DA:276,0
DA:278,0
DA:279,0
DA:280,0
DA:281,0
DA:285,0
DA:286,0
DA:287,0
DA:288,0
DA:289,0
DA:290,0
DA:292,0
DA:293,0
DA:295,0
DA:296,0
DA:297,0
DA:298,0
DA:300,0
DA:301,0
DA:302,0
DA:308,0
DA:309,0
DA:310,0
DA:311,0
DA:312,0
DA:319,0
DA:320,0
DA:321,0
DA:322,0
DA:327,0
DA:328,0
DA:329,0
DA:330,0
DA:331,0
DA:332,0
DA:333,0
DA:337,0
DA:339,0
DA:340,0
DA:341,0
DA:342,0
DA:343,0
DA:344,0
DA:348,0
DA:350,0
DA:351,0
DA:352,0
DA:353,0
DA:355,0
DA:356,0
DA:359,0
DA:362,0
DA:364,0
DA:365,0
DA:367,0
DA:369,0
DA:370,0
DA:371,0
DA:372,0
DA:373,0
DA:375,0
DA:376,0
DA:377,0
DA:380,0
DA:381,0
DA:382,0
DA:385,0
DA:386,0
DA:387,0
DA:389,0
DA:390,0
DA:404,0
DA:405,0
DA:406,0
DA:407,0
DA:408,0
DA:411,0
DA:412,0
DA:413,0
DA:414,0
DA:415,0
DA:417,0
DA:418,0
DA:419,0
DA:420,0
DA:421,0
DA:422,0
DA:423,0
DA:424,0
DA:427,0
DA:430,0
DA:433,0
DA:435,0
DA:442,0
DA:443,0
DA:446,0
DA:448,0
DA:449,0
DA:452,0
DA:453,0
DA:455,0
DA:456,0
DA:458,0
DA:459,0
DA:463,0
DA:464,0
DA:466,0
DA:468,0
DA:480,0
DA:481,0
DA:482,0
DA:484,0
DA:486,0
DA:490,0
DA:491,0
DA:492,0
DA:493,0
DA:497,0
DA:499,0
DA:500,0
DA:501,0
DA:502,0
DA:503,0
DA:507,0
DA:508,0
DA:512,0
DA:513,0
DA:514,0
DA:515,0
DA:516,0
DA:517,0
DA:518,0
DA:519,0
DA:520,0
LF:255
LH:0
BRDA:9,0,0,0
BRDA:9,0,1,0
BRDA:11,1,0,0
BRDA:11,1,1,0
BRDA:21,2,0,0
BRDA:21,2,1,0
BRDA:24,3,0,0
BRDA:27,4,0,0
BRDA:27,4,1,0
BRDA:32,5,0,0
BRDA:32,5,1,0
BRDA:46,6,0,0
BRDA:46,6,1,0
BRDA:51,7,0,0
BRDA:51,7,1,0
BRDA:61,8,0,0
BRDA:66,9,0,0
BRDA:66,9,1,0
BRDA:71,10,0,0
BRDA:71,10,1,0
BRDA:78,11,0,0
BRDA:78,11,1,0
BRDA:84,12,0,0
BRDA:84,12,1,0
BRDA:95,13,0,0
BRDA:95,13,1,0
BRDA:97,14,0,0
BRDA:97,14,1,0
BRDA:101,15,0,0
BRDA:101,15,1,0
BRDA:105,16,0,0
BRDA:105,16,1,0
BRDA:122,17,0,0
BRDA:126,18,0,0
BRDA:126,18,1,0
BRDA:149,19,0,0
BRDA:149,19,1,0
BRDA:151,20,0,0
BRDA:151,20,1,0
BRDA:154,21,0,0
BRDA:154,21,1,0
BRDA:179,22,0,0
BRDA:179,22,1,0
BRDA:181,23,0,0
BRDA:181,23,1,0
BRDA:183,24,0,0
BRDA:183,24,1,0
BRDA:200,25,0,0
BRDA:200,25,1,0
BRDA:212,26,0,0
BRDA:212,26,1,0
BRDA:225,27,0,0
BRDA:225,27,1,0
BRDA:232,28,0,0
BRDA:232,28,1,0
BRDA:233,29,0,0
BRDA:233,29,1,0
BRDA:235,30,0,0
BRDA:235,30,1,0
BRDA:249,31,0,0
BRDA:249,31,1,0
BRDA:251,32,0,0
BRDA:251,32,1,0
BRDA:253,33,0,0
BRDA:253,33,1,0
BRDA:256,34,0,0
BRDA:256,34,1,0
BRDA:261,35,0,0
BRDA:261,35,1,0
BRDA:275,36,0,0
BRDA:275,36,1,0
BRDA:280,37,0,0
BRDA:280,37,1,0
BRDA:289,38,0,0
BRDA:289,38,1,0
BRDA:292,39,0,0
BRDA:292,39,1,0
BRDA:293,40,0,0
BRDA:293,40,1,0
BRDA:298,41,0,0
BRDA:298,41,1,0
BRDA:327,42,0,0
BRDA:327,42,1,0
BRDA:337,43,0,0
BRDA:337,43,1,0
BRDA:339,44,0,0
BRDA:339,44,1,0
BRDA:348,45,0,0
BRDA:348,45,1,0
BRDA:350,46,0,0
BRDA:350,46,1,0
BRDA:364,47,0,0
BRDA:364,47,1,0
BRDA:365,48,0,0
BRDA:365,48,1,0
BRDA:367,49,0,0
BRDA:367,49,1,0
BRDA:370,50,0,0
BRDA:370,50,1,0
BRDA:373,51,0,0
BRDA:373,51,1,0
BRDA:381,52,0,0
BRDA:381,52,1,0
BRDA:381,53,0,0
BRDA:381,53,1,0
BRDA:382,54,0,0
BRDA:382,54,1,0
BRDA:386,55,0,0
BRDA:386,55,1,0
BRDA:389,56,0,0
BRDA:389,56,1,0
BRDA:399,57,0,0
BRDA:399,57,1,0
BRDA:404,58,0,0
BRDA:404,58,1,0
BRDA:406,59,0,0
BRDA:406,59,1,0
BRDA:412,60,0,0
BRDA:412,60,1,0
BRDA:413,61,0,0
BRDA:413,61,1,0
BRDA:414,62,0,0
BRDA:414,62,1,0
BRDA:415,63,0,0
BRDA:415,63,1,0
BRDA:417,64,0,0
BRDA:417,64,1,0
BRDA:421,65,0,0
BRDA:421,65,1,0
BRDA:448,66,0,0
BRDA:448,66,1,0
BRDA:452,67,0,0
BRDA:452,67,1,0
BRDA:455,68,0,0
BRDA:455,68,1,0
BRDA:458,69,0,0
BRDA:458,69,1,0
BRDA:463,70,0,0
BRDA:463,70,1,0
BRDA:466,71,0,0
BRDA:466,71,1,0
BRDA:499,72,0,0
BRDA:499,72,1,0
BRDA:513,73,0,0
BRDA:513,73,1,0
BRF:145
BRH:0
end_of_record
TN:
SF:src/database/native-db.ts
FN:11,(anonymous_0)
FN:15,(anonymous_1)
FN:47,(anonymous_2)
FNF:3
FNH:0
FNDA:0,(anonymous_0)
FNDA:0,(anonymous_1)
FNDA:0,(anonymous_2)
DA:9,0
DA:11,0
DA:12,0
DA:15,0
DA:16,0
DA:18,0
DA:20,0
DA:21,0
DA:24,0
DA:25,0
DA:28,0
DA:29,0
DA:32,0
DA:33,0
DA:36,0
DA:37,0
DA:39,0
DA:41,0
DA:42,0
DA:47,0
DA:48,0
DA:50,0
DA:51,0
DA:52,0
DA:54,0
DA:55,0
DA:57,0
DA:58,0
DA:60,0
DA:61,0
LF:30
LH:0
BRF:0
BRH:0
end_of_record
TN:
SF:src/database/types.ts
FNF:0
FNH:0
LF:0
LH:0
BRF:0
BRH:0
end_of_record
TN:
SF:src/database/init/initDefaultData.ts
FN:5,(anonymous_0)
FNF:1
FNH:0
FNDA:0,(anonymous_0)
DA:5,0
DA:6,0
DA:7,0
DA:10,0
DA:11,0
DA:12,0
DA:13,0
DA:16,0
DA:19,0
DA:21,0
DA:28,0
DA:29,0
DA:31,0
DA:32,0
LF:14
LH:0
BRDA:11,0,0,0
BRDA:11,0,1,0
BRF:2
BRH:0
end_of_record
TN:
SF:src/database/migrations/001_initial_schema.ts
FN:1,(anonymous_0)
FN:63,(anonymous_1)
FN:76,(anonymous_2)
FNF:3
FNH:0
FNDA:0,(anonymous_0)
FNDA:0,(anonymous_1)
FNDA:0,(anonymous_2)
DA:1,0
DA:2,0
DA:58,0
DA:59,0
DA:63,0
DA:64,0
DA:70,0
DA:71,0
DA:76,0
DA:77,0
DA:80,0
DA:81,0
DA:82,0
DA:84,0
DA:85,0
DA:88,0
DA:99,0
DA:101,0
DA:116,0
LF:19
LH:0
BRDA:84,0,0,0
BRDA:84,0,1,0
BRF:2
BRH:0
end_of_record
TN:
SF:src/database/migrations/002_add_categories.ts
FN:1,(anonymous_0)
FN:20,(anonymous_1)
FNF:2
FNH:0
FNDA:0,(anonymous_0)
FNDA:0,(anonymous_1)
DA:1,0
DA:2,0
DA:14,0
DA:17,0
DA:20,0
DA:21,0
LF:6
LH:0
BRF:0
BRH:0
end_of_record
TN:
SF:src/database/models/Category.ts
FN:5,(anonymous_0)
FN:36,(anonymous_1)
FN:51,(anonymous_2)
FN:66,(anonymous_3)
FN:72,(anonymous_4)
FN:75,(anonymous_5)
FN:110,(anonymous_6)
FN:152,(anonymous_7)
FNF:8
FNH:0
FNDA:0,(anonymous_0)
FNDA:0,(anonymous_1)
FNDA:0,(anonymous_2)
FNDA:0,(anonymous_3)
FNDA:0,(anonymous_4)
FNDA:0,(anonymous_5)
FNDA:0,(anonymous_6)
FNDA:0,(anonymous_7)
DA:6,0
DA:7,0
DA:8,0
DA:11,0
DA:12,0
DA:13,0
DA:16,0
DA:29,0
DA:30,0
DA:31,0
DA:33,0
DA:37,0
DA:38,0
DA:43,0
DA:44,0
DA:47,0
DA:48,0
DA:52,0
DA:53,0
DA:58,0
DA:59,0
DA:62,0
DA:63,0
DA:67,0
DA:68,0
DA:72,0
DA:76,0
DA:77,0
DA:78,0
DA:80,0
DA:82,0
DA:83,0
DA:84,0
DA:86,0
DA:87,0
DA:89,0
DA:90,0
DA:91,0
DA:94,0
DA:95,0
DA:98,0
DA:99,0
DA:100,0
DA:102,0
DA:107,0
DA:111,0
DA:113,0
DA:116,0
DA:117,0
DA:118,0
DA:119,0
DA:122,0
DA:125,0
DA:130,0
DA:132,0
DA:133,0
DA:135,0
DA:136,0
DA:137,0
DA:140,0
DA:141,0
DA:146,0
DA:148,0
DA:153,0
LF:64
LH:0
BRDA:12,0,0,0
BRDA:12,0,1,0
BRDA:22,1,0,0
BRDA:22,1,1,0
BRDA:30,2,0,0
BRDA:30,2,1,0
BRDA:43,3,0,0
BRDA:43,3,1,0
BRDA:58,4,0,0
BRDA:58,4,1,0
BRDA:80,5,0,0
BRDA:80,5,1,0
BRDA:83,6,0,0
BRDA:83,6,1,0
BRDA:83,7,0,0
BRDA:83,7,1,0
BRDA:89,8,0,0
BRDA:89,8,1,0
BRDA:94,9,0,0
BRDA:94,9,1,0
BRDA:117,10,0,0
BRDA:117,10,1,0
BRDA:132,11,0,0
BRDA:132,11,1,0
BRDA:132,12,0,0
BRDA:132,12,1,0
BRDA:135,13,0,0
BRDA:135,13,1,0
BRF:28
BRH:0
end_of_record
TN:
SF:src/database/models/Item.ts
FN:6,(anonymous_0)
FN:53,(anonymous_1)
FN:72,(anonymous_2)
FN:87,(anonymous_3)
FN:93,(anonymous_4)
FN:96,(anonymous_5)
FN:103,(anonymous_6)
FN:106,(anonymous_7)
FN:113,(anonymous_8)
FN:116,(anonymous_9)
FN:122,(anonymous_10)
FN:125,(anonymous_11)
FN:140,(anonymous_12)
FN:182,(anonymous_13)
FN:188,(anonymous_14)
FN:191,(anonymous_15)
FN:201,(anonymous_16)
FN:267,(anonymous_17)
FNF:18
FNH:0
FNDA:0,(anonymous_0)
FNDA:0,(anonymous_1)
FNDA:0,(anonymous_2)
FNDA:0,(anonymous_3)
FNDA:0,(anonymous_4)
FNDA:0,(anonymous_5)
FNDA:0,(anonymous_6)
FNDA:0,(anonymous_7)
FNDA:0,(anonymous_8)
FNDA:0,(anonymous_9)
FNDA:0,(anonymous_10)
FNDA:0,(anonymous_11)
FNDA:0,(anonymous_12)
FNDA:0,(anonymous_13)
FNDA:0,(anonymous_14)
FNDA:0,(anonymous_15)
FNDA:0,(anonymous_16)
FNDA:0,(anonymous_17)
DA:7,0
DA:8,0
DA:9,0
DA:11,0
DA:24,0
DA:26,0
DA:27,0
DA:28,0
DA:46,0
DA:49,0
DA:50,0
DA:51,0
DA:52,0
DA:53,0
DA:54,0
DA:57,0
DA:59,0
DA:60,0
DA:61,0
DA:64,0
DA:65,0
DA:67,0
DA:68,0
DA:73,0
DA:74,0
DA:79,0
DA:80,0
DA:83,0
DA:84,0
DA:88,0
DA:89,0
DA:93,0
DA:97,0
DA:98,0
DA:103,0
DA:107,0
DA:108,0
DA:113,0
DA:117,0
DA:118,0
DA:122,0
DA:126,0
DA:127,0
DA:130,0
DA:132,0
DA:137,0
DA:141,0
DA:142,0
DA:143,0
DA:145,0
DA:146,0
DA:147,0
DA:149,0
DA:150,0
DA:151,0
DA:153,0
DA:154,0
DA:155,0
DA:157,0
DA:158,0
DA:159,0
DA:161,0
DA:162,0
DA:163,0
DA:166,0
DA:167,0
DA:170,0
DA:171,0
DA:172,0
DA:174,0
DA:179,0
DA:183,0
DA:184,0
DA:188,0
DA:192,0
DA:193,0
DA:198,0
DA:202,0
DA:204,0
DA:205,0
DA:208,0
DA:209,0
DA:210,0
DA:211,0
DA:215,0
DA:216,0
DA:219,0
DA:220,0
DA:221,0
DA:237,0
DA:241,0
DA:242,0
DA:245,0
DA:246,0
DA:250,0
DA:252,0
DA:255,0
DA:256,0
DA:257,0
DA:259,0
DA:262,0
DA:263,0
DA:268,0
LF:103
LH:0
BRDA:37,0,0,0
BRDA:37,0,1,0
BRDA:49,1,0,0
BRDA:49,1,1,0
BRDA:49,2,0,0
BRDA:49,2,1,0
BRDA:50,3,0,0
BRDA:50,3,1,0
BRDA:59,4,0,0
BRDA:59,4,1,0
BRDA:79,5,0,0
BRDA:79,5,1,0
BRDA:130,6,0,0
BRDA:130,6,1,0
BRDA:145,7,0,0
BRDA:145,7,1,0
BRDA:149,8,0,0
BRDA:149,8,1,0
BRDA:153,9,0,0
BRDA:153,9,1,0
BRDA:157,10,0,0
BRDA:157,10,1,0
BRDA:161,11,0,0
BRDA:161,11,1,0
BRDA:163,12,0,0
BRDA:163,12,1,0
BRDA:166,13,0,0
BRDA:166,13,1,0
BRDA:209,14,0,0
BRDA:209,14,1,0
BRDA:219,15,0,0
BRDA:219,15,1,0
BRF:32
BRH:0
end_of_record
TN:
SF:src/database/models/Transaction.ts
FN:5,(anonymous_0)
FN:35,(anonymous_1)
FN:50,(anonymous_2)
FN:94,(anonymous_3)
FN:97,(anonymous_4)
FN:104,(anonymous_5)
FN:107,(anonymous_6)
FN:114,(anonymous_7)
FN:117,(anonymous_8)
FN:210,(anonymous_9)
FN:220,(anonymous_10)
FNF:11
FNH:0
FNDA:0,(anonymous_0)
FNDA:0,(anonymous_1)
FNDA:0,(anonymous_2)
FNDA:0,(anonymous_3)
FNDA:0,(anonymous_4)
FNDA:0,(anonymous_5)
FNDA:0,(anonymous_6)
FNDA:0,(anonymous_7)
FNDA:0,(anonymous_8)
FNDA:0,(anonymous_9)
FNDA:0,(anonymous_10)
DA:6,0
DA:7,0
DA:8,0
DA:10,0
DA:28,0
DA:29,0
DA:30,0
DA:32,0
DA:36,0
DA:37,0
DA:42,0
DA:43,0
DA:46,0
DA:47,0
DA:51,0
DA:53,0
DA:54,0
DA:56,0
DA:57,0
DA:58,0
DA:61,0
DA:62,0
DA:63,0
DA:66,0
DA:67,0
DA:68,0
DA:71,0
DA:72,0
DA:73,0
DA:76,0
DA:77,0
DA:78,0
DA:81,0
DA:83,0
DA:84,0
DA:85,0
DA:88,0
DA:89,0
DA:90,0
DA:93,0
DA:94,0
DA:98,0
DA:99,0
DA:104,0
DA:108,0
DA:109,0
DA:114,0
DA:118,0
DA:121,0
DA:122,0
DA:124,0
DA:125,0
DA:126,0
DA:129,0
DA:130,0
DA:131,0
DA:134,0
DA:135,0
DA:136,0
DA:139,0
DA:140,0
DA:141,0
DA:144,0
DA:145,0
DA:146,0
DA:150,0
DA:158,0
DA:159,0
DA:162,0
DA:170,0
DA:171,0
DA:182,0
DA:190,0
DA:191,0
DA:201,0
DA:211,0
DA:212,0
DA:217,0
DA:221,0
LF:79
LH:0
BRDA:24,0,0,0
BRDA:24,0,1,0
BRDA:29,1,0,0
BRDA:29,1,1,0
BRDA:42,2,0,0
BRDA:42,2,1,0
BRDA:56,3,0,0
BRDA:56,3,1,0
BRDA:61,4,0,0
BRDA:61,4,1,0
BRDA:66,5,0,0
BRDA:66,5,1,0
BRDA:71,6,0,0
BRDA:71,6,1,0
BRDA:76,7,0,0
BRDA:76,7,1,0
BRDA:83,8,0,0
BRDA:83,8,1,0
BRDA:88,9,0,0
BRDA:88,9,1,0
BRDA:97,10,0,0
BRDA:107,11,0,0
BRDA:124,12,0,0
BRDA:124,12,1,0
BRDA:129,13,0,0
BRDA:129,13,1,0
BRDA:134,14,0,0
BRDA:134,14,1,0
BRDA:139,15,0,0
BRDA:139,15,1,0
BRDA:144,16,0,0
BRDA:144,16,1,0
BRDA:171,17,0,0
BRDA:171,17,1,0
BRDA:191,18,0,0
BRDA:191,18,1,0
BRDA:202,19,0,0
BRDA:202,19,1,0
BRDA:203,20,0,0
BRDA:203,20,1,0
BRDA:204,21,0,0
BRDA:204,21,1,0
BRF:42
BRH:0
end_of_record
TN:
SF:src/database/models/User.ts
FN:7,(anonymous_0)
FN:52,(anonymous_1)
FN:85,(anonymous_2)
FN:127,(anonymous_3)
FN:213,(anonymous_4)
FN:244,(anonymous_5)
FN:318,(anonymous_6)
FN:347,(anonymous_7)
FN:355,(anonymous_8)
FN:358,(anonymous_9)
FN:395,(anonymous_10)
FN:427,(anonymous_11)
FNF:12
FNH:0
FNDA:0,(anonymous_0)
FNDA:0,(anonymous_1)
FNDA:0,(anonymous_2)
FNDA:0,(anonymous_3)
FNDA:0,(anonymous_4)
FNDA:0,(anonymous_5)
FNDA:0,(anonymous_6)
FNDA:0,(anonymous_7)
FNDA:0,(anonymous_8)
FNDA:0,(anonymous_9)
FNDA:0,(anonymous_10)
FNDA:0,(anonymous_11)
DA:9,0
DA:10,0
DA:22,0
DA:23,0
DA:26,0
DA:27,0
DA:28,0
DA:30,0
DA:45,0
DA:46,0
DA:47,0
DA:49,0
DA:54,0
DA:55,0
DA:56,0
DA:57,0
DA:61,0
DA:62,0
DA:63,0
DA:64,0
DA:65,0
DA:68,0
DA:71,0
DA:72,0
DA:77,0
DA:78,0
DA:81,0
DA:82,0
DA:87,0
DA:89,0
DA:90,0
DA:91,0
DA:92,0
DA:93,0
DA:98,0
DA:99,0
DA:100,0
DA:101,0
DA:102,0
DA:103,0
DA:104,0
DA:105,0
DA:110,0
DA:113,0
DA:114,0
DA:119,0
DA:120,0
DA:123,0
DA:124,0
DA:128,0
DA:131,0
DA:132,0
DA:135,0
DA:136,0
DA:137,0
DA:138,0
DA:139,0
DA:142,0
DA:143,0
DA:150,0
DA:151,0
DA:152,0
DA:154,0
DA:155,0
DA:159,0
DA:160,0
DA:164,0
DA:166,0
DA:171,0
DA:172,0
DA:173,0
DA:176,0
DA:177,0
DA:178,0
DA:181,0
DA:182,0
DA:192,0
DA:193,0
DA:200,0
DA:201,0
DA:202,0
DA:205,0
DA:208,0
DA:210,0
DA:215,0
DA:216,0
DA:217,0
DA:218,0
DA:219,0
DA:220,0
DA:221,0
DA:225,0
DA:226,0
DA:227,0
DA:228,0
DA:229,0
DA:230,0
DA:231,0
DA:234,0
DA:237,0
DA:238,0
DA:246,0
DA:248,0
DA:249,0
DA:250,0
DA:252,0
DA:253,0
DA:254,0
DA:255,0
DA:257,0
DA:258,0
DA:259,0
DA:263,0
DA:264,0
DA:265,0
DA:266,0
DA:267,0
DA:268,0
DA:269,0
DA:270,0
DA:272,0
DA:273,0
DA:274,0
DA:278,0
DA:281,0
DA:282,0
DA:283,0
DA:285,0
DA:286,0
DA:287,0
DA:289,0
DA:290,0
DA:291,0
DA:293,0
DA:294,0
DA:295,0
DA:297,0
DA:298,0
DA:299,0
DA:302,0
DA:303,0
DA:306,0
DA:307,0
DA:308,0
DA:310,0
DA:315,0
DA:320,0
DA:321,0
DA:324,0
DA:325,0
DA:326,0
DA:327,0
DA:328,0
DA:333,0
DA:334,0
DA:335,0
DA:336,0
DA:337,0
DA:338,0
DA:339,0
DA:340,0
DA:347,0
DA:350,0
DA:351,0
DA:355,0
DA:360,0
DA:362,0
DA:363,0
DA:364,0
DA:365,0
DA:366,0
DA:367,0
DA:368,0
DA:372,0
DA:373,0
DA:374,0
DA:375,0
DA:376,0
DA:377,0
DA:378,0
DA:379,0
DA:383,0
DA:386,0
DA:387,0
DA:392,0
DA:397,0
DA:399,0
DA:400,0
DA:401,0
DA:402,0
DA:406,0
DA:407,0
DA:408,0
DA:409,0
DA:410,0
DA:411,0
DA:415,0
DA:418,0
DA:419,0
DA:424,0
DA:428,0
LF:201
LH:0
BRDA:9,0,0,0
BRDA:9,0,1,0
BRDA:46,1,0,0
BRDA:46,1,1,0
BRDA:54,2,0,0
BRDA:54,2,1,0
BRDA:56,3,0,0
BRDA:56,3,1,0
BRDA:62,4,0,0
BRDA:62,4,1,0
BRDA:64,5,0,0
BRDA:64,5,1,0
BRDA:77,6,0,0
BRDA:77,6,1,0
BRDA:87,7,0,0
BRDA:87,7,1,0
BRDA:90,8,0,0
BRDA:90,8,1,0
BRDA:92,9,0,0
BRDA:92,9,1,0
BRDA:100,10,0,0
BRDA:100,10,1,0
BRDA:100,11,0,0
BRDA:100,11,1,0
BRDA:102,12,0,0
BRDA:102,12,1,0
BRDA:104,13,0,0
BRDA:104,13,1,0
BRDA:119,14,0,0
BRDA:119,14,1,0
BRDA:131,15,0,0
BRDA:131,15,1,0
BRDA:136,16,0,0
BRDA:136,16,1,0
BRDA:138,17,0,0
BRDA:138,17,1,0
BRDA:150,18,0,0
BRDA:150,18,1,0
BRDA:172,19,0,0
BRDA:172,19,1,0
BRDA:176,20,0,0
BRDA:176,20,1,0
BRDA:200,21,0,0
BRDA:200,21,1,0
BRDA:215,22,0,0
BRDA:215,22,1,0
BRDA:217,23,0,0
BRDA:217,23,1,0
BRDA:226,24,0,0
BRDA:226,24,1,0
BRDA:228,25,0,0
BRDA:228,25,1,0
BRDA:246,26,0,0
BRDA:246,26,1,0
BRDA:249,27,0,0
BRDA:249,27,1,0
BRDA:252,28,0,0
BRDA:252,28,1,0
BRDA:253,29,0,0
BRDA:253,29,1,0
BRDA:254,30,0,0
BRDA:254,30,1,0
BRDA:255,31,0,0
BRDA:255,31,1,0
BRDA:264,32,0,0
BRDA:264,32,1,0
BRDA:266,33,0,0
BRDA:266,33,1,0
BRDA:267,34,0,0
BRDA:267,34,1,0
BRDA:268,35,0,0
BRDA:268,35,1,0
BRDA:269,36,0,0
BRDA:269,36,1,0
BRDA:270,37,0,0
BRDA:270,37,1,0
BRDA:285,38,0,0
BRDA:285,38,1,0
BRDA:289,39,0,0
BRDA:289,39,1,0
BRDA:293,40,0,0
BRDA:293,40,1,0
BRDA:297,41,0,0
BRDA:297,41,1,0
BRDA:299,42,0,0
BRDA:299,42,1,0
BRDA:302,43,0,0
BRDA:302,43,1,0
BRDA:320,44,0,0
BRDA:320,44,1,0
BRDA:325,45,0,0
BRDA:325,45,1,0
BRDA:327,46,0,0
BRDA:327,46,1,0
BRDA:335,47,0,0
BRDA:335,47,1,0
BRDA:335,48,0,0
BRDA:335,48,1,0
BRDA:337,49,0,0
BRDA:337,49,1,0
BRDA:339,50,0,0
BRDA:339,50,1,0
BRDA:360,51,0,0
BRDA:360,51,1,0
BRDA:363,52,0,0
BRDA:363,52,1,0
BRDA:373,53,0,0
BRDA:373,53,1,0
BRDA:375,54,0,0
BRDA:375,54,1,0
BRDA:397,55,0,0
BRDA:397,55,1,0
BRDA:400,56,0,0
BRDA:400,56,1,0
BRDA:407,57,0,0
BRDA:407,57,1,0
BRDA:409,58,0,0
BRDA:409,58,1,0
BRF:118
BRH:0
end_of_record
TN:
SF:src/hooks/useRealTimeUpdates.ts
FN:11,(anonymous_0)
FN:15,(anonymous_1)
FN:18,(anonymous_2)
FN:23,(anonymous_3)
FN:40,(anonymous_4)
FN:46,(anonymous_5)
FNF:6
FNH:0
FNDA:0,(anonymous_0)
FNDA:0,(anonymous_1)
FNDA:0,(anonymous_2)
FNDA:0,(anonymous_3)
FNDA:0,(anonymous_4)
FNDA:0,(anonymous_5)
DA:11,0
DA:12,0
DA:13,0
DA:15,0
DA:16,0
DA:18,0
DA:19,0
DA:20,0
DA:23,0
DA:24,0
DA:25,0
DA:29,0
DA:34,0
DA:40,0
DA:41,0
DA:42,0
DA:46,0
DA:48,0
LF:18
LH:0
BRDA:11,0,0,0
BRDA:12,1,0,0
BRDA:16,2,0,0
BRDA:16,2,1,0
BRF:4
BRH:0
end_of_record
TN:
SF:src/navigation/AuthNavigator.tsx
FN:11,(anonymous_0)
FNF:1
FNH:0
FNDA:0,(anonymous_0)
DA:9,0
DA:11,0
DA:12,0
LF:3
LH:0
BRF:0
BRH:0
end_of_record
TN:
SF:src/navigation/MainNavigator.tsx
FN:19,(anonymous_0)
FN:24,(anonymous_1)
FN:25,(anonymous_2)
FNF:3
FNH:0
FNDA:0,(anonymous_0)
FNDA:0,(anonymous_1)
FNDA:0,(anonymous_2)
DA:17,0
DA:19,0
DA:20,0
DA:22,0
DA:24,0
DA:28,0
DA:30,0
DA:31,0
DA:33,0
DA:34,0
DA:36,0
DA:37,0
DA:39,0
DA:40,0
DA:42,0
DA:45,0
LF:16
LH:0
BRDA:28,0,0,0
BRDA:28,0,1,0
BRDA:28,0,2,0
BRDA:28,0,3,0
BRDA:28,0,4,0
BRDA:30,1,0,0
BRDA:30,1,1,0
BRDA:33,2,0,0
BRDA:33,2,1,0
BRDA:36,3,0,0
BRDA:36,3,1,0
BRDA:39,4,0,0
BRDA:39,4,1,0
BRDA:61,5,0,0
BRDA:61,5,1,0
BRDA:61,5,2,0
BRDA:72,6,0,0
BRDA:72,6,1,0
BRDA:72,6,2,0
BRDA:83,7,0,0
BRDA:83,7,1,0
BRF:21
BRH:0
end_of_record
TN:
SF:src/navigation/RootNavigator.tsx
FN:15,(anonymous_0)
FN:18,(anonymous_1)
FN:22,(anonymous_2)
FNF:3
FNH:0
FNDA:0,(anonymous_0)
FNDA:0,(anonymous_1)
FNDA:0,(anonymous_2)
DA:13,0
DA:15,0
DA:16,0
DA:18,0
DA:19,0
DA:22,0
DA:23,0
DA:24,0
DA:28,0
LF:9
LH:0
BRDA:23,0,0,0
BRDA:23,0,1,0
BRDA:31,1,0,0
BRDA:31,1,1,0
BRF:4
BRH:0
end_of_record
TN:
SF:src/navigation/index.ts
FNF:0
FNH:0
LF:0
LH:0
BRF:0
BRH:0
end_of_record
TN:
SF:src/screens/auth/LoginScreen.tsx
FN:22,(anonymous_0)
FN:28,(anonymous_1)
FN:42,(anonymous_2)
FN:47,(anonymous_3)
FN:84,(anonymous_4)
FNF:5
FNH:0
FNDA:0,(anonymous_0)
FNDA:0,(anonymous_1)
FNDA:0,(anonymous_2)
FNDA:0,(anonymous_3)
FNDA:0,(anonymous_4)
DA:22,0
DA:23,0
DA:24,0
DA:25,0
DA:26,0
DA:28,0
DA:29,0
DA:31,0
DA:32,0
DA:35,0
DA:37,0
DA:38,0
DA:42,0
DA:43,0
DA:44,0
DA:47,0
DA:48,0
DA:49,0
DA:52,0
DA:84,0
DA:122,0
LF:21
LH:0
BRDA:31,0,0,0
BRDA:31,0,1,0
BRDA:31,1,0,0
BRDA:31,1,1,0
BRDA:37,2,0,0
BRDA:37,2,1,0
BRDA:37,3,0,0
BRDA:37,3,1,0
BRDA:55,4,0,0
BRDA:55,4,1,0
BRDA:83,5,0,0
BRDA:83,5,1,0
BRDA:93,6,0,0
BRDA:93,6,1,0
BRDA:101,7,0,0
BRDA:101,7,1,0
BRDA:101,7,2,0
BRDA:105,8,0,0
BRDA:105,8,1,0
BRF:19
BRH:0
end_of_record
TN:
SF:src/screens/inventory/ItemDetailScreen.tsx
FNF:0
FNH:0
DA:3,0
LF:1
LH:0
BRF:0
BRH:0
end_of_record
TN:
SF:src/screens/inventory/StockListScreen.tsx
FNF:0
FNH:0
DA:3,0
LF:1
LH:0
BRF:0
BRH:0
end_of_record
TN:
SF:src/screens/reports/ReportsScreen.tsx
FN:18,(anonymous_0)
FN:42,(anonymous_1)
FN:112,(anonymous_2)
FN:118,(anonymous_3)
FN:122,(anonymous_4)
FN:129,(anonymous_5)
FN:134,(anonymous_6)
FN:175,(anonymous_7)
FN:206,(anonymous_8)
FN:214,(anonymous_9)
FN:217,(anonymous_10)
FN:221,(anonymous_11)
FN:235,(anonymous_12)
FN:355,(anonymous_13)
FN:376,(anonymous_14)
FN:382,(anonymous_15)
FN:392,(anonymous_16)
FN:392,(anonymous_17)
FN:399,(anonymous_18)
FN:399,(anonymous_19)
FN:406,(anonymous_20)
FN:406,(anonymous_21)
FN:417,(anonymous_22)
FN:417,(anonymous_23)
FN:424,(anonymous_24)
FN:424,(anonymous_25)
FN:431,(anonymous_26)
FN:431,(anonymous_27)
FN:438,(anonymous_28)
FN:438,(anonymous_29)
FN:449,(anonymous_30)
FN:449,(anonymous_31)
FN:454,(anonymous_32)
FN:458,(anonymous_33)
FN:458,(anonymous_34)
FN:470,(anonymous_35)
FN:470,(anonymous_36)
FN:475,(anonymous_37)
FN:479,(anonymous_38)
FN:479,(anonymous_39)
FN:489,(anonymous_40)
FNF:41
FNH:0
FNDA:0,(anonymous_0)
FNDA:0,(anonymous_1)
FNDA:0,(anonymous_2)
FNDA:0,(anonymous_3)
FNDA:0,(anonymous_4)
FNDA:0,(anonymous_5)
FNDA:0,(anonymous_6)
FNDA:0,(anonymous_7)
FNDA:0,(anonymous_8)
FNDA:0,(anonymous_9)
FNDA:0,(anonymous_10)
FNDA:0,(anonymous_11)
FNDA:0,(anonymous_12)
FNDA:0,(anonymous_13)
FNDA:0,(anonymous_14)
FNDA:0,(anonymous_15)
FNDA:0,(anonymous_16)
FNDA:0,(anonymous_17)
FNDA:0,(anonymous_18)
FNDA:0,(anonymous_19)
FNDA:0,(anonymous_20)
FNDA:0,(anonymous_21)
FNDA:0,(anonymous_22)
FNDA:0,(anonymous_23)
FNDA:0,(anonymous_24)
FNDA:0,(anonymous_25)
FNDA:0,(anonymous_26)
FNDA:0,(anonymous_27)
FNDA:0,(anonymous_28)
FNDA:0,(anonymous_29)
FNDA:0,(anonymous_30)
FNDA:0,(anonymous_31)
FNDA:0,(anonymous_32)
FNDA:0,(anonymous_33)
FNDA:0,(anonymous_34)
FNDA:0,(anonymous_35)
FNDA:0,(anonymous_36)
FNDA:0,(anonymous_37)
FNDA:0,(anonymous_38)
FNDA:0,(anonymous_39)
FNDA:0,(anonymous_40)
DA:18,0
DA:19,0
DA:20,0
DA:21,0
DA:22,0
DA:23,0
DA:24,0
DA:30,0
DA:36,0
DA:42,0
DA:43,0
DA:44,0
DA:46,0
DA:49,0
DA:51,0
DA:53,0
DA:55,0
DA:56,0
DA:57,0
DA:59,0
DA:60,0
DA:61,0
DA:63,0
DA:64,0
DA:65,0
DA:67,0
DA:68,0
DA:69,0
DA:72,0
DA:73,0
DA:75,0
DA:76,0
DA:79,0
DA:80,0
DA:83,0
DA:84,0
DA:87,0
DA:88,0
DA:89,0
DA:90,0
DA:91,0
DA:92,0
DA:93,0
DA:97,0
DA:102,0
DA:103,0
DA:105,0
DA:107,0
DA:108,0
DA:112,0
DA:113,0
DA:117,0
DA:119,0
DA:120,0
DA:123,0
DA:124,0
DA:129,0
DA:130,0
DA:131,0
DA:134,0
DA:135,0
DA:136,0
DA:141,0
DA:142,0
DA:150,0
DA:151,0
DA:153,0
DA:154,0
DA:155,0
DA:157,0
DA:158,0
DA:159,0
DA:163,0
DA:164,0
DA:165,0
DA:167,0
DA:175,0
DA:176,0
DA:178,0
DA:206,0
DA:207,0
DA:208,0
DA:211,0
DA:214,0
DA:215,0
DA:216,0
DA:217,0
DA:218,0
DA:220,0
DA:221,0
DA:222,0
DA:224,0
DA:225,0
DA:230,0
DA:232,0
DA:235,0
DA:236,0
DA:238,0
DA:244,0
DA:247,0
DA:250,0
DA:251,0
DA:254,0
DA:256,0
DA:257,0
DA:263,0
DA:266,0
DA:267,0
DA:271,0
DA:356,0
DA:376,0
DA:382,0
DA:392,0
DA:399,0
DA:406,0
DA:417,0
DA:424,0
DA:431,0
DA:438,0
DA:449,0
DA:455,0
DA:458,0
DA:470,0
DA:476,0
DA:479,0
DA:489,0
DA:501,0
LF:127
LH:0
BRDA:53,0,0,0
BRDA:53,0,1,0
BRDA:53,0,2,0
BRDA:53,0,3,0
BRDA:68,1,0,0
BRDA:68,1,1,0
BRDA:72,2,0,0
BRDA:72,2,1,0
BRDA:75,3,0,0
BRDA:75,3,1,0
BRDA:79,4,0,0
BRDA:79,4,1,0
BRDA:83,5,0,0
BRDA:83,5,1,0
BRDA:87,6,0,0
BRDA:87,6,1,0
BRDA:88,7,0,0
BRDA:88,7,1,0
BRDA:90,8,0,0
BRDA:90,8,1,0
BRDA:92,9,0,0
BRDA:92,9,1,0
BRDA:136,10,0,0
BRDA:136,10,1,0
BRDA:136,10,2,0
BRDA:141,11,0,0
BRDA:141,11,1,0
BRDA:141,12,0,0
BRDA:141,12,1,0
BRDA:153,13,0,0
BRDA:153,13,1,0
BRDA:157,14,0,0
BRDA:157,14,1,0
BRDA:158,15,0,0
BRDA:158,15,1,0
BRDA:163,16,0,0
BRDA:163,16,1,0
BRDA:165,17,0,0
BRDA:165,17,1,0
BRDA:165,18,0,0
BRDA:165,18,1,0
BRDA:208,19,0,0
BRDA:208,19,1,0
BRDA:211,20,0,0
BRDA:211,20,1,0
BRDA:216,21,0,0
BRDA:216,21,1,0
BRDA:218,22,0,0
BRDA:218,22,1,0
BRDA:220,23,0,0
BRDA:220,23,1,0
BRDA:222,24,0,0
BRDA:222,24,1,0
BRDA:224,25,0,0
BRDA:224,25,1,0
BRDA:232,26,0,0
BRDA:232,26,1,0
BRDA:238,27,0,0
BRDA:238,27,1,0
BRDA:256,28,0,0
BRDA:256,28,1,0
BRDA:297,29,0,0
BRDA:297,29,1,0
BRDA:316,30,0,0
BRDA:316,30,1,0
BRDA:323,31,0,0
BRDA:323,31,1,0
BRDA:333,32,0,0
BRDA:333,32,1,0
BRDA:336,33,0,0
BRDA:336,33,1,0
BRDA:361,34,0,0
BRDA:361,34,1,0
BRDA:364,35,0,0
BRDA:364,35,1,0
BRF:75
BRH:0
end_of_record
TN:
SF:src/screens/transactions/TransactionLogsScreen.tsx
FN:14,(anonymous_0)
FN:27,(anonymous_1)
FN:40,(anonymous_2)
FN:44,(anonymous_3)
FN:74,(anonymous_4)
FN:81,(anonymous_5)
FN:90,(anonymous_6)
FN:98,(anonymous_7)
FN:103,(anonymous_8)
FN:110,(anonymous_9)
FN:114,(anonymous_10)
FN:119,(anonymous_11)
FN:124,(anonymous_12)
FN:147,(anonymous_13)
FN:151,(anonymous_14)
FN:175,(anonymous_15)
FN:175,(anonymous_16)
FN:183,(anonymous_17)
FN:183,(anonymous_18)
FN:190,(anonymous_19)
FN:190,(anonymous_20)
FN:197,(anonymous_21)
FN:197,(anonymous_22)
FN:207,(anonymous_23)
FN:207,(anonymous_24)
FN:214,(anonymous_25)
FN:214,(anonymous_26)
FN:221,(anonymous_27)
FN:221,(anonymous_28)
FN:228,(anonymous_29)
FN:228,(anonymous_30)
FN:247,(anonymous_31)
FN:265,(anonymous_32)
FNF:33
FNH:0
FNDA:0,(anonymous_0)
FNDA:0,(anonymous_1)
FNDA:0,(anonymous_2)
FNDA:0,(anonymous_3)
FNDA:0,(anonymous_4)
FNDA:0,(anonymous_5)
FNDA:0,(anonymous_6)
FNDA:0,(anonymous_7)
FNDA:0,(anonymous_8)
FNDA:0,(anonymous_9)
FNDA:0,(anonymous_10)
FNDA:0,(anonymous_11)
FNDA:0,(anonymous_12)
FNDA:0,(anonymous_13)
FNDA:0,(anonymous_14)
FNDA:0,(anonymous_15)
FNDA:0,(anonymous_16)
FNDA:0,(anonymous_17)
FNDA:0,(anonymous_18)
FNDA:0,(anonymous_19)
FNDA:0,(anonymous_20)
FNDA:0,(anonymous_21)
FNDA:0,(anonymous_22)
FNDA:0,(anonymous_23)
FNDA:0,(anonymous_24)
FNDA:0,(anonymous_25)
FNDA:0,(anonymous_26)
FNDA:0,(anonymous_27)
FNDA:0,(anonymous_28)
FNDA:0,(anonymous_29)
FNDA:0,(anonymous_30)
FNDA:0,(anonymous_31)
FNDA:0,(anonymous_32)
DA:14,0
DA:15,0
DA:16,0
DA:17,0
DA:18,0
DA:19,0
DA:20,0
DA:21,0
DA:27,0
DA:28,0
DA:29,0
DA:30,0
DA:31,0
DA:33,0
DA:35,0
DA:36,0
DA:40,0
DA:41,0
DA:44,0
DA:45,0
DA:46,0
DA:47,0
DA:49,0
DA:51,0
DA:56,0
DA:57,0
DA:58,0
DA:63,0
DA:64,0
DA:65,0
DA:70,0
DA:74,0
DA:75,0
DA:78,0
DA:79,0
DA:80,0
DA:82,0
DA:88,0
DA:89,0
DA:90,0
DA:95,0
DA:96,0
DA:97,0
DA:98,0
DA:101,0
DA:102,0
DA:103,0
DA:107,0
DA:110,0
DA:111,0
DA:114,0
DA:115,0
DA:116,0
DA:119,0
DA:120,0
DA:121,0
DA:124,0
DA:125,0
DA:126,0
DA:128,0
DA:129,0
DA:131,0
DA:132,0
DA:133,0
DA:135,0
DA:136,0
DA:137,0
DA:140,0
DA:147,0
DA:148,0
DA:150,0
DA:151,0
DA:170,0
DA:175,0
DA:183,0
DA:190,0
DA:197,0
DA:207,0
DA:214,0
DA:221,0
DA:228,0
DA:247,0
DA:266,0
DA:267,0
DA:285,0
LF:85
LH:0
BRDA:49,0,0,0
BRDA:49,0,1,0
BRDA:49,0,2,0
BRDA:49,0,3,0
BRDA:78,1,0,0
BRDA:78,1,1,0
BRDA:82,2,0,0
BRDA:82,2,1,0
BRDA:88,3,0,0
BRDA:88,3,1,0
BRDA:96,4,0,0
BRDA:96,4,1,0
BRDA:101,5,0,0
BRDA:101,5,1,0
BRDA:131,6,0,0
BRDA:131,6,1,0
BRDA:135,7,0,0
BRDA:135,7,1,0
BRDA:136,8,0,0
BRDA:136,8,1,0
BRDA:254,9,0,0
BRDA:254,9,1,0
BRDA:258,10,0,0
BRDA:258,10,1,0
BRDA:271,11,0,0
BRDA:271,11,1,0
BRF:26
BRH:0
end_of_record
TN:
SF:src/screens/users/ManageUsersScreen.tsx
FN:5,(anonymous_0)
FNF:1
FNH:0
FNDA:0,(anonymous_0)
DA:5,0
DA:6,0
DA:14,0
LF:3
LH:0
BRF:0
BRH:0
end_of_record
TN:
SF:src/services/categoryService.ts
FN:7,(anonymous_0)
FN:24,(anonymous_1)
FN:28,(anonymous_2)
FN:32,(anonymous_3)
FN:36,(anonymous_4)
FN:55,(anonymous_5)
FN:74,(anonymous_6)
FN:76,(anonymous_7)
FNF:8
FNH:0
FNDA:0,(anonymous_0)
FNDA:0,(anonymous_1)
FNDA:0,(anonymous_2)
FNDA:0,(anonymous_3)
FNDA:0,(anonymous_4)
FNDA:0,(anonymous_5)
FNDA:0,(anonymous_6)
FNDA:0,(anonymous_7)
DA:4,0
DA:8,0
DA:9,0
DA:10,0
DA:14,0
DA:15,0
DA:18,0
DA:20,0
DA:21,0
DA:25,0
DA:29,0
DA:33,0
DA:37,0
DA:38,0
DA:39,0
DA:43,0
DA:44,0
DA:47,0
DA:48,0
DA:50,0
DA:52,0
DA:56,0
DA:57,0
DA:58,0
DA:62,0
DA:63,0
DA:66,0
DA:67,0
DA:69,0
DA:71,0
DA:75,0
DA:76,0
LF:32
LH:0
BRDA:9,0,0,0
BRDA:9,0,1,0
BRDA:14,1,0,0
BRDA:14,1,1,0
BRDA:14,2,0,0
BRDA:14,2,1,0
BRDA:38,3,0,0
BRDA:38,3,1,0
BRDA:43,4,0,0
BRDA:43,4,1,0
BRDA:43,5,0,0
BRDA:43,5,1,0
BRDA:48,6,0,0
BRDA:48,6,1,0
BRDA:57,7,0,0
BRDA:57,7,1,0
BRDA:62,8,0,0
BRDA:62,8,1,0
BRDA:62,9,0,0
BRDA:62,9,1,0
BRDA:67,10,0,0
BRDA:67,10,1,0
BRF:22
BRH:0
end_of_record
TN:
SF:src/services/index.ts
FNF:0
FNH:0
LF:0
LH:0
BRF:0
BRH:0
end_of_record
TN:
SF:src/services/initService.ts
FN:3,(anonymous_0)
FNF:1
FNH:0
FNDA:0,(anonymous_0)
DA:3,0
DA:4,0
DA:5,0
DA:8,0
DA:10,0
DA:11,0
DA:13,0
DA:16,0
LF:8
LH:0
BRDA:10,0,0,0
BRDA:10,0,1,0
BRF:2
BRH:0
end_of_record
TN:
SF:src/services/itemService.ts
FN:8,(anonymous_0)
FN:13,(anonymous_1)
FN:21,(anonymous_2)
FN:30,(anonymous_3)
FN:57,(anonymous_4)
FN:66,(anonymous_5)
FN:75,(anonymous_6)
FN:84,(anonymous_7)
FN:93,(anonymous_8)
FN:102,(anonymous_9)
FN:146,(anonymous_10)
FN:190,(anonymous_11)
FN:238,(anonymous_12)
FN:247,(anonymous_13)
FNF:14
FNH:0
FNDA:0,(anonymous_0)
FNDA:0,(anonymous_1)
FNDA:0,(anonymous_2)
FNDA:0,(anonymous_3)
FNDA:0,(anonymous_4)
FNDA:0,(anonymous_5)
FNDA:0,(anonymous_6)
FNDA:0,(anonymous_7)
FNDA:0,(anonymous_8)
FNDA:0,(anonymous_9)
FNDA:0,(anonymous_10)
FNDA:0,(anonymous_11)
FNDA:0,(anonymous_12)
FNDA:0,(anonymous_13)
DA:7,0
DA:9,0
DA:10,0
DA:11,0
DA:12,0
DA:13,0
DA:14,0
DA:16,0
DA:17,0
DA:22,0
DA:23,0
DA:25,0
DA:26,0
DA:31,0
DA:32,0
DA:33,0
DA:36,0
DA:37,0
DA:47,0
DA:50,0
DA:52,0
DA:53,0
DA:58,0
DA:59,0
DA:61,0
DA:62,0
DA:67,0
DA:68,0
DA:70,0
DA:71,0
DA:76,0
DA:77,0
DA:79,0
DA:80,0
DA:85,0
DA:86,0
DA:88,0
DA:89,0
DA:94,0
DA:95,0
DA:97,0
DA:98,0
DA:103,0
DA:105,0
DA:106,0
DA:107,0
DA:111,0
DA:112,0
DA:113,0
DA:117,0
DA:123,0
DA:124,0
DA:128,0
DA:139,0
DA:141,0
DA:142,0
DA:147,0
DA:149,0
DA:150,0
DA:151,0
DA:155,0
DA:156,0
DA:157,0
DA:161,0
DA:167,0
DA:168,0
DA:172,0
DA:183,0
DA:185,0
DA:186,0
DA:191,0
DA:193,0
DA:194,0
DA:195,0
DA:199,0
DA:200,0
DA:203,0
DA:204,0
DA:205,0
DA:209,0
DA:215,0
DA:216,0
DA:220,0
DA:231,0
DA:233,0
DA:234,0
DA:239,0
DA:240,0
DA:242,0
DA:243,0
DA:248,0
DA:249,0
DA:251,0
DA:252,0
LF:94
LH:0
BRDA:36,0,0,0
BRDA:36,0,1,0
BRDA:36,1,0,0
BRDA:36,1,1,0
BRDA:36,1,2,0
BRDA:106,2,0,0
BRDA:106,2,1,0
BRDA:112,3,0,0
BRDA:112,3,1,0
BRDA:123,4,0,0
BRDA:123,4,1,0
BRDA:150,5,0,0
BRDA:150,5,1,0
BRDA:156,6,0,0
BRDA:156,6,1,0
BRDA:167,7,0,0
BRDA:167,7,1,0
BRDA:194,8,0,0
BRDA:194,8,1,0
BRDA:203,9,0,0
BRDA:203,9,1,0
BRDA:204,10,0,0
BRDA:204,10,1,0
BRDA:215,11,0,0
BRDA:215,11,1,0
BRDA:227,12,0,0
BRDA:227,12,1,0
BRF:27
BRH:0
end_of_record
TN:
SF:src/services/transactionService.ts
FN:9,(anonymous_0)
FN:18,(anonymous_1)
FN:27,(anonymous_2)
FN:36,(anonymous_3)
FN:45,(anonymous_4)
FN:54,(anonymous_5)
FN:69,(anonymous_6)
FN:79,(anonymous_7)
FN:91,(anonymous_8)
FN:103,(anonymous_9)
FN:113,(anonymous_10)
FN:118,(anonymous_11)
FN:159,(anonymous_12)
FN:174,(anonymous_13)
FNF:14
FNH:0
FNDA:0,(anonymous_0)
FNDA:0,(anonymous_1)
FNDA:0,(anonymous_2)
FNDA:0,(anonymous_3)
FNDA:0,(anonymous_4)
FNDA:0,(anonymous_5)
FNDA:0,(anonymous_6)
FNDA:0,(anonymous_7)
FNDA:0,(anonymous_8)
FNDA:0,(anonymous_9)
FNDA:0,(anonymous_10)
FNDA:0,(anonymous_11)
FNDA:0,(anonymous_12)
FNDA:0,(anonymous_13)
DA:8,0
DA:10,0
DA:11,0
DA:13,0
DA:14,0
DA:19,0
DA:20,0
DA:22,0
DA:23,0
DA:28,0
DA:29,0
DA:31,0
DA:32,0
DA:37,0
DA:38,0
DA:40,0
DA:41,0
DA:46,0
DA:47,0
DA:49,0
DA:50,0
DA:55,0
DA:56,0
DA:59,0
DA:60,0
DA:62,0
DA:64,0
DA:65,0
DA:70,0
DA:71,0
DA:73,0
DA:74,0
DA:80,0
DA:81,0
DA:86,0
DA:87,0
DA:92,0
DA:93,0
DA:98,0
DA:99,0
DA:104,0
DA:105,0
DA:107,0
DA:108,0
DA:114,0
DA:128,0
DA:129,0
DA:133,0
DA:134,0
DA:135,0
DA:136,0
DA:137,0
DA:138,0
DA:140,0
DA:141,0
DA:144,0
DA:146,0
DA:160,0
DA:161,0
DA:162,0
DA:166,0
DA:168,0
DA:169,0
DA:178,0
DA:179,0
DA:180,0
DA:182,0
DA:183,0
DA:184,0
DA:186,0
DA:189,0
DA:190,0
LF:72
LH:0
BRDA:27,0,0,0
BRDA:36,1,0,0
BRDA:103,2,0,0
BRDA:133,3,0,0
BRDA:133,3,1,0
BRDA:136,4,0,0
BRDA:136,4,1,0
BRDA:140,5,0,0
BRDA:140,5,1,0
BRDA:153,6,0,0
BRDA:153,6,1,0
BRDA:180,7,0,0
BRDA:180,7,1,0
BRDA:182,8,0,0
BRDA:182,8,1,0
BRF:15
BRH:0
end_of_record
TN:
SF:src/services/userService.ts
FN:6,(anonymous_0)
FN:40,(anonymous_1)
FN:55,(anonymous_2)
FN:70,(anonymous_3)
FN:79,(anonymous_4)
FN:88,(anonymous_5)
FN:97,(anonymous_6)
FN:107,(anonymous_7)
FN:121,(anonymous_8)
FN:135,(anonymous_9)
FNF:10
FNH:0
FNDA:0,(anonymous_0)
FNDA:0,(anonymous_1)
FNDA:0,(anonymous_2)
FNDA:0,(anonymous_3)
FNDA:0,(anonymous_4)
FNDA:0,(anonymous_5)
FNDA:0,(anonymous_6)
FNDA:0,(anonymous_7)
FNDA:0,(anonymous_8)
FNDA:0,(anonymous_9)
DA:5,0
DA:7,0
DA:8,0
DA:10,0
DA:12,0
DA:13,0
DA:14,0
DA:17,0
DA:18,0
DA:19,0
DA:20,0
DA:23,0
DA:24,0
DA:25,0
DA:28,0
DA:31,0
DA:33,0
DA:35,0
DA:36,0
DA:41,0
DA:43,0
DA:48,0
DA:50,0
DA:51,0
DA:56,0
DA:58,0
DA:59,0
DA:60,0
DA:63,0
DA:65,0
DA:66,0
DA:71,0
DA:72,0
DA:74,0
DA:75,0
DA:80,0
DA:81,0
DA:83,0
DA:84,0
DA:89,0
DA:90,0
DA:92,0
DA:93,0
DA:98,0
DA:99,0
DA:101,0
DA:102,0
DA:108,0
DA:110,0
DA:112,0
DA:114,0
DA:116,0
DA:122,0
DA:124,0
DA:126,0
DA:128,0
DA:130,0
DA:136,0
DA:142,0
LF:59
LH:0
BRDA:12,0,0,0
BRDA:12,0,1,0
BRDA:23,1,0,0
BRDA:23,1,1,0
BRDA:59,2,0,0
BRDA:59,2,1,0
BRDA:108,3,0,0
BRDA:108,3,1,0
BRDA:108,3,2,0
BRDA:108,3,3,0
BRDA:122,4,0,0
BRDA:122,4,1,0
BRDA:122,4,2,0
BRDA:122,4,3,0
BRDA:142,5,0,0
BRDA:142,5,1,0
BRF:16
BRH:0
end_of_record
TN:
SF:src/stores/authStore.ts
FN:24,(anonymous_0)
FN:31,(anonymous_1)
FN:69,(anonymous_2)
FN:79,(anonymous_3)
FN:83,(anonymous_4)
FN:104,(anonymous_5)
FN:137,(anonymous_6)
FN:138,(anonymous_7)
FN:148,(anonymous_8)
FN:156,(anonymous_9)
FN:163,(anonymous_10)
FNF:11
FNH:0
FNDA:0,(anonymous_0)
FNDA:0,(anonymous_1)
FNDA:0,(anonymous_2)
FNDA:0,(anonymous_3)
FNDA:0,(anonymous_4)
FNDA:0,(anonymous_5)
FNDA:0,(anonymous_6)
FNDA:0,(anonymous_7)
FNDA:0,(anonymous_8)
FNDA:0,(anonymous_9)
FNDA:0,(anonymous_10)
DA:22,0
DA:24,0
DA:32,0
DA:34,0
DA:35,0
DA:37,0
DA:38,0
DA:45,0
DA:47,0
DA:54,0
DA:57,0
DA:58,0
DA:65,0
DA:70,0
DA:80,0
DA:84,0
DA:86,0
DA:88,0
DA:89,0
DA:90,0
DA:92,0
DA:95,0
DA:98,0
DA:99,0
DA:105,0
DA:107,0
DA:108,0
DA:110,0
DA:111,0
DA:113,0
DA:114,0
DA:115,0
DA:123,0
DA:126,0
DA:127,0
DA:130,0
DA:137,0
DA:138,0
DA:148,0
DA:149,0
DA:151,0
DA:157,0
DA:158,0
DA:163,0
DA:164,0
DA:166,0
DA:167,0
DA:170,0
LF:48
LH:0
BRDA:37,0,0,0
BRDA:37,0,1,0
BRDA:86,1,0,0
BRDA:86,1,1,0
BRDA:90,2,0,0
BRDA:90,2,1,0
BRDA:90,3,0,0
BRDA:90,3,1,0
BRDA:107,4,0,0
BRDA:107,4,1,0
BRDA:110,5,0,0
BRDA:110,5,1,0
BRDA:114,6,0,0
BRDA:114,6,1,0
BRDA:114,7,0,0
BRDA:114,7,1,0
BRDA:153,8,0,0
BRDA:153,8,1,0
BRDA:157,9,0,0
BRDA:157,9,1,0
BRDA:166,10,0,0
BRDA:166,10,1,0
BRDA:166,11,0,0
BRDA:166,11,1,0
BRF:24
BRH:0
end_of_record
TN:
SF:src/stores/index.ts
FNF:0
FNH:0
LF:0
LH:0
BRF:0
BRH:0
end_of_record
TN:
SF:src/stores/inventoryStore.ts
FN:38,(anonymous_0)
FN:48,(anonymous_1)
FN:63,(anonymous_2)
FN:73,(anonymous_3)
FN:96,(anonymous_4)
FN:114,(anonymous_5)
FN:120,(anonymous_6)
FN:121,(anonymous_7)
FN:140,(anonymous_8)
FN:177,(anonymous_9)
FN:203,(anonymous_10)
FN:204,(anonymous_11)
FN:221,(anonymous_12)
FN:225,(anonymous_13)
FN:229,(anonymous_14)
FN:233,(anonymous_15)
FN:237,(anonymous_16)
FN:241,(anonymous_17)
FN:245,(anonymous_18)
FN:253,(anonymous_19)
FN:261,(anonymous_20)
FN:265,(anonymous_21)
FN:288,(anonymous_22)
FN:290,(anonymous_23)
FN:293,(anonymous_24)
FN:295,(anonymous_25)
FN:300,(anonymous_26)
FN:302,(anonymous_27)
FN:303,(anonymous_28)
FN:304,(anonymous_29)
FN:305,(anonymous_30)
FN:306,(anonymous_31)
FN:307,(anonymous_32)
FN:308,(anonymous_33)
FN:309,(anonymous_34)
FN:330,(anonymous_35)
FN:331,(anonymous_36)
FN:338,(anonymous_37)
FN:344,(anonymous_38)
FN:352,(anonymous_39)
FN:356,(anonymous_40)
FN:380,(anonymous_41)
FN:381,(anonymous_42)
FN:400,(anonymous_43)
FNF:44
FNH:0
FNDA:0,(anonymous_0)
FNDA:0,(anonymous_1)
FNDA:0,(anonymous_2)
FNDA:0,(anonymous_3)
FNDA:0,(anonymous_4)
FNDA:0,(anonymous_5)
FNDA:0,(anonymous_6)
FNDA:0,(anonymous_7)
FNDA:0,(anonymous_8)
FNDA:0,(anonymous_9)
FNDA:0,(anonymous_10)
FNDA:0,(anonymous_11)
FNDA:0,(anonymous_12)
FNDA:0,(anonymous_13)
FNDA:0,(anonymous_14)
FNDA:0,(anonymous_15)
FNDA:0,(anonymous_16)
FNDA:0,(anonymous_17)
FNDA:0,(anonymous_18)
FNDA:0,(anonymous_19)
FNDA:0,(anonymous_20)
FNDA:0,(anonymous_21)
FNDA:0,(anonymous_22)
FNDA:0,(anonymous_23)
FNDA:0,(anonymous_24)
FNDA:0,(anonymous_25)
FNDA:0,(anonymous_26)
FNDA:0,(anonymous_27)
FNDA:0,(anonymous_28)
FNDA:0,(anonymous_29)
FNDA:0,(anonymous_30)
FNDA:0,(anonymous_31)
FNDA:0,(anonymous_32)
FNDA:0,(anonymous_33)
FNDA:0,(anonymous_34)
FNDA:0,(anonymous_35)
FNDA:0,(anonymous_36)
FNDA:0,(anonymous_37)
FNDA:0,(anonymous_38)
FNDA:0,(anonymous_39)
FNDA:0,(anonymous_40)
FNDA:0,(anonymous_41)
FNDA:0,(anonymous_42)
FNDA:0,(anonymous_43)
DA:6,0
DA:38,0
DA:49,0
DA:51,0
DA:52,0
DA:53,0
DA:55,0
DA:56,0
DA:64,0
DA:65,0
DA:66,0
DA:68,0
DA:69,0
DA:74,0
DA:76,0
DA:78,0
DA:79,0
DA:81,0
DA:83,0
DA:84,0
DA:85,0
DA:86,0
DA:89,0
DA:90,0
DA:95,0
DA:96,0
DA:100,0
DA:102,0
DA:103,0
DA:105,0
DA:106,0
DA:110,0
DA:115,0
DA:117,0
DA:118,0
DA:119,0
DA:120,0
DA:122,0
DA:126,0
DA:128,0
DA:129,0
DA:131,0
DA:132,0
DA:136,0
DA:141,0
DA:143,0
DA:145,0
DA:146,0
DA:148,0
DA:149,0
DA:150,0
DA:153,0
DA:159,0
DA:161,0
DA:162,0
DA:163,0
DA:165,0
DA:166,0
DA:168,0
DA:169,0
DA:173,0
DA:178,0
DA:180,0
DA:181,0
DA:184,0
DA:185,0
DA:187,0
DA:188,0
DA:189,0
DA:190,0
DA:193,0
DA:199,0
DA:201,0
DA:203,0
DA:204,0
DA:207,0
DA:209,0
DA:210,0
DA:212,0
DA:213,0
DA:217,0
DA:222,0
DA:226,0
DA:230,0
DA:234,0
DA:238,0
DA:242,0
DA:246,0
DA:248,0
DA:251,0
DA:252,0
DA:253,0
DA:254,0
DA:260,0
DA:261,0
DA:265,0
DA:266,0
DA:268,0
DA:270,0
DA:271,0
DA:273,0
DA:274,0
DA:276,0
DA:277,0
DA:278,0
DA:279,0
DA:282,0
DA:285,0
DA:289,0
DA:290,0
DA:294,0
DA:295,0
DA:300,0
DA:302,0
DA:303,0
DA:304,0
DA:305,0
DA:306,0
DA:307,0
DA:308,0
DA:309,0
DA:327,0
DA:330,0
DA:331,0
DA:332,0
DA:334,0
DA:338,0
DA:339,0
DA:342,0
DA:343,0
DA:344,0
DA:345,0
DA:351,0
DA:352,0
DA:356,0
DA:357,0
DA:359,0
DA:361,0
DA:362,0
DA:364,0
DA:365,0
DA:367,0
DA:368,0
DA:369,0
DA:370,0
DA:373,0
DA:376,0
DA:380,0
DA:381,0
DA:384,0
DA:400,0
LF:151
LH:0
BRDA:83,0,0,0
BRDA:83,0,1,0
BRDA:95,1,0,0
BRDA:95,1,1,0
BRDA:119,2,0,0
BRDA:119,2,1,0
BRDA:122,3,0,0
BRDA:122,3,1,0
BRDA:148,4,0,0
BRDA:148,4,1,0
BRDA:159,5,0,0
BRDA:159,5,1,0
BRDA:187,6,0,0
BRDA:187,6,1,0
BRDA:201,7,0,0
BRDA:201,7,1,0
BRDA:251,8,0,0
BRDA:251,8,1,0
BRDA:254,9,0,0
BRDA:254,9,1,0
BRDA:260,10,0,0
BRDA:260,10,1,0
BRDA:268,11,0,0
BRDA:268,11,1,0
BRDA:268,11,2,0
BRDA:276,12,0,0
BRDA:276,12,1,0
BRDA:277,13,0,0
BRDA:277,13,1,0
BRDA:282,14,0,0
BRDA:282,14,1,0
BRDA:342,15,0,0
BRDA:342,15,1,0
BRDA:345,16,0,0
BRDA:345,16,1,0
BRDA:351,17,0,0
BRDA:351,17,1,0
BRDA:359,18,0,0
BRDA:359,18,1,0
BRDA:359,18,2,0
BRDA:367,19,0,0
BRDA:367,19,1,0
BRDA:368,20,0,0
BRDA:368,20,1,0
BRDA:373,21,0,0
BRDA:373,21,1,0
BRF:46
BRH:0
end_of_record
TN:
SF:src/types/category.ts
FNF:0
FNH:0
LF:0
LH:0
BRF:0
BRH:0
end_of_record
TN:
SF:src/types/expo-module-scripts.d.ts
FNF:0
FNH:0
LF:0
LH:0
BRF:0
BRH:0
end_of_record
TN:
SF:src/types/index.ts
FNF:0
FNH:0
LF:0
LH:0
BRF:0
BRH:0
end_of_record
TN:
SF:src/types/item.ts
FNF:0
FNH:0
LF:0
LH:0
BRF:0
BRH:0
end_of_record
TN:
SF:src/types/transaction.ts
FNF:0
FNH:0
LF:0
LH:0
BRF:0
BRH:0
end_of_record
TN:
SF:src/types/user.ts
FNF:0
FNH:0
LF:0
LH:0
BRF:0
BRH:0
end_of_record
TN:
SF:src/utils/crypto.ts
FN:3,(anonymous_0)
FN:8,(anonymous_1)
FNF:2
FNH:0
FNDA:0,(anonymous_0)
FNDA:0,(anonymous_1)
DA:3,0
DA:5,0
DA:8,0
DA:9,0
LF:4
LH:0
BRF:0
BRH:0
end_of_record
TN:
SF:src/utils/csvExport.ts
FN:6,(anonymous_0)
FN:15,(anonymous_1)
FN:29,(anonymous_2)
FN:45,(anonymous_3)
FN:66,(anonymous_4)
FN:72,(anonymous_5)
FN:92,(anonymous_6)
FN:98,(anonymous_7)
FN:113,(anonymous_8)
FN:130,(anonymous_9)
FN:175,(anonymous_10)
FNF:11
FNH:0
FNDA:0,(anonymous_0)
FNDA:0,(anonymous_1)
FNDA:0,(anonymous_2)
FNDA:0,(anonymous_3)
FNDA:0,(anonymous_4)
FNDA:0,(anonymous_5)
FNDA:0,(anonymous_6)
FNDA:0,(anonymous_7)
FNDA:0,(anonymous_8)
FNDA:0,(anonymous_9)
FNDA:0,(anonymous_10)
DA:6,0
DA:7,0
DA:8,0
DA:11,0
DA:15,0
DA:16,0
DA:17,0
DA:18,0
DA:19,0
DA:21,0
DA:29,0
DA:33,0
DA:35,0
DA:45,0
DA:46,0
DA:47,0
DA:51,0
DA:62,0
DA:66,0
DA:69,0
DA:72,0
DA:77,0
DA:91,0
DA:92,0
DA:96,0
DA:98,0
DA:99,0
DA:100,0
DA:102,0
DA:103,0
DA:106,0
DA:107,0
DA:108,0
DA:109,0
DA:110,0
DA:113,0
DA:114,0
DA:115,0
DA:118,0
DA:120,0
DA:121,0
DA:126,0
DA:130,0
DA:131,0
DA:132,0
DA:135,0
DA:137,0
DA:138,0
DA:141,0
DA:142,0
DA:143,0
DA:145,0
DA:149,0
DA:152,0
DA:154,0
DA:155,0
DA:156,0
DA:159,0
DA:164,0
DA:166,0
DA:168,0
DA:175,0
DA:176,0
DA:177,0
DA:179,0
DA:183,0
DA:186,0
DA:189,0
DA:190,0
LF:69
LH:0
BRDA:7,0,0,0
BRDA:7,0,1,0
BRDA:11,1,0,0
BRDA:11,1,1,0
BRDA:16,2,0,0
BRDA:16,2,1,0
BRDA:16,3,0,0
BRDA:16,3,1,0
BRDA:18,4,0,0
BRDA:18,4,1,0
BRDA:18,5,0,0
BRDA:18,5,1,0
BRDA:18,5,2,0
BRDA:31,6,0,0
BRDA:33,7,0,0
BRDA:33,8,0,0
BRDA:47,9,0,0
BRDA:47,9,1,0
BRDA:63,10,0,0
BRDA:63,10,1,0
BRDA:82,11,0,0
BRDA:82,11,1,0
BRDA:83,12,0,0
BRDA:83,12,1,0
BRDA:84,13,0,0
BRDA:84,13,1,0
BRDA:85,14,0,0
BRDA:85,14,1,0
BRDA:86,15,0,0
BRDA:86,15,1,0
BRDA:87,16,0,0
BRDA:87,16,1,0
BRDA:88,17,0,0
BRDA:88,17,1,0
BRDA:99,18,0,0
BRDA:99,18,1,0
BRDA:131,19,0,0
BRDA:131,19,1,0
BRDA:141,20,0,0
BRDA:141,20,1,0
BRDA:166,21,0,0
BRDA:166,21,1,0
BRDA:192,22,0,0
BRDA:192,22,1,0
BRF:44
BRH:0
end_of_record
TN:
SF:src/utils/eventEmitter.ts
FN:7,(anonymous_0)
FN:16,(anonymous_1)
FN:24,(anonymous_2)
FN:27,(anonymous_3)
FN:31,(anonymous_4)
FNF:5
FNH:0
FNDA:0,(anonymous_0)
FNDA:0,(anonymous_1)
FNDA:0,(anonymous_2)
FNDA:0,(anonymous_3)
FNDA:0,(anonymous_4)
DA:5,1
DA:8,0
DA:9,0
DA:12,0
DA:13,0
DA:16,0
DA:17,0
DA:18,0
DA:19,0
DA:25,0
DA:26,0
DA:27,0
DA:32,0
DA:34,0
DA:36,0
DA:37,0
DA:40,0
DA:41,0
DA:42,0
DA:43,0
DA:46,0
DA:47,0
DA:52,1
LF:23
LH:2
BRDA:8,0,0,0
BRDA:8,0,1,0
BRDA:18,1,0,0
BRDA:18,1,1,0
BRDA:26,2,0,0
BRDA:26,2,1,0
BRDA:32,3,0,0
BRDA:32,3,1,0
BRDA:34,4,0,0
BRDA:34,4,1,0
BRDA:42,5,0,0
BRDA:42,5,1,0
BRDA:46,6,0,0
BRDA:46,6,1,0
BRF:14
BRH:0
end_of_record
TN:
SF:src/utils/index.ts
FNF:0
FNH:0
LF:0
LH:0
BRF:0
BRH:0
end_of_record
TN:
SF:src/utils/permissions.tsx
FN:61,(anonymous_0)
FN:65,(anonymous_1)
FN:69,(anonymous_2)
FN:72,(anonymous_3)
FN:76,(anonymous_4)
FN:80,(anonymous_5)
FN:84,(anonymous_6)
FN:99,(anonymous_7)
FN:102,(anonymous_8)
FN:107,(anonymous_9)
FN:112,(anonymous_10)
FNF:11
FNH:2
FNDA:0,(anonymous_0)
FNDA:0,(anonymous_1)
FNDA:0,(anonymous_2)
FNDA:0,(anonymous_3)
FNDA:0,(anonymous_4)
FNDA:0,(anonymous_5)
FNDA:0,(anonymous_6)
FNDA:4,(anonymous_7)
FNDA:0,(anonymous_8)
FNDA:4,(anonymous_9)
FNDA:0,(anonymous_10)
DA:6,1
DA:34,1
DA:61,1
DA:62,0
DA:65,1
DA:69,0
DA:72,1
DA:76,0
DA:80,1
DA:84,0
DA:85,0
DA:87,0
DA:88,0
DA:91,0
DA:94,0
DA:95,0
DA:99,1
DA:100,4
DA:102,4
DA:103,0
DA:104,0
DA:107,4
DA:108,4
DA:109,0
DA:112,4
DA:113,0
DA:114,0
DA:117,4
LF:28
LH:13
BRDA:87,0,0,0
BRDA:87,0,1,0
BRDA:87,1,0,0
BRDA:87,1,1,0
BRDA:94,2,0,0
BRDA:94,2,1,0
BRDA:103,3,0,0
BRDA:103,3,1,0
BRDA:103,4,0,0
BRDA:103,4,1,0
BRDA:108,5,0,4
BRDA:108,5,1,0
BRDA:108,6,0,4
BRDA:108,6,1,4
BRDA:113,7,0,0
BRDA:113,7,1,0
BRDA:113,8,0,0
BRDA:113,8,1,0
BRF:18
BRH:3
end_of_record
TN:
SF:web/index.js
FNF:0
FNH:0
DA:7,0
LF:1
LH:0
BRF:0
BRH:0
end_of_record
